{"C:\\Users\\HASEE\\Desktop\\z-1111\\CMPT276\\public\\src\\Layout.js": {"path":"C:\\Users\\HASEE\\Desktop\\z-1111\\CMPT276\\public\\src\\Layout.js","statementMap":{"0":{"start":{"line":5,"column":15},"end":{"line":13,"column":1}},"1":{"start":{"line":6,"column":17},"end":{"line":6,"column":26}},"2":{"start":{"line":7,"column":4},"end":{"line":12,"column":5}}},"fnMap":{"0":{"name":"(anonymous_0)","decl":{"start":{"line":5,"column":15},"end":{"line":5,"column":16}},"loc":{"start":{"line":5,"column":26},"end":{"line":13,"column":1}},"line":5}},"branchMap":{},"s":{"0":7,"1":8,"2":8},"f":{"0":8},"b":{},"_coverageSchema":"43e27e138ebf9cfc5966b082cf9a028302ed4184","hash":"9a3f47da80e1432edaf6f8d61999b522ce252593"}
,"C:\\Users\\HASEE\\Desktop\\z-1111\\CMPT276\\public\\src\\Router.js": {"path":"C:\\Users\\HASEE\\Desktop\\z-1111\\CMPT276\\public\\src\\Router.js","statementMap":{"0":{"start":{"line":12,"column":15},"end":{"line":25,"column":1}},"1":{"start":{"line":13,"column":4},"end":{"line":24,"column":20}}},"fnMap":{"0":{"name":"(anonymous_0)","decl":{"start":{"line":12,"column":15},"end":{"line":12,"column":16}},"loc":{"start":{"line":13,"column":4},"end":{"line":24,"column":20}},"line":13}},"branchMap":{},"s":{"0":1,"1":1},"f":{"0":1},"b":{},"_coverageSchema":"43e27e138ebf9cfc5966b082cf9a028302ed4184","hash":"535ae214cfef37236ee6c2146e009f7933d7a479"}
,"C:\\Users\\HASEE\\Desktop\\z-1111\\CMPT276\\public\\src\\components\\Checkout.js": {"path":"C:\\Users\\HASEE\\Desktop\\z-1111\\CMPT276\\public\\src\\components\\Checkout.js","statementMap":{"0":{"start":{"line":6,"column":17},"end":{"line":56,"column":1}},"1":{"start":{"line":7,"column":34},"end":{"line":7,"column":46}},"2":{"start":{"line":8,"column":36},"end":{"line":8,"column":51}},"3":{"start":{"line":9,"column":31},"end":{"line":9,"column":43}},"4":{"start":{"line":11,"column":8},"end":{"line":11,"column":22}},"5":{"start":{"line":14,"column":8},"end":{"line":14,"column":23}},"6":{"start":{"line":17,"column":8},"end":{"line":17,"column":21}},"7":{"start":{"line":19,"column":4},"end":{"line":54,"column":5}},"8":{"start":{"line":29,"column":28},"end":{"line":36,"column":29}}},"fnMap":{"0":{"name":"(anonymous_0)","decl":{"start":{"line":6,"column":17},"end":{"line":6,"column":18}},"loc":{"start":{"line":6,"column":69},"end":{"line":56,"column":1}},"line":6},"1":{"name":"updateAddress","decl":{"start":{"line":10,"column":13},"end":{"line":10,"column":26}},"loc":{"start":{"line":10,"column":29},"end":{"line":12,"column":5}},"line":10},"2":{"name":"updateSelected","decl":{"start":{"line":13,"column":13},"end":{"line":13,"column":27}},"loc":{"start":{"line":13,"column":31},"end":{"line":15,"column":5}},"line":13},"3":{"name":"updateLatLng","decl":{"start":{"line":16,"column":13},"end":{"line":16,"column":25}},"loc":{"start":{"line":16,"column":29},"end":{"line":18,"column":5}},"line":16},"4":{"name":"(anonymous_4)","decl":{"start":{"line":28,"column":37},"end":{"line":28,"column":38}},"loc":{"start":{"line":28,"column":45},"end":{"line":37,"column":25}},"line":28}},"branchMap":{"0":{"loc":{"start":{"line":51,"column":116},"end":{"line":51,"column":139}},"type":"cond-expr","locations":[{"start":{"line":51,"column":127},"end":{"line":51,"column":132}},{"start":{"line":51,"column":135},"end":{"line":51,"column":139}}],"line":51}},"s":{"0":3,"1":2,"2":2,"3":2,"4":0,"5":0,"6":0,"7":2,"8":0},"f":{"0":2,"1":0,"2":0,"3":0,"4":0},"b":{"0":[0,2]},"_coverageSchema":"43e27e138ebf9cfc5966b082cf9a028302ed4184","hash":"3510c6bda9f21d0a8a2a92965478c0a028ca755e"}
,"C:\\Users\\HASEE\\Desktop\\z-1111\\CMPT276\\public\\src\\components\\Driver.js": {"path":"C:\\Users\\HASEE\\Desktop\\z-1111\\CMPT276\\public\\src\\components\\Driver.js","statementMap":{"0":{"start":{"line":12,"column":8},"end":{"line":12,"column":21}},"1":{"start":{"line":13,"column":8},"end":{"line":23,"column":9}},"2":{"start":{"line":24,"column":8},"end":{"line":24,"column":29}},"3":{"start":{"line":26,"column":20},"end":{"line":38,"column":5}},"4":{"start":{"line":27,"column":8},"end":{"line":37,"column":9}},"5":{"start":{"line":28,"column":10},"end":{"line":36,"column":13}},"6":{"start":{"line":29,"column":22},"end":{"line":32,"column":13}},"7":{"start":{"line":33,"column":12},"end":{"line":35,"column":14}},"8":{"start":{"line":39,"column":19},"end":{"line":43,"column":5}},"9":{"start":{"line":40,"column":8},"end":{"line":42,"column":10}},"10":{"start":{"line":44,"column":17},"end":{"line":48,"column":5}},"11":{"start":{"line":45,"column":8},"end":{"line":47,"column":10}},"12":{"start":{"line":49,"column":19},"end":{"line":53,"column":5}},"13":{"start":{"line":50,"column":8},"end":{"line":52,"column":10}},"14":{"start":{"line":54,"column":18},"end":{"line":58,"column":5}},"15":{"start":{"line":55,"column":8},"end":{"line":57,"column":10}},"16":{"start":{"line":60,"column":8},"end":{"line":67,"column":10}},"17":{"start":{"line":61,"column":12},"end":{"line":63,"column":14}},"18":{"start":{"line":64,"column":12},"end":{"line":66,"column":13}},"19":{"start":{"line":65,"column":16},"end":{"line":65,"column":67}},"20":{"start":{"line":70,"column":8},"end":{"line":106,"column":9}},"21":{"start":{"line":75,"column":20},"end":{"line":90,"column":21}}},"fnMap":{"0":{"name":"(anonymous_0)","decl":{"start":{"line":11,"column":4},"end":{"line":11,"column":5}},"loc":{"start":{"line":11,"column":23},"end":{"line":25,"column":5}},"line":11},"1":{"name":"(anonymous_1)","decl":{"start":{"line":26,"column":20},"end":{"line":26,"column":21}},"loc":{"start":{"line":26,"column":26},"end":{"line":38,"column":5}},"line":26},"2":{"name":"(anonymous_2)","decl":{"start":{"line":28,"column":51},"end":{"line":28,"column":52}},"loc":{"start":{"line":28,"column":63},"end":{"line":36,"column":11}},"line":28},"3":{"name":"(anonymous_3)","decl":{"start":{"line":39,"column":19},"end":{"line":39,"column":20}},"loc":{"start":{"line":39,"column":24},"end":{"line":43,"column":5}},"line":39},"4":{"name":"(anonymous_4)","decl":{"start":{"line":44,"column":17},"end":{"line":44,"column":18}},"loc":{"start":{"line":44,"column":23},"end":{"line":48,"column":5}},"line":44},"5":{"name":"(anonymous_5)","decl":{"start":{"line":49,"column":19},"end":{"line":49,"column":20}},"loc":{"start":{"line":49,"column":27},"end":{"line":53,"column":5}},"line":49},"6":{"name":"(anonymous_6)","decl":{"start":{"line":54,"column":18},"end":{"line":54,"column":19}},"loc":{"start":{"line":54,"column":24},"end":{"line":58,"column":5}},"line":54},"7":{"name":"(anonymous_7)","decl":{"start":{"line":59,"column":4},"end":{"line":59,"column":5}},"loc":{"start":{"line":59,"column":24},"end":{"line":68,"column":5}},"line":59},"8":{"name":"(anonymous_8)","decl":{"start":{"line":60,"column":52},"end":{"line":60,"column":53}},"loc":{"start":{"line":60,"column":60},"end":{"line":67,"column":9}},"line":60},"9":{"name":"(anonymous_9)","decl":{"start":{"line":69,"column":4},"end":{"line":69,"column":5}},"loc":{"start":{"line":69,"column":13},"end":{"line":107,"column":5}},"line":69},"10":{"name":"(anonymous_10)","decl":{"start":{"line":74,"column":39},"end":{"line":74,"column":40}},"loc":{"start":{"line":74,"column":51},"end":{"line":91,"column":17}},"line":74}},"branchMap":{"0":{"loc":{"start":{"line":27,"column":8},"end":{"line":37,"column":9}},"type":"if","locations":[{"start":{"line":27,"column":8},"end":{"line":37,"column":9}},{"start":{"line":27,"column":8},"end":{"line":37,"column":9}}],"line":27}},"s":{"0":1,"1":1,"2":1,"3":1,"4":1,"5":0,"6":0,"7":0,"8":1,"9":0,"10":1,"11":0,"12":1,"13":0,"14":1,"15":0,"16":1,"17":0,"18":0,"19":0,"20":1,"21":0},"f":{"0":1,"1":1,"2":0,"3":0,"4":0,"5":0,"6":0,"7":1,"8":0,"9":1,"10":0},"b":{"0":[0,1]},"_coverageSchema":"43e27e138ebf9cfc5966b082cf9a028302ed4184","hash":"656e2f40c88c287d7065625f99895ad6259a72cc"}
,"C:\\Users\\HASEE\\Desktop\\z-1111\\CMPT276\\public\\src\\components\\GoogleMaps.js": {"path":"C:\\Users\\HASEE\\Desktop\\z-1111\\CMPT276\\public\\src\\components\\GoogleMaps.js","statementMap":{"0":{"start":{"line":8,"column":8},"end":{"line":8,"column":21}},"1":{"start":{"line":9,"column":8},"end":{"line":14,"column":9}},"2":{"start":{"line":17,"column":6},"end":{"line":19,"column":8}},"3":{"start":{"line":23,"column":6},"end":{"line":25,"column":7}},"4":{"start":{"line":24,"column":8},"end":{"line":24,"column":48}},"5":{"start":{"line":26,"column":6},"end":{"line":30,"column":7}},"6":{"start":{"line":27,"column":8},"end":{"line":29,"column":10}},"7":{"start":{"line":31,"column":6},"end":{"line":36,"column":7}},"8":{"start":{"line":32,"column":8},"end":{"line":32,"column":48}},"9":{"start":{"line":33,"column":8},"end":{"line":35,"column":10}},"10":{"start":{"line":38,"column":23},"end":{"line":62,"column":5}},"11":{"start":{"line":39,"column":25},"end":{"line":39,"column":62}},"12":{"start":{"line":40,"column":6},"end":{"line":40,"column":32}},"13":{"start":{"line":41,"column":6},"end":{"line":41,"column":32}},"14":{"start":{"line":42,"column":6},"end":{"line":44,"column":8}},"15":{"start":{"line":45,"column":6},"end":{"line":45,"column":39}},"16":{"start":{"line":46,"column":6},"end":{"line":61,"column":9}},"17":{"start":{"line":51,"column":8},"end":{"line":60,"column":9}},"18":{"start":{"line":52,"column":10},"end":{"line":54,"column":13}},"19":{"start":{"line":56,"column":10},"end":{"line":58,"column":13}},"20":{"start":{"line":65,"column":8},"end":{"line":78,"column":9}},"21":{"start":{"line":67,"column":28},"end":{"line":67,"column":43}},"22":{"start":{"line":73,"column":16},"end":{"line":73,"column":54}},"23":{"start":{"line":81,"column":18},"end":{"line":84,"column":3}}},"fnMap":{"0":{"name":"(anonymous_0)","decl":{"start":{"line":7,"column":4},"end":{"line":7,"column":5}},"loc":{"start":{"line":7,"column":23},"end":{"line":15,"column":5}},"line":7},"1":{"name":"(anonymous_1)","decl":{"start":{"line":16,"column":4},"end":{"line":16,"column":5}},"loc":{"start":{"line":16,"column":23},"end":{"line":20,"column":5}},"line":16},"2":{"name":"(anonymous_2)","decl":{"start":{"line":21,"column":4},"end":{"line":21,"column":5}},"loc":{"start":{"line":21,"column":45},"end":{"line":37,"column":5}},"line":21},"3":{"name":"(anonymous_3)","decl":{"start":{"line":38,"column":23},"end":{"line":38,"column":24}},"loc":{"start":{"line":38,"column":30},"end":{"line":62,"column":5}},"line":38},"4":{"name":"(anonymous_4)","decl":{"start":{"line":50,"column":9},"end":{"line":50,"column":10}},"loc":{"start":{"line":50,"column":29},"end":{"line":61,"column":7}},"line":50},"5":{"name":"(anonymous_5)","decl":{"start":{"line":64,"column":4},"end":{"line":64,"column":5}},"loc":{"start":{"line":64,"column":13},"end":{"line":79,"column":5}},"line":64},"6":{"name":"(anonymous_6)","decl":{"start":{"line":67,"column":17},"end":{"line":67,"column":18}},"loc":{"start":{"line":67,"column":26},"end":{"line":67,"column":45}},"line":67},"7":{"name":"(anonymous_7)","decl":{"start":{"line":72,"column":35},"end":{"line":72,"column":36}},"loc":{"start":{"line":72,"column":40},"end":{"line":74,"column":13}},"line":72}},"branchMap":{"0":{"loc":{"start":{"line":23,"column":6},"end":{"line":25,"column":7}},"type":"if","locations":[{"start":{"line":23,"column":6},"end":{"line":25,"column":7}},{"start":{"line":23,"column":6},"end":{"line":25,"column":7}}],"line":23},"1":{"loc":{"start":{"line":26,"column":6},"end":{"line":30,"column":7}},"type":"if","locations":[{"start":{"line":26,"column":6},"end":{"line":30,"column":7}},{"start":{"line":26,"column":6},"end":{"line":30,"column":7}}],"line":26},"2":{"loc":{"start":{"line":31,"column":6},"end":{"line":36,"column":7}},"type":"if","locations":[{"start":{"line":31,"column":6},"end":{"line":36,"column":7}},{"start":{"line":31,"column":6},"end":{"line":36,"column":7}}],"line":31},"3":{"loc":{"start":{"line":51,"column":8},"end":{"line":60,"column":9}},"type":"if","locations":[{"start":{"line":51,"column":8},"end":{"line":60,"column":9}},{"start":{"line":51,"column":8},"end":{"line":60,"column":9}}],"line":51},"4":{"loc":{"start":{"line":75,"column":13},"end":{"line":75,"column":95}},"type":"binary-expr","locations":[{"start":{"line":75,"column":13},"end":{"line":75,"column":34}},{"start":{"line":75,"column":38},"end":{"line":75,"column":95}}],"line":75},"5":{"loc":{"start":{"line":76,"column":13},"end":{"line":76,"column":82}},"type":"binary-expr","locations":[{"start":{"line":76,"column":13},"end":{"line":76,"column":31}},{"start":{"line":76,"column":35},"end":{"line":76,"column":82}}],"line":76}},"s":{"0":0,"1":0,"2":0,"3":0,"4":0,"5":0,"6":0,"7":0,"8":0,"9":0,"10":0,"11":0,"12":0,"13":0,"14":0,"15":0,"16":0,"17":0,"18":0,"19":0,"20":0,"21":0,"22":0,"23":3},"f":{"0":0,"1":0,"2":0,"3":0,"4":0,"5":0,"6":0,"7":0},"b":{"0":[0,0],"1":[0,0],"2":[0,0],"3":[0,0],"4":[0,0],"5":[0,0]},"_coverageSchema":"43e27e138ebf9cfc5966b082cf9a028302ed4184","hash":"4262f8a3ec72b2f97e334d42eac6df769b08a98f"}
,"C:\\Users\\HASEE\\Desktop\\z-1111\\CMPT276\\public\\src\\components\\Header.js": {"path":"C:\\Users\\HASEE\\Desktop\\z-1111\\CMPT276\\public\\src\\components\\Header.js","statementMap":{"0":{"start":{"line":7,"column":15},"end":{"line":56,"column":1}},"1":{"start":{"line":9,"column":22},"end":{"line":29,"column":5}},"2":{"start":{"line":10,"column":8},"end":{"line":28,"column":10}},"3":{"start":{"line":15,"column":16},"end":{"line":17,"column":17}},"4":{"start":{"line":16,"column":20},"end":{"line":16,"column":44}},"5":{"start":{"line":18,"column":16},"end":{"line":20,"column":17}},"6":{"start":{"line":19,"column":20},"end":{"line":19,"column":52}},"7":{"start":{"line":21,"column":16},"end":{"line":23,"column":17}},"8":{"start":{"line":22,"column":20},"end":{"line":22,"column":52}},"9":{"start":{"line":24,"column":16},"end":{"line":26,"column":17}},"10":{"start":{"line":25,"column":20},"end":{"line":25,"column":55}},"11":{"start":{"line":31,"column":4},"end":{"line":55,"column":5}}},"fnMap":{"0":{"name":"(anonymous_0)","decl":{"start":{"line":7,"column":15},"end":{"line":7,"column":16}},"loc":{"start":{"line":7,"column":26},"end":{"line":56,"column":1}},"line":7},"1":{"name":"(anonymous_1)","decl":{"start":{"line":9,"column":22},"end":{"line":9,"column":23}},"loc":{"start":{"line":9,"column":28},"end":{"line":29,"column":5}},"line":9},"2":{"name":"(anonymous_2)","decl":{"start":{"line":14,"column":18},"end":{"line":14,"column":19}},"loc":{"start":{"line":14,"column":26},"end":{"line":27,"column":13}},"line":14}},"branchMap":{"0":{"loc":{"start":{"line":15,"column":16},"end":{"line":17,"column":17}},"type":"if","locations":[{"start":{"line":15,"column":16},"end":{"line":17,"column":17}},{"start":{"line":15,"column":16},"end":{"line":17,"column":17}}],"line":15},"1":{"loc":{"start":{"line":18,"column":16},"end":{"line":20,"column":17}},"type":"if","locations":[{"start":{"line":18,"column":16},"end":{"line":20,"column":17}},{"start":{"line":18,"column":16},"end":{"line":20,"column":17}}],"line":18},"2":{"loc":{"start":{"line":21,"column":16},"end":{"line":23,"column":17}},"type":"if","locations":[{"start":{"line":21,"column":16},"end":{"line":23,"column":17}},{"start":{"line":21,"column":16},"end":{"line":23,"column":17}}],"line":21},"3":{"loc":{"start":{"line":24,"column":16},"end":{"line":26,"column":17}},"type":"if","locations":[{"start":{"line":24,"column":16},"end":{"line":26,"column":17}},{"start":{"line":24,"column":16},"end":{"line":26,"column":17}}],"line":24},"4":{"loc":{"start":{"line":38,"column":28},"end":{"line":38,"column":72}},"type":"cond-expr","locations":[{"start":{"line":38,"column":52},"end":{"line":38,"column":64}},{"start":{"line":38,"column":67},"end":{"line":38,"column":72}}],"line":38},"5":{"loc":{"start":{"line":39,"column":18},"end":{"line":51,"column":17}},"type":"cond-expr","locations":[{"start":{"line":40,"column":20},"end":{"line":45,"column":37}},{"start":{"line":47,"column":20},"end":{"line":50,"column":37}}],"line":39}},"s":{"0":8,"1":10,"2":2,"3":0,"4":0,"5":0,"6":0,"7":0,"8":0,"9":0,"10":0,"11":10},"f":{"0":10,"1":2,"2":0},"b":{"0":[0,0],"1":[0,0],"2":[0,0],"3":[0,0],"4":[2,8],"5":[1,9]},"_coverageSchema":"43e27e138ebf9cfc5966b082cf9a028302ed4184","hash":"d9397e06e63367904321629c7a5589876ec98ac5"}
,"C:\\Users\\HASEE\\Desktop\\z-1111\\CMPT276\\public\\src\\components\\LocationSearchInput.js": {"path":"C:\\Users\\HASEE\\Desktop\\z-1111\\CMPT276\\public\\src\\components\\LocationSearchInput.js","statementMap":{"0":{"start":{"line":6,"column":4},"end":{"line":6,"column":17}},"1":{"start":{"line":7,"column":4},"end":{"line":9,"column":8}},"2":{"start":{"line":12,"column":17},"end":{"line":15,"column":3}},"3":{"start":{"line":13,"column":4},"end":{"line":13,"column":31}},"4":{"start":{"line":14,"column":4},"end":{"line":14,"column":35}},"5":{"start":{"line":16,"column":17},"end":{"line":18,"column":3}},"6":{"start":{"line":17,"column":4},"end":{"line":17,"column":34}},"7":{"start":{"line":19,"column":17},"end":{"line":22,"column":3}},"8":{"start":{"line":20,"column":4},"end":{"line":20,"column":31}},"9":{"start":{"line":21,"column":4},"end":{"line":21,"column":31}},"10":{"start":{"line":24,"column":17},"end":{"line":32,"column":3}},"11":{"start":{"line":25,"column":4},"end":{"line":25,"column":31}},"12":{"start":{"line":26,"column":4},"end":{"line":26,"column":31}},"13":{"start":{"line":27,"column":4},"end":{"line":27,"column":24}},"14":{"start":{"line":28,"column":4},"end":{"line":31,"column":53}},"15":{"start":{"line":29,"column":23},"end":{"line":29,"column":44}},"16":{"start":{"line":30,"column":22},"end":{"line":30,"column":53}},"17":{"start":{"line":31,"column":22},"end":{"line":31,"column":51}},"18":{"start":{"line":35,"column":4},"end":{"line":81,"column":6}},"19":{"start":{"line":42,"column":10},"end":{"line":76,"column":16}},"20":{"start":{"line":57,"column":34},"end":{"line":59,"column":37}},"21":{"start":{"line":61,"column":30},"end":{"line":63,"column":69}},"22":{"start":{"line":64,"column":16},"end":{"line":73,"column":18}}},"fnMap":{"0":{"name":"(anonymous_0)","decl":{"start":{"line":5,"column":2},"end":{"line":5,"column":3}},"loc":{"start":{"line":5,"column":21},"end":{"line":10,"column":3}},"line":5},"1":{"name":"(anonymous_1)","decl":{"start":{"line":12,"column":17},"end":{"line":12,"column":18}},"loc":{"start":{"line":12,"column":28},"end":{"line":15,"column":3}},"line":12},"2":{"name":"(anonymous_2)","decl":{"start":{"line":16,"column":17},"end":{"line":16,"column":18}},"loc":{"start":{"line":16,"column":23},"end":{"line":18,"column":3}},"line":16},"3":{"name":"(anonymous_3)","decl":{"start":{"line":19,"column":17},"end":{"line":19,"column":18}},"loc":{"start":{"line":19,"column":28},"end":{"line":22,"column":3}},"line":19},"4":{"name":"(anonymous_4)","decl":{"start":{"line":24,"column":17},"end":{"line":24,"column":18}},"loc":{"start":{"line":24,"column":28},"end":{"line":32,"column":3}},"line":24},"5":{"name":"(anonymous_5)","decl":{"start":{"line":29,"column":12},"end":{"line":29,"column":13}},"loc":{"start":{"line":29,"column":23},"end":{"line":29,"column":44}},"line":29},"6":{"name":"(anonymous_6)","decl":{"start":{"line":30,"column":12},"end":{"line":30,"column":13}},"loc":{"start":{"line":30,"column":22},"end":{"line":30,"column":53}},"line":30},"7":{"name":"(anonymous_7)","decl":{"start":{"line":31,"column":13},"end":{"line":31,"column":14}},"loc":{"start":{"line":31,"column":22},"end":{"line":31,"column":51}},"line":31},"8":{"name":"(anonymous_8)","decl":{"start":{"line":34,"column":2},"end":{"line":34,"column":3}},"loc":{"start":{"line":34,"column":11},"end":{"line":82,"column":3}},"line":34},"9":{"name":"(anonymous_9)","decl":{"start":{"line":41,"column":9},"end":{"line":41,"column":10}},"loc":{"start":{"line":42,"column":10},"end":{"line":76,"column":16}},"line":42},"10":{"name":"(anonymous_10)","decl":{"start":{"line":56,"column":31},"end":{"line":56,"column":32}},"loc":{"start":{"line":56,"column":45},"end":{"line":74,"column":15}},"line":56}},"branchMap":{"0":{"loc":{"start":{"line":55,"column":15},"end":{"line":55,"column":47}},"type":"binary-expr","locations":[{"start":{"line":55,"column":15},"end":{"line":55,"column":22}},{"start":{"line":55,"column":26},"end":{"line":55,"column":47}}],"line":55},"1":{"loc":{"start":{"line":57,"column":34},"end":{"line":59,"column":37}},"type":"cond-expr","locations":[{"start":{"line":58,"column":20},"end":{"line":58,"column":45}},{"start":{"line":59,"column":20},"end":{"line":59,"column":37}}],"line":57},"2":{"loc":{"start":{"line":61,"column":30},"end":{"line":63,"column":69}},"type":"cond-expr","locations":[{"start":{"line":62,"column":20},"end":{"line":62,"column":69}},{"start":{"line":63,"column":20},"end":{"line":63,"column":69}}],"line":61}},"s":{"0":2,"1":2,"2":2,"3":0,"4":0,"5":2,"6":0,"7":2,"8":0,"9":0,"10":2,"11":0,"12":0,"13":0,"14":0,"15":0,"16":0,"17":0,"18":2,"19":2,"20":0,"21":0,"22":0},"f":{"0":2,"1":0,"2":0,"3":0,"4":0,"5":0,"6":0,"7":0,"8":2,"9":2,"10":0},"b":{"0":[2,0],"1":[0,0],"2":[0,0]},"_coverageSchema":"43e27e138ebf9cfc5966b082cf9a028302ed4184","hash":"d88c5b5bd1ff2eb853d1da8ebe0e1c8fbcded099"}
,"C:\\Users\\HASEE\\Desktop\\z-1111\\CMPT276\\public\\src\\components\\OrderCard.js": {"path":"C:\\Users\\HASEE\\Desktop\\z-1111\\CMPT276\\public\\src\\components\\OrderCard.js","statementMap":{"0":{"start":{"line":30,"column":8},"end":{"line":30,"column":20}},"1":{"start":{"line":32,"column":20},"end":{"line":32,"column":21}},"2":{"start":{"line":33,"column":8},"end":{"line":36,"column":9}},"3":{"start":{"line":34,"column":22},"end":{"line":34,"column":44}},"4":{"start":{"line":35,"column":10},"end":{"line":35,"column":48}},"5":{"start":{"line":37,"column":8},"end":{"line":42,"column":7}},"6":{"start":{"line":45,"column":8},"end":{"line":63,"column":9}},"7":{"start":{"line":46,"column":12},"end":{"line":62,"column":17}},"8":{"start":{"line":51,"column":16},"end":{"line":61,"column":17}},"9":{"start":{"line":52,"column":18},"end":{"line":56,"column":21}},"10":{"start":{"line":58,"column":18},"end":{"line":60,"column":21}},"11":{"start":{"line":67,"column":8},"end":{"line":86,"column":9}},"12":{"start":{"line":68,"column":12},"end":{"line":85,"column":17}},"13":{"start":{"line":73,"column":16},"end":{"line":84,"column":17}},"14":{"start":{"line":74,"column":18},"end":{"line":78,"column":21}},"15":{"start":{"line":80,"column":18},"end":{"line":82,"column":21}},"16":{"start":{"line":87,"column":8},"end":{"line":91,"column":9}},"17":{"start":{"line":88,"column":10},"end":{"line":90,"column":12}},"18":{"start":{"line":93,"column":18},"end":{"line":98,"column":5}},"19":{"start":{"line":94,"column":7},"end":{"line":97,"column":10}},"20":{"start":{"line":99,"column":17},"end":{"line":103,"column":5}},"21":{"start":{"line":100,"column":8},"end":{"line":100,"column":50}},"22":{"start":{"line":101,"column":8},"end":{"line":101,"column":32}},"23":{"start":{"line":102,"column":8},"end":{"line":102,"column":51}},"24":{"start":{"line":104,"column":13},"end":{"line":109,"column":5}},"25":{"start":{"line":105,"column":6},"end":{"line":107,"column":8}},"26":{"start":{"line":108,"column":6},"end":{"line":108,"column":31}},"27":{"start":{"line":111,"column":27},"end":{"line":111,"column":136}},"28":{"start":{"line":111,"column":74},"end":{"line":111,"column":135}},"29":{"start":{"line":113,"column":8},"end":{"line":145,"column":9}},"30":{"start":{"line":114,"column":52},"end":{"line":114,"column":102}},"31":{"start":{"line":114,"column":84},"end":{"line":114,"column":101}},"32":{"start":{"line":118,"column":28},"end":{"line":129,"column":29}},"33":{"start":{"line":140,"column":17},"end":{"line":140,"column":36}},"34":{"start":{"line":141,"column":17},"end":{"line":141,"column":35}},"35":{"start":{"line":142,"column":17},"end":{"line":142,"column":30}}},"fnMap":{"0":{"name":"(anonymous_0)","decl":{"start":{"line":29,"column":4},"end":{"line":29,"column":5}},"loc":{"start":{"line":29,"column":22},"end":{"line":43,"column":5}},"line":29},"1":{"name":"(anonymous_1)","decl":{"start":{"line":44,"column":4},"end":{"line":44,"column":5}},"loc":{"start":{"line":44,"column":23},"end":{"line":65,"column":5}},"line":44},"2":{"name":"(anonymous_2)","decl":{"start":{"line":50,"column":17},"end":{"line":50,"column":18}},"loc":{"start":{"line":50,"column":37},"end":{"line":62,"column":15}},"line":50},"3":{"name":"(anonymous_3)","decl":{"start":{"line":66,"column":4},"end":{"line":66,"column":5}},"loc":{"start":{"line":66,"column":33},"end":{"line":92,"column":5}},"line":66},"4":{"name":"(anonymous_4)","decl":{"start":{"line":72,"column":17},"end":{"line":72,"column":18}},"loc":{"start":{"line":72,"column":37},"end":{"line":85,"column":15}},"line":72},"5":{"name":"(anonymous_5)","decl":{"start":{"line":93,"column":18},"end":{"line":93,"column":19}},"loc":{"start":{"line":93,"column":24},"end":{"line":98,"column":5}},"line":93},"6":{"name":"(anonymous_6)","decl":{"start":{"line":95,"column":14},"end":{"line":95,"column":15}},"loc":{"start":{"line":95,"column":22},"end":{"line":97,"column":9}},"line":95},"7":{"name":"(anonymous_7)","decl":{"start":{"line":99,"column":17},"end":{"line":99,"column":18}},"loc":{"start":{"line":99,"column":22},"end":{"line":103,"column":5}},"line":99},"8":{"name":"(anonymous_8)","decl":{"start":{"line":104,"column":13},"end":{"line":104,"column":14}},"loc":{"start":{"line":104,"column":19},"end":{"line":109,"column":5}},"line":104},"9":{"name":"(anonymous_9)","decl":{"start":{"line":110,"column":4},"end":{"line":110,"column":5}},"loc":{"start":{"line":110,"column":13},"end":{"line":146,"column":5}},"line":110},"10":{"name":"(anonymous_10)","decl":{"start":{"line":111,"column":53},"end":{"line":111,"column":54}},"loc":{"start":{"line":111,"column":74},"end":{"line":111,"column":135}},"line":111},"11":{"name":"(anonymous_11)","decl":{"start":{"line":114,"column":47},"end":{"line":114,"column":48}},"loc":{"start":{"line":114,"column":51},"end":{"line":114,"column":103}},"line":114},"12":{"name":"(anonymous_12)","decl":{"start":{"line":117,"column":48},"end":{"line":117,"column":49}},"loc":{"start":{"line":117,"column":53},"end":{"line":130,"column":25}},"line":117},"13":{"name":"(anonymous_13)","decl":{"start":{"line":139,"column":64},"end":{"line":139,"column":65}},"loc":{"start":{"line":139,"column":68},"end":{"line":143,"column":16}},"line":139}},"branchMap":{"0":{"loc":{"start":{"line":45,"column":8},"end":{"line":63,"column":9}},"type":"if","locations":[{"start":{"line":45,"column":8},"end":{"line":63,"column":9}},{"start":{"line":45,"column":8},"end":{"line":63,"column":9}}],"line":45},"1":{"loc":{"start":{"line":51,"column":16},"end":{"line":61,"column":17}},"type":"if","locations":[{"start":{"line":51,"column":16},"end":{"line":61,"column":17}},{"start":{"line":51,"column":16},"end":{"line":61,"column":17}}],"line":51},"2":{"loc":{"start":{"line":67,"column":8},"end":{"line":86,"column":9}},"type":"if","locations":[{"start":{"line":67,"column":8},"end":{"line":86,"column":9}},{"start":{"line":67,"column":8},"end":{"line":86,"column":9}}],"line":67},"3":{"loc":{"start":{"line":73,"column":16},"end":{"line":84,"column":17}},"type":"if","locations":[{"start":{"line":73,"column":16},"end":{"line":84,"column":17}},{"start":{"line":73,"column":16},"end":{"line":84,"column":17}}],"line":73},"4":{"loc":{"start":{"line":87,"column":8},"end":{"line":91,"column":9}},"type":"if","locations":[{"start":{"line":87,"column":8},"end":{"line":91,"column":9}},{"start":{"line":87,"column":8},"end":{"line":91,"column":9}}],"line":87},"5":{"loc":{"start":{"line":111,"column":74},"end":{"line":111,"column":135}},"type":"binary-expr","locations":[{"start":{"line":111,"column":74},"end":{"line":111,"column":112}},{"start":{"line":111,"column":116},"end":{"line":111,"column":135}}],"line":111},"6":{"loc":{"start":{"line":114,"column":52},"end":{"line":114,"column":102}},"type":"if","locations":[{"start":{"line":114,"column":52},"end":{"line":114,"column":102}},{"start":{"line":114,"column":52},"end":{"line":114,"column":102}}],"line":114},"7":{"loc":{"start":{"line":135,"column":65},"end":{"line":135,"column":105}},"type":"binary-expr","locations":[{"start":{"line":135,"column":65},"end":{"line":135,"column":86}},{"start":{"line":135,"column":90},"end":{"line":135,"column":105}}],"line":135},"8":{"loc":{"start":{"line":136,"column":61},"end":{"line":136,"column":105}},"type":"binary-expr","locations":[{"start":{"line":136,"column":61},"end":{"line":136,"column":82}},{"start":{"line":136,"column":86},"end":{"line":136,"column":105}}],"line":136},"9":{"loc":{"start":{"line":143,"column":28},"end":{"line":143,"column":53}},"type":"cond-expr","locations":[{"start":{"line":143,"column":43},"end":{"line":143,"column":47}},{"start":{"line":143,"column":48},"end":{"line":143,"column":53}}],"line":143},"10":{"loc":{"start":{"line":143,"column":62},"end":{"line":143,"column":85}},"type":"cond-expr","locations":[{"start":{"line":143,"column":77},"end":{"line":143,"column":81}},{"start":{"line":143,"column":83},"end":{"line":143,"column":85}}],"line":143}},"s":{"0":1,"1":1,"2":1,"3":1,"4":1,"5":1,"6":0,"7":0,"8":0,"9":0,"10":0,"11":0,"12":0,"13":0,"14":0,"15":0,"16":0,"17":0,"18":1,"19":0,"20":1,"21":0,"22":0,"23":0,"24":1,"25":0,"26":0,"27":1,"28":4,"29":1,"30":0,"31":0,"32":1,"33":0,"34":0,"35":0},"f":{"0":1,"1":0,"2":0,"3":0,"4":0,"5":0,"6":0,"7":0,"8":0,"9":1,"10":4,"11":0,"12":1,"13":0},"b":{"0":[0,0],"1":[0,0],"2":[0,0],"3":[0,0],"4":[0,0],"5":[4,0],"6":[0,0],"7":[1,0],"8":[1,0],"9":[0,1],"10":[0,1]},"_coverageSchema":"43e27e138ebf9cfc5966b082cf9a028302ed4184","hash":"1cec5d1f2be80a12fa307dc21a5cfd9386fbdd02"}
,"C:\\Users\\HASEE\\Desktop\\z-1111\\CMPT276\\public\\src\\components\\PopupPanel.js": {"path":"C:\\Users\\HASEE\\Desktop\\z-1111\\CMPT276\\public\\src\\components\\PopupPanel.js","statementMap":{"0":{"start":{"line":6,"column":12},"end":{"line":10,"column":5}},"1":{"start":{"line":13,"column":11},"end":{"line":24,"column":5}},"2":{"start":{"line":14,"column":51},"end":{"line":14,"column":58}},"3":{"start":{"line":16,"column":21},"end":{"line":16,"column":41}},"4":{"start":{"line":18,"column":27},"end":{"line":18,"column":121}},"5":{"start":{"line":19,"column":8},"end":{"line":23,"column":10}},"6":{"start":{"line":27,"column":12},"end":{"line":32,"column":5}},"7":{"start":{"line":28,"column":8},"end":{"line":30,"column":11}},"8":{"start":{"line":31,"column":8},"end":{"line":31,"column":30}},"9":{"start":{"line":35,"column":8},"end":{"line":47,"column":9}},"10":{"start":{"line":51,"column":13},"end":{"line":51,"column":42}},"11":{"start":{"line":52,"column":0},"end":{"line":52,"column":32}},"12":{"start":{"line":55,"column":20},"end":{"line":55,"column":48}}},"fnMap":{"0":{"name":"(anonymous_0)","decl":{"start":{"line":9,"column":14},"end":{"line":9,"column":15}},"loc":{"start":{"line":9,"column":20},"end":{"line":9,"column":22}},"line":9},"1":{"name":"(anonymous_1)","decl":{"start":{"line":13,"column":11},"end":{"line":13,"column":12}},"loc":{"start":{"line":13,"column":24},"end":{"line":24,"column":5}},"line":13},"2":{"name":"(anonymous_2)","decl":{"start":{"line":27,"column":12},"end":{"line":27,"column":13}},"loc":{"start":{"line":27,"column":22},"end":{"line":32,"column":5}},"line":27},"3":{"name":"(anonymous_3)","decl":{"start":{"line":34,"column":4},"end":{"line":34,"column":5}},"loc":{"start":{"line":34,"column":13},"end":{"line":48,"column":5}},"line":34}},"branchMap":{"0":{"loc":{"start":{"line":36,"column":29},"end":{"line":36,"column":98}},"type":"cond-expr","locations":[{"start":{"line":36,"column":58},"end":{"line":36,"column":80}},{"start":{"line":36,"column":83},"end":{"line":36,"column":98}}],"line":36}},"s":{"0":10,"1":10,"2":2,"3":2,"4":2,"5":2,"6":10,"7":0,"8":0,"9":12,"10":10,"11":10,"12":10},"f":{"0":0,"1":2,"2":0,"3":12},"b":{"0":[2,10]},"_coverageSchema":"43e27e138ebf9cfc5966b082cf9a028302ed4184","hash":"3d7dcfadde0d0ffaa2015b1a6e9fa45d2e156781"}
,"C:\\Users\\HASEE\\Desktop\\z-1111\\CMPT276\\public\\src\\components\\Product.js": {"path":"C:\\Users\\HASEE\\Desktop\\z-1111\\CMPT276\\public\\src\\components\\Product.js","statementMap":{"0":{"start":{"line":44,"column":15},"end":{"line":50,"column":5}},"1":{"start":{"line":45,"column":8},"end":{"line":49,"column":10}},"2":{"start":{"line":53,"column":62},"end":{"line":53,"column":80}},"3":{"start":{"line":54,"column":29},"end":{"line":54,"column":40}},"4":{"start":{"line":55,"column":30},"end":{"line":55,"column":42}},"5":{"start":{"line":57,"column":8},"end":{"line":73,"column":9}}},"fnMap":{"0":{"name":"(anonymous_0)","decl":{"start":{"line":44,"column":15},"end":{"line":44,"column":16}},"loc":{"start":{"line":44,"column":21},"end":{"line":50,"column":5}},"line":44},"1":{"name":"(anonymous_1)","decl":{"start":{"line":48,"column":18},"end":{"line":48,"column":19}},"loc":{"start":{"line":48,"column":26},"end":{"line":48,"column":28}},"line":48},"2":{"name":"(anonymous_2)","decl":{"start":{"line":52,"column":4},"end":{"line":52,"column":5}},"loc":{"start":{"line":52,"column":13},"end":{"line":74,"column":5}},"line":52}},"branchMap":{},"s":{"0":1,"1":0,"2":1,"3":1,"4":1,"5":1},"f":{"0":0,"1":0,"2":1},"b":{},"_coverageSchema":"43e27e138ebf9cfc5966b082cf9a028302ed4184","hash":"fcacc0df2ad144c07eedc4e714a526c626f43c32"}
,"C:\\Users\\HASEE\\Desktop\\z-1111\\CMPT276\\public\\src\\components\\ProductDetail.js": {"path":"C:\\Users\\HASEE\\Desktop\\z-1111\\CMPT276\\public\\src\\components\\ProductDetail.js","statementMap":{"0":{"start":{"line":5,"column":76},"end":{"line":5,"column":89}},"1":{"start":{"line":7,"column":4},"end":{"line":26,"column":5}}},"fnMap":{"0":{"name":"ProductDetail","decl":{"start":{"line":4,"column":24},"end":{"line":4,"column":37}},"loc":{"start":{"line":4,"column":45},"end":{"line":27,"column":1}},"line":4}},"branchMap":{"0":{"loc":{"start":{"line":17,"column":25},"end":{"line":17,"column":53}},"type":"cond-expr","locations":[{"start":{"line":17,"column":44},"end":{"line":17,"column":46}},{"start":{"line":17,"column":49},"end":{"line":17,"column":53}}],"line":17}},"s":{"0":1,"1":1},"f":{"0":1},"b":{"0":[0,1]},"_coverageSchema":"43e27e138ebf9cfc5966b082cf9a028302ed4184","hash":"12840d30cf863e0f74cee7f255fab026a9201815"}
,"C:\\Users\\HASEE\\Desktop\\z-1111\\CMPT276\\public\\src\\components\\Products.js": {"path":"C:\\Users\\HASEE\\Desktop\\z-1111\\CMPT276\\public\\src\\components\\Products.js","statementMap":{"0":{"start":{"line":14,"column":8},"end":{"line":14,"column":21}},"1":{"start":{"line":15,"column":8},"end":{"line":24,"column":9}},"2":{"start":{"line":28,"column":8},"end":{"line":39,"column":9}},"3":{"start":{"line":29,"column":12},"end":{"line":29,"column":45}},"4":{"start":{"line":30,"column":24},"end":{"line":30,"column":61}},"5":{"start":{"line":31,"column":12},"end":{"line":33,"column":14}},"6":{"start":{"line":35,"column":12},"end":{"line":35,"column":46}},"7":{"start":{"line":37,"column":12},"end":{"line":37,"column":46}},"8":{"start":{"line":38,"column":12},"end":{"line":38,"column":26}},"9":{"start":{"line":41,"column":8},"end":{"line":44,"column":10}},"10":{"start":{"line":49,"column":8},"end":{"line":49,"column":28}},"11":{"start":{"line":53,"column":13},"end":{"line":69,"column":5}},"12":{"start":{"line":55,"column":8},"end":{"line":55,"column":41}},"13":{"start":{"line":56,"column":20},"end":{"line":56,"column":57}},"14":{"start":{"line":57,"column":8},"end":{"line":57,"column":42}},"15":{"start":{"line":59,"column":26},"end":{"line":62,"column":10}},"16":{"start":{"line":60,"column":26},"end":{"line":60,"column":71}},"17":{"start":{"line":61,"column":12},"end":{"line":61,"column":34}},"18":{"start":{"line":64,"column":8},"end":{"line":68,"column":10}},"19":{"start":{"line":71,"column":22},"end":{"line":80,"column":5}},"20":{"start":{"line":72,"column":29},"end":{"line":72,"column":39}},"21":{"start":{"line":73,"column":23},"end":{"line":73,"column":56}},"22":{"start":{"line":74,"column":8},"end":{"line":79,"column":11}},"23":{"start":{"line":78,"column":12},"end":{"line":78,"column":31}},"24":{"start":{"line":82,"column":21},"end":{"line":89,"column":5}},"25":{"start":{"line":83,"column":8},"end":{"line":86,"column":9}},"26":{"start":{"line":84,"column":12},"end":{"line":84,"column":46}},"27":{"start":{"line":85,"column":12},"end":{"line":85,"column":53}},"28":{"start":{"line":87,"column":8},"end":{"line":87,"column":62}},"29":{"start":{"line":91,"column":26},"end":{"line":93,"column":5}},"30":{"start":{"line":92,"column":8},"end":{"line":92,"column":41}},"31":{"start":{"line":96,"column":22},"end":{"line":100,"column":9}},"32":{"start":{"line":101,"column":8},"end":{"line":143,"column":9}},"33":{"start":{"line":113,"column":32},"end":{"line":123,"column":33}},"34":{"start":{"line":114,"column":36},"end":{"line":122,"column":37}}},"fnMap":{"0":{"name":"(anonymous_0)","decl":{"start":{"line":13,"column":4},"end":{"line":13,"column":5}},"loc":{"start":{"line":13,"column":23},"end":{"line":25,"column":5}},"line":13},"1":{"name":"(anonymous_1)","decl":{"start":{"line":27,"column":4},"end":{"line":27,"column":5}},"loc":{"start":{"line":27,"column":25},"end":{"line":45,"column":5}},"line":27},"2":{"name":"(anonymous_2)","decl":{"start":{"line":48,"column":4},"end":{"line":48,"column":5}},"loc":{"start":{"line":48,"column":24},"end":{"line":50,"column":5}},"line":48},"3":{"name":"(anonymous_3)","decl":{"start":{"line":53,"column":13},"end":{"line":53,"column":14}},"loc":{"start":{"line":53,"column":31},"end":{"line":69,"column":5}},"line":53},"4":{"name":"(anonymous_4)","decl":{"start":{"line":59,"column":47},"end":{"line":59,"column":48}},"loc":{"start":{"line":59,"column":55},"end":{"line":62,"column":9}},"line":59},"5":{"name":"(anonymous_5)","decl":{"start":{"line":71,"column":22},"end":{"line":71,"column":23}},"loc":{"start":{"line":71,"column":29},"end":{"line":80,"column":5}},"line":71},"6":{"name":"(anonymous_6)","decl":{"start":{"line":77,"column":11},"end":{"line":77,"column":12}},"loc":{"start":{"line":77,"column":17},"end":{"line":79,"column":9}},"line":77},"7":{"name":"(anonymous_7)","decl":{"start":{"line":82,"column":21},"end":{"line":82,"column":22}},"loc":{"start":{"line":82,"column":31},"end":{"line":89,"column":5}},"line":82},"8":{"name":"(anonymous_8)","decl":{"start":{"line":91,"column":26},"end":{"line":91,"column":27}},"loc":{"start":{"line":91,"column":32},"end":{"line":93,"column":5}},"line":91},"9":{"name":"(anonymous_9)","decl":{"start":{"line":95,"column":4},"end":{"line":95,"column":5}},"loc":{"start":{"line":95,"column":13},"end":{"line":144,"column":5}},"line":95},"10":{"name":"(anonymous_10)","decl":{"start":{"line":112,"column":123},"end":{"line":112,"column":124}},"loc":{"start":{"line":112,"column":131},"end":{"line":125,"column":29}},"line":112}},"branchMap":{"0":{"loc":{"start":{"line":83,"column":8},"end":{"line":86,"column":9}},"type":"if","locations":[{"start":{"line":83,"column":8},"end":{"line":86,"column":9}},{"start":{"line":83,"column":8},"end":{"line":86,"column":9}}],"line":83},"1":{"loc":{"start":{"line":104,"column":17},"end":{"line":106,"column":186}},"type":"cond-expr","locations":[{"start":{"line":105,"column":20},"end":{"line":105,"column":80}},{"start":{"line":106,"column":22},"end":{"line":106,"column":186}}],"line":104},"2":{"loc":{"start":{"line":108,"column":32},"end":{"line":108,"column":73}},"type":"cond-expr","locations":[{"start":{"line":108,"column":54},"end":{"line":108,"column":64}},{"start":{"line":108,"column":67},"end":{"line":108,"column":73}}],"line":108},"3":{"loc":{"start":{"line":111,"column":26},"end":{"line":125,"column":30}},"type":"cond-expr","locations":[{"start":{"line":112,"column":30},"end":{"line":112,"column":90}},{"start":{"line":112,"column":92},"end":{"line":125,"column":30}}],"line":111},"4":{"loc":{"start":{"line":111,"column":27},"end":{"line":111,"column":89}},"type":"binary-expr","locations":[{"start":{"line":111,"column":27},"end":{"line":111,"column":66}},{"start":{"line":111,"column":70},"end":{"line":111,"column":89}}],"line":111},"5":{"loc":{"start":{"line":113,"column":32},"end":{"line":123,"column":33}},"type":"if","locations":[{"start":{"line":113,"column":32},"end":{"line":123,"column":33}},{"start":{"line":113,"column":32},"end":{"line":123,"column":33}}],"line":113},"6":{"loc":{"start":{"line":130,"column":22},"end":{"line":139,"column":73}},"type":"binary-expr","locations":[{"start":{"line":130,"column":23},"end":{"line":130,"column":62}},{"start":{"line":130,"column":66},"end":{"line":130,"column":85}},{"start":{"line":131,"column":22},"end":{"line":139,"column":73}}],"line":130}},"s":{"0":1,"1":1,"2":1,"3":1,"4":1,"5":0,"6":0,"7":0,"8":0,"9":0,"10":1,"11":1,"12":0,"13":0,"14":0,"15":0,"16":0,"17":0,"18":0,"19":1,"20":0,"21":0,"22":0,"23":0,"24":1,"25":0,"26":0,"27":0,"28":0,"29":1,"30":0,"31":2,"32":2,"33":0,"34":0},"f":{"0":1,"1":1,"2":1,"3":0,"4":0,"5":0,"6":0,"7":0,"8":0,"9":2,"10":0},"b":{"0":[0,0],"1":[2,0],"2":[2,0],"3":[1,1],"4":[2,2],"5":[0,0],"6":[2,0,0]},"_coverageSchema":"43e27e138ebf9cfc5966b082cf9a028302ed4184","hash":"4af2bbf55116a7ac30ca5a3138117a0a5559bd88"}
,"C:\\Users\\HASEE\\Desktop\\z-1111\\CMPT276\\public\\src\\components\\StripeCheckoutButton.js": {"path":"C:\\Users\\HASEE\\Desktop\\z-1111\\CMPT276\\public\\src\\components\\StripeCheckoutButton.js","statementMap":{"0":{"start":{"line":4,"column":14},"end":{"line":4,"column":30}},"1":{"start":{"line":6,"column":29},"end":{"line":44,"column":1}},"2":{"start":{"line":7,"column":25},"end":{"line":7,"column":36}},"3":{"start":{"line":8,"column":25},"end":{"line":8,"column":134}},"4":{"start":{"line":10,"column":18},"end":{"line":24,"column":3}},"5":{"start":{"line":11,"column":16},"end":{"line":19,"column":6}},"6":{"start":{"line":20,"column":4},"end":{"line":22,"column":5}},"7":{"start":{"line":21,"column":6},"end":{"line":21,"column":32}},"8":{"start":{"line":26,"column":2},"end":{"line":43,"column":4}}},"fnMap":{"0":{"name":"(anonymous_0)","decl":{"start":{"line":6,"column":29},"end":{"line":6,"column":30}},"loc":{"start":{"line":6,"column":95},"end":{"line":44,"column":1}},"line":6},"1":{"name":"(anonymous_1)","decl":{"start":{"line":10,"column":18},"end":{"line":10,"column":19}},"loc":{"start":{"line":10,"column":33},"end":{"line":24,"column":3}},"line":10}},"branchMap":{"0":{"loc":{"start":{"line":20,"column":4},"end":{"line":22,"column":5}},"type":"if","locations":[{"start":{"line":20,"column":4},"end":{"line":22,"column":5}},{"start":{"line":20,"column":4},"end":{"line":22,"column":5}}],"line":20}},"s":{"0":4,"1":4,"2":3,"3":3,"4":3,"5":0,"6":0,"7":0,"8":3},"f":{"0":3,"1":0},"b":{"0":[0,0]},"_coverageSchema":"43e27e138ebf9cfc5966b082cf9a028302ed4184","hash":"4934b89af7698b454574ab9107fe6a9776208edc"}
,"C:\\Users\\HASEE\\Desktop\\z-1111\\CMPT276\\public\\src\\components\\ToolBox.js": {"path":"C:\\Users\\HASEE\\Desktop\\z-1111\\CMPT276\\public\\src\\components\\ToolBox.js","statementMap":{"0":{"start":{"line":5,"column":12},"end":{"line":7,"column":5}},"1":{"start":{"line":10,"column":19},"end":{"line":16,"column":5}},"2":{"start":{"line":11,"column":23},"end":{"line":11,"column":37}},"3":{"start":{"line":12,"column":8},"end":{"line":14,"column":10}},"4":{"start":{"line":15,"column":8},"end":{"line":15,"column":34}},"5":{"start":{"line":19,"column":8},"end":{"line":45,"column":10}}},"fnMap":{"0":{"name":"(anonymous_0)","decl":{"start":{"line":10,"column":19},"end":{"line":10,"column":20}},"loc":{"start":{"line":10,"column":24},"end":{"line":16,"column":5}},"line":10},"1":{"name":"(anonymous_1)","decl":{"start":{"line":18,"column":4},"end":{"line":18,"column":5}},"loc":{"start":{"line":18,"column":13},"end":{"line":46,"column":5}},"line":18}},"branchMap":{},"s":{"0":2,"1":2,"2":1,"3":1,"4":1,"5":4},"f":{"0":1,"1":4},"b":{},"_coverageSchema":"43e27e138ebf9cfc5966b082cf9a028302ed4184","hash":"e7c42bafd9710e98e90be371effd3551eaa2ffd1"}
,"C:\\Users\\HASEE\\Desktop\\z-1111\\CMPT276\\public\\src\\components\\UserProfile.js": {"path":"C:\\Users\\HASEE\\Desktop\\z-1111\\CMPT276\\public\\src\\components\\UserProfile.js","statementMap":{"0":{"start":{"line":7,"column":19},"end":{"line":11,"column":5}},"1":{"start":{"line":8,"column":8},"end":{"line":8,"column":17}},"2":{"start":{"line":10,"column":8},"end":{"line":10,"column":30}},"3":{"start":{"line":13,"column":4},"end":{"line":81,"column":5}},"4":{"start":{"line":52,"column":79},"end":{"line":52,"column":103}},"5":{"start":{"line":62,"column":97},"end":{"line":62,"column":122}},"6":{"start":{"line":67,"column":95},"end":{"line":67,"column":123}}},"fnMap":{"0":{"name":"UserProfile","decl":{"start":{"line":5,"column":24},"end":{"line":5,"column":35}},"loc":{"start":{"line":5,"column":43},"end":{"line":82,"column":1}},"line":5},"1":{"name":"(anonymous_1)","decl":{"start":{"line":7,"column":19},"end":{"line":7,"column":20}},"loc":{"start":{"line":7,"column":25},"end":{"line":11,"column":5}},"line":7},"2":{"name":"(anonymous_2)","decl":{"start":{"line":52,"column":72},"end":{"line":52,"column":73}},"loc":{"start":{"line":52,"column":78},"end":{"line":52,"column":104}},"line":52},"3":{"name":"(anonymous_3)","decl":{"start":{"line":62,"column":90},"end":{"line":62,"column":91}},"loc":{"start":{"line":62,"column":96},"end":{"line":62,"column":123}},"line":62},"4":{"name":"(anonymous_4)","decl":{"start":{"line":67,"column":88},"end":{"line":67,"column":89}},"loc":{"start":{"line":67,"column":94},"end":{"line":67,"column":124}},"line":67}},"branchMap":{"0":{"loc":{"start":{"line":38,"column":28},"end":{"line":40,"column":43}},"type":"cond-expr","locations":[{"start":{"line":38,"column":52},"end":{"line":38,"column":59}},{"start":{"line":39,"column":28},"end":{"line":40,"column":43}}],"line":38},"1":{"loc":{"start":{"line":39,"column":29},"end":{"line":40,"column":42}},"type":"cond-expr","locations":[{"start":{"line":39,"column":53},"end":{"line":39,"column":61}},{"start":{"line":40,"column":28},"end":{"line":40,"column":42}}],"line":39},"2":{"loc":{"start":{"line":49,"column":18},"end":{"line":76,"column":17}},"type":"cond-expr","locations":[{"start":{"line":50,"column":20},"end":{"line":57,"column":26}},{"start":{"line":59,"column":20},"end":{"line":74,"column":26}}],"line":49},"3":{"loc":{"start":{"line":65,"column":25},"end":{"line":68,"column":34}},"type":"binary-expr","locations":[{"start":{"line":65,"column":25},"end":{"line":65,"column":46}},{"start":{"line":66,"column":28},"end":{"line":68,"column":34}}],"line":65}},"s":{"0":8,"1":2,"2":2,"3":8,"4":1,"5":1,"6":1},"f":{"0":8,"1":2,"2":1,"3":1,"4":1},"b":{"0":[2,6],"1":[3,3],"2":[2,6],"3":[6,1]},"_coverageSchema":"43e27e138ebf9cfc5966b082cf9a028302ed4184","hash":"50b1b3a9949692d34bdb2ce68c8280596d9de055"}
,"C:\\Users\\HASEE\\Desktop\\z-1111\\CMPT276\\public\\src\\globalFunc\\auth.js": {"path":"C:\\Users\\HASEE\\Desktop\\z-1111\\CMPT276\\public\\src\\globalFunc\\auth.js","statementMap":{"0":{"start":{"line":4,"column":17},"end":{"line":6,"column":1}},"1":{"start":{"line":5,"column":4},"end":{"line":5,"column":50}},"2":{"start":{"line":9,"column":17},"end":{"line":11,"column":1}},"3":{"start":{"line":10,"column":4},"end":{"line":10,"column":42}},"4":{"start":{"line":14,"column":23},"end":{"line":23,"column":1}},"5":{"start":{"line":15,"column":4},"end":{"line":22,"column":5}},"6":{"start":{"line":16,"column":22},"end":{"line":16,"column":35}},"7":{"start":{"line":17,"column":8},"end":{"line":19,"column":28}},"8":{"start":{"line":18,"column":12},"end":{"line":18,"column":24}},"9":{"start":{"line":19,"column":15},"end":{"line":19,"column":28}},"10":{"start":{"line":21,"column":8},"end":{"line":21,"column":21}},"11":{"start":{"line":26,"column":16},"end":{"line":33,"column":1}},"12":{"start":{"line":27,"column":17},"end":{"line":27,"column":22}},"13":{"start":{"line":28,"column":16},"end":{"line":28,"column":26}},"14":{"start":{"line":29,"column":4},"end":{"line":31,"column":5}},"15":{"start":{"line":30,"column":8},"end":{"line":30,"column":48}},"16":{"start":{"line":30,"column":34},"end":{"line":30,"column":48}},"17":{"start":{"line":32,"column":4},"end":{"line":32,"column":18}},"18":{"start":{"line":36,"column":16},"end":{"line":44,"column":1}},"19":{"start":{"line":37,"column":4},"end":{"line":43,"column":5}},"20":{"start":{"line":38,"column":20},"end":{"line":38,"column":30}},"21":{"start":{"line":39,"column":21},"end":{"line":39,"column":32}},"22":{"start":{"line":40,"column":8},"end":{"line":40,"column":20}},"23":{"start":{"line":42,"column":8},"end":{"line":42,"column":18}},"24":{"start":{"line":47,"column":15},"end":{"line":49,"column":1}},"25":{"start":{"line":48,"column":4},"end":{"line":48,"column":46}}},"fnMap":{"0":{"name":"(anonymous_0)","decl":{"start":{"line":4,"column":17},"end":{"line":4,"column":18}},"loc":{"start":{"line":4,"column":26},"end":{"line":6,"column":1}},"line":4},"1":{"name":"(anonymous_1)","decl":{"start":{"line":9,"column":17},"end":{"line":9,"column":18}},"loc":{"start":{"line":10,"column":4},"end":{"line":10,"column":42}},"line":10},"2":{"name":"(anonymous_2)","decl":{"start":{"line":14,"column":23},"end":{"line":14,"column":24}},"loc":{"start":{"line":14,"column":32},"end":{"line":23,"column":1}},"line":14},"3":{"name":"(anonymous_3)","decl":{"start":{"line":26,"column":16},"end":{"line":26,"column":17}},"loc":{"start":{"line":26,"column":22},"end":{"line":33,"column":1}},"line":26},"4":{"name":"(anonymous_4)","decl":{"start":{"line":36,"column":16},"end":{"line":36,"column":17}},"loc":{"start":{"line":36,"column":22},"end":{"line":44,"column":1}},"line":36},"5":{"name":"(anonymous_5)","decl":{"start":{"line":47,"column":15},"end":{"line":47,"column":16}},"loc":{"start":{"line":47,"column":21},"end":{"line":49,"column":1}},"line":47}},"branchMap":{"0":{"loc":{"start":{"line":17,"column":8},"end":{"line":19,"column":28}},"type":"if","locations":[{"start":{"line":17,"column":8},"end":{"line":19,"column":28}},{"start":{"line":17,"column":8},"end":{"line":19,"column":28}}],"line":17},"1":{"loc":{"start":{"line":29,"column":4},"end":{"line":31,"column":5}},"type":"if","locations":[{"start":{"line":29,"column":4},"end":{"line":31,"column":5}},{"start":{"line":29,"column":4},"end":{"line":31,"column":5}}],"line":29},"2":{"loc":{"start":{"line":30,"column":8},"end":{"line":30,"column":48}},"type":"if","locations":[{"start":{"line":30,"column":8},"end":{"line":30,"column":48}},{"start":{"line":30,"column":8},"end":{"line":30,"column":48}}],"line":30},"3":{"loc":{"start":{"line":37,"column":4},"end":{"line":43,"column":5}},"type":"if","locations":[{"start":{"line":37,"column":4},"end":{"line":43,"column":5}},{"start":{"line":37,"column":4},"end":{"line":43,"column":5}}],"line":37}},"s":{"0":10,"1":3,"2":10,"3":11,"4":10,"5":1,"6":1,"7":1,"8":0,"9":1,"10":0,"11":10,"12":10,"13":10,"14":10,"15":1,"16":1,"17":10,"18":10,"19":10,"20":1,"21":1,"22":1,"23":9,"24":10,"25":3},"f":{"0":3,"1":11,"2":1,"3":10,"4":10,"5":3},"b":{"0":[0,1],"1":[1,9],"2":[1,0],"3":[1,9]},"_coverageSchema":"43e27e138ebf9cfc5966b082cf9a028302ed4184","hash":"62512fbd1129882b1c5b226b0f0bb7c6949c149e"}
,"C:\\Users\\HASEE\\Desktop\\z-1111\\CMPT276\\public\\src\\pages\\AllUsers.js": {"path":"C:\\Users\\HASEE\\Desktop\\z-1111\\CMPT276\\public\\src\\pages\\AllUsers.js","statementMap":{"0":{"start":{"line":6,"column":12},"end":{"line":6,"column":55}},"1":{"start":{"line":7,"column":10},"end":{"line":9,"column":3}},"2":{"start":{"line":12,"column":4},"end":{"line":16,"column":7}},"3":{"start":{"line":13,"column":6},"end":{"line":15,"column":9}},"4":{"start":{"line":20,"column":4},"end":{"line":48,"column":6}},"5":{"start":{"line":27,"column":18},"end":{"line":27,"column":44}},"6":{"start":{"line":33,"column":16},"end":{"line":42,"column":21}}},"fnMap":{"0":{"name":"(anonymous_0)","decl":{"start":{"line":11,"column":2},"end":{"line":11,"column":3}},"loc":{"start":{"line":11,"column":22},"end":{"line":17,"column":3}},"line":11},"1":{"name":"(anonymous_1)","decl":{"start":{"line":12,"column":23},"end":{"line":12,"column":24}},"loc":{"start":{"line":12,"column":37},"end":{"line":16,"column":5}},"line":12},"2":{"name":"(anonymous_2)","decl":{"start":{"line":19,"column":2},"end":{"line":19,"column":3}},"loc":{"start":{"line":19,"column":11},"end":{"line":49,"column":3}},"line":19},"3":{"name":"(anonymous_3)","decl":{"start":{"line":26,"column":34},"end":{"line":26,"column":35}},"loc":{"start":{"line":27,"column":18},"end":{"line":27,"column":44}},"line":27},"4":{"name":"(anonymous_4)","decl":{"start":{"line":32,"column":36},"end":{"line":32,"column":37}},"loc":{"start":{"line":33,"column":16},"end":{"line":42,"column":21}},"line":33}},"branchMap":{"0":{"loc":{"start":{"line":38,"column":21},"end":{"line":40,"column":68}},"type":"cond-expr","locations":[{"start":{"line":39,"column":24},"end":{"line":39,"column":31}},{"start":{"line":40,"column":24},"end":{"line":40,"column":68}}],"line":38},"1":{"loc":{"start":{"line":40,"column":25},"end":{"line":40,"column":67}},"type":"cond-expr","locations":[{"start":{"line":40,"column":42},"end":{"line":40,"column":50}},{"start":{"line":40,"column":53},"end":{"line":40,"column":67}}],"line":40}},"s":{"0":1,"1":1,"2":0,"3":0,"4":1,"5":4,"6":0},"f":{"0":0,"1":0,"2":1,"3":4,"4":0},"b":{"0":[0,0],"1":[0,0]},"_coverageSchema":"43e27e138ebf9cfc5966b082cf9a028302ed4184","hash":"a381022ec9b9f7536807a047ee7753a98040f780"}
,"C:\\Users\\HASEE\\Desktop\\z-1111\\CMPT276\\public\\src\\pages\\App.js": {"path":"C:\\Users\\HASEE\\Desktop\\z-1111\\CMPT276\\public\\src\\pages\\App.js","statementMap":{"0":{"start":{"line":8,"column":12},"end":{"line":28,"column":1}},"1":{"start":{"line":9,"column":15},"end":{"line":9,"column":24}},"2":{"start":{"line":11,"column":20},"end":{"line":19,"column":3}},"3":{"start":{"line":12,"column":4},"end":{"line":18,"column":5}},"4":{"start":{"line":13,"column":6},"end":{"line":13,"column":35}},"5":{"start":{"line":14,"column":11},"end":{"line":18,"column":5}},"6":{"start":{"line":15,"column":6},"end":{"line":15,"column":38}},"7":{"start":{"line":17,"column":6},"end":{"line":17,"column":36}},"8":{"start":{"line":21,"column":2},"end":{"line":27,"column":4}}},"fnMap":{"0":{"name":"(anonymous_0)","decl":{"start":{"line":8,"column":12},"end":{"line":8,"column":13}},"loc":{"start":{"line":8,"column":23},"end":{"line":28,"column":1}},"line":8},"1":{"name":"(anonymous_1)","decl":{"start":{"line":11,"column":20},"end":{"line":11,"column":21}},"loc":{"start":{"line":11,"column":26},"end":{"line":19,"column":3}},"line":11}},"branchMap":{"0":{"loc":{"start":{"line":12,"column":4},"end":{"line":18,"column":5}},"type":"if","locations":[{"start":{"line":12,"column":4},"end":{"line":18,"column":5}},{"start":{"line":12,"column":4},"end":{"line":18,"column":5}}],"line":12},"1":{"loc":{"start":{"line":14,"column":11},"end":{"line":18,"column":5}},"type":"if","locations":[{"start":{"line":14,"column":11},"end":{"line":18,"column":5}},{"start":{"line":14,"column":11},"end":{"line":18,"column":5}}],"line":14}},"s":{"0":1,"1":1,"2":1,"3":1,"4":1,"5":0,"6":0,"7":0,"8":1},"f":{"0":1,"1":1},"b":{"0":[1,0],"1":[0,0]},"_coverageSchema":"43e27e138ebf9cfc5966b082cf9a028302ed4184","hash":"0be60cf2d7ead0860ffe1b74f63677a6247d3bdf"}
,"C:\\Users\\HASEE\\Desktop\\z-1111\\CMPT276\\public\\src\\pages\\ForgotPw.js": {"path":"C:\\Users\\HASEE\\Desktop\\z-1111\\CMPT276\\public\\src\\pages\\ForgotPw.js","statementMap":{"0":{"start":{"line":9,"column":52},"end":{"line":9,"column":61}},"1":{"start":{"line":10,"column":32},"end":{"line":10,"column":47}},"2":{"start":{"line":12,"column":19},"end":{"line":26,"column":3}},"3":{"start":{"line":13,"column":28},"end":{"line":13,"column":32}},"4":{"start":{"line":17,"column":4},"end":{"line":25,"column":9}},"5":{"start":{"line":19,"column":8},"end":{"line":19,"column":26}},"6":{"start":{"line":20,"column":8},"end":{"line":20,"column":48}},"7":{"start":{"line":23,"column":24},"end":{"line":23,"column":51}},"8":{"start":{"line":24,"column":8},"end":{"line":24,"column":29}},"9":{"start":{"line":29,"column":20},"end":{"line":46,"column":3}},"10":{"start":{"line":30,"column":44},"end":{"line":30,"column":48}},"11":{"start":{"line":33,"column":4},"end":{"line":45,"column":9}},"12":{"start":{"line":39,"column":8},"end":{"line":39,"column":51}},"13":{"start":{"line":40,"column":8},"end":{"line":40,"column":37}},"14":{"start":{"line":43,"column":24},"end":{"line":43,"column":51}},"15":{"start":{"line":44,"column":8},"end":{"line":44,"column":29}},"16":{"start":{"line":48,"column":2},"end":{"line":172,"column":4}},"17":{"start":{"line":149,"column":39},"end":{"line":149,"column":66}}},"fnMap":{"0":{"name":"ForgotPw","decl":{"start":{"line":8,"column":24},"end":{"line":8,"column":32}},"loc":{"start":{"line":8,"column":40},"end":{"line":173,"column":1}},"line":8},"1":{"name":"(anonymous_1)","decl":{"start":{"line":12,"column":19},"end":{"line":12,"column":20}},"loc":{"start":{"line":12,"column":35},"end":{"line":26,"column":3}},"line":12},"2":{"name":"(anonymous_2)","decl":{"start":{"line":18,"column":12},"end":{"line":18,"column":13}},"loc":{"start":{"line":18,"column":21},"end":{"line":21,"column":7}},"line":18},"3":{"name":"(anonymous_3)","decl":{"start":{"line":22,"column":13},"end":{"line":22,"column":14}},"loc":{"start":{"line":22,"column":24},"end":{"line":25,"column":7}},"line":22},"4":{"name":"(anonymous_4)","decl":{"start":{"line":29,"column":20},"end":{"line":29,"column":21}},"loc":{"start":{"line":29,"column":36},"end":{"line":46,"column":3}},"line":29},"5":{"name":"(anonymous_5)","decl":{"start":{"line":38,"column":12},"end":{"line":38,"column":13}},"loc":{"start":{"line":38,"column":21},"end":{"line":41,"column":7}},"line":38},"6":{"name":"(anonymous_6)","decl":{"start":{"line":42,"column":13},"end":{"line":42,"column":14}},"loc":{"start":{"line":42,"column":24},"end":{"line":45,"column":7}},"line":42},"7":{"name":"(anonymous_7)","decl":{"start":{"line":149,"column":28},"end":{"line":149,"column":29}},"loc":{"start":{"line":149,"column":39},"end":{"line":149,"column":66}},"line":149}},"branchMap":{"0":{"loc":{"start":{"line":60,"column":40},"end":{"line":60,"column":73}},"type":"binary-expr","locations":[{"start":{"line":60,"column":40},"end":{"line":60,"column":58}},{"start":{"line":60,"column":62},"end":{"line":60,"column":73}}],"line":60},"1":{"loc":{"start":{"line":71,"column":17},"end":{"line":75,"column":17}},"type":"binary-expr","locations":[{"start":{"line":71,"column":17},"end":{"line":71,"column":35}},{"start":{"line":72,"column":18},"end":{"line":74,"column":22}}],"line":71},"2":{"loc":{"start":{"line":95,"column":26},"end":{"line":95,"column":52}},"type":"cond-expr","locations":[{"start":{"line":95,"column":37},"end":{"line":95,"column":39}},{"start":{"line":95,"column":42},"end":{"line":95,"column":52}}],"line":95},"3":{"loc":{"start":{"line":96,"column":36},"end":{"line":96,"column":62}},"type":"binary-expr","locations":[{"start":{"line":96,"column":36},"end":{"line":96,"column":47}},{"start":{"line":96,"column":51},"end":{"line":96,"column":62}}],"line":96},"4":{"loc":{"start":{"line":107,"column":15},"end":{"line":109,"column":15}},"type":"binary-expr","locations":[{"start":{"line":107,"column":15},"end":{"line":107,"column":26}},{"start":{"line":108,"column":16},"end":{"line":108,"column":79}}],"line":107},"5":{"loc":{"start":{"line":117,"column":26},"end":{"line":117,"column":52}},"type":"cond-expr","locations":[{"start":{"line":117,"column":37},"end":{"line":117,"column":39}},{"start":{"line":117,"column":42},"end":{"line":117,"column":52}}],"line":117},"6":{"loc":{"start":{"line":118,"column":36},"end":{"line":118,"column":66}},"type":"binary-expr","locations":[{"start":{"line":118,"column":36},"end":{"line":118,"column":51}},{"start":{"line":118,"column":55},"end":{"line":118,"column":66}}],"line":118},"7":{"loc":{"start":{"line":130,"column":15},"end":{"line":134,"column":15}},"type":"binary-expr","locations":[{"start":{"line":130,"column":15},"end":{"line":130,"column":30}},{"start":{"line":131,"column":16},"end":{"line":133,"column":20}}],"line":130},"8":{"loc":{"start":{"line":142,"column":26},"end":{"line":142,"column":52}},"type":"cond-expr","locations":[{"start":{"line":142,"column":37},"end":{"line":142,"column":39}},{"start":{"line":142,"column":42},"end":{"line":142,"column":52}}],"line":142},"9":{"loc":{"start":{"line":143,"column":36},"end":{"line":143,"column":67}},"type":"binary-expr","locations":[{"start":{"line":143,"column":36},"end":{"line":143,"column":52}},{"start":{"line":143,"column":56},"end":{"line":143,"column":67}}],"line":143},"10":{"loc":{"start":{"line":152,"column":15},"end":{"line":156,"column":15}},"type":"binary-expr","locations":[{"start":{"line":152,"column":15},"end":{"line":152,"column":31}},{"start":{"line":153,"column":16},"end":{"line":155,"column":20}}],"line":152},"11":{"loc":{"start":{"line":164,"column":24},"end":{"line":164,"column":50}},"type":"cond-expr","locations":[{"start":{"line":164,"column":35},"end":{"line":164,"column":37}},{"start":{"line":164,"column":40},"end":{"line":164,"column":50}}],"line":164}},"s":{"0":5,"1":5,"2":5,"3":1,"4":1,"5":1,"6":1,"7":0,"8":0,"9":5,"10":0,"11":0,"12":0,"13":0,"14":0,"15":0,"16":5,"17":0},"f":{"0":5,"1":1,"2":1,"3":0,"4":0,"5":0,"6":0,"7":0},"b":{"0":[5,0],"1":[5,0],"2":[2,3],"3":[5,0],"4":[5,0],"5":[2,3],"6":[5,0],"7":[5,0],"8":[2,3],"9":[5,0],"10":[5,0],"11":[2,3]},"_coverageSchema":"43e27e138ebf9cfc5966b082cf9a028302ed4184","hash":"5bc975e8821bbe77f1f44a88d037291f0a44ca28"}
,"C:\\Users\\HASEE\\Desktop\\z-1111\\CMPT276\\public\\src\\pages\\Login.js": {"path":"C:\\Users\\HASEE\\Desktop\\z-1111\\CMPT276\\public\\src\\pages\\Login.js","statementMap":{"0":{"start":{"line":11,"column":45},"end":{"line":11,"column":54}},"1":{"start":{"line":13,"column":24},"end":{"line":34,"column":3}},"2":{"start":{"line":15,"column":38},"end":{"line":15,"column":42}},"3":{"start":{"line":19,"column":4},"end":{"line":31,"column":9}},"4":{"start":{"line":21,"column":24},"end":{"line":21,"column":61}},"5":{"start":{"line":23,"column":8},"end":{"line":23,"column":26}},"6":{"start":{"line":25,"column":8},"end":{"line":25,"column":32}},"7":{"start":{"line":26,"column":8},"end":{"line":26,"column":43}},"8":{"start":{"line":29,"column":24},"end":{"line":29,"column":51}},"9":{"start":{"line":30,"column":8},"end":{"line":30,"column":29}},"10":{"start":{"line":36,"column":2},"end":{"line":106,"column":4}}},"fnMap":{"0":{"name":"Login","decl":{"start":{"line":10,"column":24},"end":{"line":10,"column":29}},"loc":{"start":{"line":10,"column":37},"end":{"line":107,"column":1}},"line":10},"1":{"name":"(anonymous_1)","decl":{"start":{"line":13,"column":24},"end":{"line":13,"column":25}},"loc":{"start":{"line":13,"column":34},"end":{"line":34,"column":3}},"line":13},"2":{"name":"(anonymous_2)","decl":{"start":{"line":20,"column":12},"end":{"line":20,"column":13}},"loc":{"start":{"line":20,"column":21},"end":{"line":27,"column":7}},"line":20},"3":{"name":"(anonymous_3)","decl":{"start":{"line":28,"column":13},"end":{"line":28,"column":14}},"loc":{"start":{"line":28,"column":24},"end":{"line":31,"column":7}},"line":28}},"branchMap":{"0":{"loc":{"start":{"line":52,"column":40},"end":{"line":52,"column":73}},"type":"binary-expr","locations":[{"start":{"line":52,"column":40},"end":{"line":52,"column":58}},{"start":{"line":52,"column":62},"end":{"line":52,"column":73}}],"line":52},"1":{"loc":{"start":{"line":64,"column":17},"end":{"line":68,"column":17}},"type":"binary-expr","locations":[{"start":{"line":64,"column":17},"end":{"line":64,"column":35}},{"start":{"line":65,"column":18},"end":{"line":67,"column":22}}],"line":64},"2":{"loc":{"start":{"line":78,"column":36},"end":{"line":78,"column":66}},"type":"binary-expr","locations":[{"start":{"line":78,"column":36},"end":{"line":78,"column":51}},{"start":{"line":78,"column":55},"end":{"line":78,"column":66}}],"line":78},"3":{"loc":{"start":{"line":89,"column":15},"end":{"line":93,"column":15}},"type":"binary-expr","locations":[{"start":{"line":89,"column":15},"end":{"line":89,"column":30}},{"start":{"line":90,"column":16},"end":{"line":92,"column":20}}],"line":89}},"s":{"0":2,"1":2,"2":0,"3":0,"4":0,"5":0,"6":0,"7":0,"8":0,"9":0,"10":2},"f":{"0":2,"1":0,"2":0,"3":0},"b":{"0":[2,0],"1":[2,0],"2":[2,0],"3":[2,0]},"_coverageSchema":"43e27e138ebf9cfc5966b082cf9a028302ed4184","hash":"4f0091e75643cd6a9933ae81ff7ea9745b63fb63"}
,"C:\\Users\\HASEE\\Desktop\\z-1111\\CMPT276\\public\\src\\pages\\OngoingOrder.js": {"path":"C:\\Users\\HASEE\\Desktop\\z-1111\\CMPT276\\public\\src\\pages\\OngoingOrder.js","statementMap":{"0":{"start":{"line":10,"column":12},"end":{"line":10,"column":58}},"1":{"start":{"line":11,"column":10},"end":{"line":13,"column":3}},"2":{"start":{"line":17,"column":17},"end":{"line":17,"column":26}},"3":{"start":{"line":18,"column":28},"end":{"line":18,"column":32}},"4":{"start":{"line":20,"column":4},"end":{"line":28,"column":9}},"5":{"start":{"line":22,"column":8},"end":{"line":24,"column":11}},"6":{"start":{"line":27,"column":8},"end":{"line":27,"column":25}},"7":{"start":{"line":32,"column":4},"end":{"line":91,"column":6}},"8":{"start":{"line":37,"column":14},"end":{"line":82,"column":16}},"9":{"start":{"line":51,"column":32},"end":{"line":51,"column":47}},"10":{"start":{"line":57,"column":30},"end":{"line":74,"column":32}}},"fnMap":{"0":{"name":"(anonymous_0)","decl":{"start":{"line":15,"column":2},"end":{"line":15,"column":3}},"loc":{"start":{"line":15,"column":22},"end":{"line":29,"column":3}},"line":15},"1":{"name":"(anonymous_1)","decl":{"start":{"line":21,"column":12},"end":{"line":21,"column":13}},"loc":{"start":{"line":21,"column":21},"end":{"line":25,"column":7}},"line":21},"2":{"name":"(anonymous_2)","decl":{"start":{"line":26,"column":13},"end":{"line":26,"column":14}},"loc":{"start":{"line":26,"column":22},"end":{"line":28,"column":7}},"line":26},"3":{"name":"(anonymous_3)","decl":{"start":{"line":31,"column":2},"end":{"line":31,"column":3}},"loc":{"start":{"line":31,"column":11},"end":{"line":92,"column":3}},"line":31},"4":{"name":"(anonymous_4)","decl":{"start":{"line":36,"column":33},"end":{"line":36,"column":34}},"loc":{"start":{"line":36,"column":44},"end":{"line":83,"column":13}},"line":36},"5":{"name":"(anonymous_5)","decl":{"start":{"line":50,"column":48},"end":{"line":50,"column":49}},"loc":{"start":{"line":51,"column":32},"end":{"line":51,"column":47}},"line":51},"6":{"name":"(anonymous_6)","decl":{"start":{"line":56,"column":48},"end":{"line":56,"column":49}},"loc":{"start":{"line":56,"column":61},"end":{"line":75,"column":29}},"line":56}},"branchMap":{"0":{"loc":{"start":{"line":35,"column":11},"end":{"line":88,"column":11}},"type":"cond-expr","locations":[{"start":{"line":36,"column":12},"end":{"line":83,"column":14}},{"start":{"line":85,"column":12},"end":{"line":87,"column":18}}],"line":35}},"s":{"0":1,"1":1,"2":0,"3":0,"4":0,"5":0,"6":0,"7":1,"8":0,"9":0,"10":0},"f":{"0":0,"1":0,"2":0,"3":1,"4":0,"5":0,"6":0},"b":{"0":[0,1]},"_coverageSchema":"43e27e138ebf9cfc5966b082cf9a028302ed4184","hash":"a2af570457b3eec5b8900199c2b43984e1b9d23b"}
,"C:\\Users\\HASEE\\Desktop\\z-1111\\CMPT276\\public\\src\\pages\\PreviousOrder.js": {"path":"C:\\Users\\HASEE\\Desktop\\z-1111\\CMPT276\\public\\src\\pages\\PreviousOrder.js","statementMap":{"0":{"start":{"line":11,"column":14},"end":{"line":11,"column":60}},"1":{"start":{"line":12,"column":12},"end":{"line":14,"column":5}},"2":{"start":{"line":18,"column":21},"end":{"line":18,"column":30}},"3":{"start":{"line":19,"column":32},"end":{"line":19,"column":36}},"4":{"start":{"line":20,"column":8},"end":{"line":20,"column":33}},"5":{"start":{"line":22,"column":8},"end":{"line":28,"column":11}},"6":{"start":{"line":23,"column":12},"end":{"line":25,"column":14}},"7":{"start":{"line":27,"column":12},"end":{"line":27,"column":29}},"8":{"start":{"line":32,"column":8},"end":{"line":85,"column":9}},"9":{"start":{"line":38,"column":40},"end":{"line":73,"column":41}},"10":{"start":{"line":51,"column":98},"end":{"line":51,"column":113}},"11":{"start":{"line":57,"column":76},"end":{"line":64,"column":77}}},"fnMap":{"0":{"name":"(anonymous_0)","decl":{"start":{"line":16,"column":4},"end":{"line":16,"column":5}},"loc":{"start":{"line":16,"column":24},"end":{"line":29,"column":5}},"line":16},"1":{"name":"(anonymous_1)","decl":{"start":{"line":22,"column":49},"end":{"line":22,"column":50}},"loc":{"start":{"line":22,"column":56},"end":{"line":26,"column":9}},"line":22},"2":{"name":"(anonymous_2)","decl":{"start":{"line":26,"column":17},"end":{"line":26,"column":18}},"loc":{"start":{"line":26,"column":24},"end":{"line":28,"column":9}},"line":26},"3":{"name":"(anonymous_3)","decl":{"start":{"line":31,"column":4},"end":{"line":31,"column":5}},"loc":{"start":{"line":31,"column":13},"end":{"line":86,"column":5}},"line":31},"4":{"name":"(anonymous_4)","decl":{"start":{"line":37,"column":57},"end":{"line":37,"column":58}},"loc":{"start":{"line":37,"column":66},"end":{"line":74,"column":37}},"line":37},"5":{"name":"(anonymous_5)","decl":{"start":{"line":51,"column":90},"end":{"line":51,"column":91}},"loc":{"start":{"line":51,"column":98},"end":{"line":51,"column":113}},"line":51},"6":{"name":"(anonymous_6)","decl":{"start":{"line":56,"column":91},"end":{"line":56,"column":92}},"loc":{"start":{"line":56,"column":102},"end":{"line":65,"column":73}},"line":56}},"branchMap":{"0":{"loc":{"start":{"line":36,"column":32},"end":{"line":79,"column":33}},"type":"cond-expr","locations":[{"start":{"line":37,"column":36},"end":{"line":74,"column":38}},{"start":{"line":76,"column":36},"end":{"line":78,"column":42}}],"line":36}},"s":{"0":1,"1":1,"2":0,"3":0,"4":0,"5":0,"6":0,"7":0,"8":1,"9":0,"10":0,"11":0},"f":{"0":0,"1":0,"2":0,"3":1,"4":0,"5":0,"6":0},"b":{"0":[0,1]},"_coverageSchema":"43e27e138ebf9cfc5966b082cf9a028302ed4184","hash":"4a0836920e7e776566e85fa3d49b357a851f6441"}
,"C:\\Users\\HASEE\\Desktop\\z-1111\\CMPT276\\public\\src\\pages\\SignUp.js": {"path":"C:\\Users\\HASEE\\Desktop\\z-1111\\CMPT276\\public\\src\\pages\\SignUp.js","statementMap":{"0":{"start":{"line":10,"column":52},"end":{"line":10,"column":61}},"1":{"start":{"line":12,"column":32},"end":{"line":12,"column":47}},"2":{"start":{"line":14,"column":19},"end":{"line":30,"column":3}},"3":{"start":{"line":15,"column":48},"end":{"line":15,"column":52}},"4":{"start":{"line":19,"column":4},"end":{"line":29,"column":62}},"5":{"start":{"line":26,"column":8},"end":{"line":26,"column":48}},"6":{"start":{"line":27,"column":8},"end":{"line":27,"column":26}},"7":{"start":{"line":29,"column":22},"end":{"line":29,"column":60}},"8":{"start":{"line":33,"column":20},"end":{"line":52,"column":3}},"9":{"start":{"line":34,"column":34},"end":{"line":34,"column":38}},"10":{"start":{"line":36,"column":4},"end":{"line":51,"column":9}},"11":{"start":{"line":41,"column":24},"end":{"line":41,"column":61}},"12":{"start":{"line":43,"column":8},"end":{"line":43,"column":26}},"13":{"start":{"line":45,"column":8},"end":{"line":45,"column":32}},"14":{"start":{"line":46,"column":8},"end":{"line":46,"column":47}},"15":{"start":{"line":49,"column":24},"end":{"line":49,"column":51}},"16":{"start":{"line":50,"column":8},"end":{"line":50,"column":29}},"17":{"start":{"line":54,"column":2},"end":{"line":199,"column":4}},"18":{"start":{"line":145,"column":39},"end":{"line":145,"column":66}}},"fnMap":{"0":{"name":"SignUp","decl":{"start":{"line":9,"column":24},"end":{"line":9,"column":30}},"loc":{"start":{"line":9,"column":38},"end":{"line":200,"column":1}},"line":9},"1":{"name":"(anonymous_1)","decl":{"start":{"line":14,"column":19},"end":{"line":14,"column":20}},"loc":{"start":{"line":14,"column":29},"end":{"line":30,"column":3}},"line":14},"2":{"name":"(anonymous_2)","decl":{"start":{"line":25,"column":12},"end":{"line":25,"column":13}},"loc":{"start":{"line":25,"column":21},"end":{"line":28,"column":7}},"line":25},"3":{"name":"(anonymous_3)","decl":{"start":{"line":29,"column":13},"end":{"line":29,"column":14}},"loc":{"start":{"line":29,"column":22},"end":{"line":29,"column":60}},"line":29},"4":{"name":"(anonymous_4)","decl":{"start":{"line":33,"column":20},"end":{"line":33,"column":21}},"loc":{"start":{"line":33,"column":36},"end":{"line":52,"column":3}},"line":33},"5":{"name":"(anonymous_5)","decl":{"start":{"line":40,"column":12},"end":{"line":40,"column":13}},"loc":{"start":{"line":40,"column":21},"end":{"line":47,"column":7}},"line":40},"6":{"name":"(anonymous_6)","decl":{"start":{"line":48,"column":13},"end":{"line":48,"column":14}},"loc":{"start":{"line":48,"column":24},"end":{"line":51,"column":7}},"line":48},"7":{"name":"(anonymous_7)","decl":{"start":{"line":145,"column":28},"end":{"line":145,"column":29}},"loc":{"start":{"line":145,"column":39},"end":{"line":145,"column":66}},"line":145}},"branchMap":{"0":{"loc":{"start":{"line":62,"column":36},"end":{"line":62,"column":66}},"type":"binary-expr","locations":[{"start":{"line":62,"column":36},"end":{"line":62,"column":51}},{"start":{"line":62,"column":55},"end":{"line":62,"column":66}}],"line":62},"1":{"loc":{"start":{"line":74,"column":15},"end":{"line":78,"column":15}},"type":"binary-expr","locations":[{"start":{"line":74,"column":15},"end":{"line":74,"column":30}},{"start":{"line":75,"column":16},"end":{"line":77,"column":20}}],"line":74},"2":{"loc":{"start":{"line":90,"column":40},"end":{"line":90,"column":73}},"type":"binary-expr","locations":[{"start":{"line":90,"column":40},"end":{"line":90,"column":58}},{"start":{"line":90,"column":62},"end":{"line":90,"column":73}}],"line":90},"3":{"loc":{"start":{"line":102,"column":17},"end":{"line":106,"column":17}},"type":"binary-expr","locations":[{"start":{"line":102,"column":17},"end":{"line":102,"column":35}},{"start":{"line":103,"column":18},"end":{"line":105,"column":22}}],"line":102},"4":{"loc":{"start":{"line":115,"column":36},"end":{"line":115,"column":66}},"type":"binary-expr","locations":[{"start":{"line":115,"column":36},"end":{"line":115,"column":51}},{"start":{"line":115,"column":55},"end":{"line":115,"column":66}}],"line":115},"5":{"loc":{"start":{"line":127,"column":15},"end":{"line":131,"column":15}},"type":"binary-expr","locations":[{"start":{"line":127,"column":15},"end":{"line":127,"column":30}},{"start":{"line":128,"column":16},"end":{"line":130,"column":20}}],"line":127},"6":{"loc":{"start":{"line":139,"column":36},"end":{"line":139,"column":67}},"type":"binary-expr","locations":[{"start":{"line":139,"column":36},"end":{"line":139,"column":52}},{"start":{"line":139,"column":56},"end":{"line":139,"column":67}}],"line":139},"7":{"loc":{"start":{"line":148,"column":15},"end":{"line":152,"column":15}},"type":"binary-expr","locations":[{"start":{"line":148,"column":15},"end":{"line":148,"column":31}},{"start":{"line":149,"column":16},"end":{"line":151,"column":20}}],"line":148},"8":{"loc":{"start":{"line":169,"column":26},"end":{"line":169,"column":52}},"type":"cond-expr","locations":[{"start":{"line":169,"column":37},"end":{"line":169,"column":39}},{"start":{"line":169,"column":42},"end":{"line":169,"column":52}}],"line":169},"9":{"loc":{"start":{"line":170,"column":36},"end":{"line":170,"column":62}},"type":"binary-expr","locations":[{"start":{"line":170,"column":36},"end":{"line":170,"column":47}},{"start":{"line":170,"column":51},"end":{"line":170,"column":62}}],"line":170},"10":{"loc":{"start":{"line":181,"column":15},"end":{"line":183,"column":15}},"type":"binary-expr","locations":[{"start":{"line":181,"column":15},"end":{"line":181,"column":26}},{"start":{"line":182,"column":16},"end":{"line":182,"column":79}}],"line":181},"11":{"loc":{"start":{"line":191,"column":24},"end":{"line":191,"column":50}},"type":"cond-expr","locations":[{"start":{"line":191,"column":35},"end":{"line":191,"column":37}},{"start":{"line":191,"column":40},"end":{"line":191,"column":50}}],"line":191}},"s":{"0":1,"1":1,"2":1,"3":0,"4":0,"5":0,"6":0,"7":0,"8":1,"9":0,"10":0,"11":0,"12":0,"13":0,"14":0,"15":0,"16":0,"17":1,"18":0},"f":{"0":1,"1":0,"2":0,"3":0,"4":0,"5":0,"6":0,"7":0},"b":{"0":[1,0],"1":[1,0],"2":[1,0],"3":[1,0],"4":[1,0],"5":[1,0],"6":[1,0],"7":[1,0],"8":[0,1],"9":[1,0],"10":[1,0],"11":[0,1]},"_coverageSchema":"43e27e138ebf9cfc5966b082cf9a028302ed4184","hash":"48358a461986fef81a99c90381eada3fcddcc684"}
,"C:\\Users\\HASEE\\Desktop\\z-1111\\CMPT276\\public\\src\\pages\\ThankYou.js": {"path":"C:\\Users\\HASEE\\Desktop\\z-1111\\CMPT276\\public\\src\\pages\\ThankYou.js","statementMap":{"0":{"start":{"line":5,"column":17},"end":{"line":20,"column":1}},"1":{"start":{"line":6,"column":2},"end":{"line":19,"column":4}}},"fnMap":{"0":{"name":"(anonymous_0)","decl":{"start":{"line":5,"column":17},"end":{"line":5,"column":18}},"loc":{"start":{"line":5,"column":28},"end":{"line":20,"column":1}},"line":5}},"branchMap":{},"s":{"0":1,"1":0},"f":{"0":0},"b":{},"_coverageSchema":"43e27e138ebf9cfc5966b082cf9a028302ed4184","hash":"4e5791e11c5c9ec3243d3fbdff12a4ef01bc497f"}
,"C:\\Users\\HASEE\\Desktop\\z-1111\\CMPT276\\public\\src\\service\\service.js": {"path":"C:\\Users\\HASEE\\Desktop\\z-1111\\CMPT276\\public\\src\\service\\service.js","statementMap":{"0":{"start":{"line":4,"column":2},"end":{"line":4,"column":42}},"1":{"start":{"line":8,"column":2},"end":{"line":8,"column":46}},"2":{"start":{"line":12,"column":2},"end":{"line":12,"column":52}},"3":{"start":{"line":16,"column":2},"end":{"line":16,"column":53}},"4":{"start":{"line":20,"column":2},"end":{"line":20,"column":49}},"5":{"start":{"line":24,"column":2},"end":{"line":24,"column":50}},"6":{"start":{"line":29,"column":2},"end":{"line":29,"column":49}},"7":{"start":{"line":33,"column":2},"end":{"line":33,"column":50}}},"fnMap":{"0":{"name":"getAllUsers","decl":{"start":{"line":3,"column":16},"end":{"line":3,"column":27}},"loc":{"start":{"line":3,"column":30},"end":{"line":5,"column":1}},"line":3},"1":{"name":"login","decl":{"start":{"line":7,"column":16},"end":{"line":7,"column":21}},"loc":{"start":{"line":7,"column":29},"end":{"line":9,"column":1}},"line":7},"2":{"name":"getOngoing","decl":{"start":{"line":11,"column":16},"end":{"line":11,"column":26}},"loc":{"start":{"line":11,"column":34},"end":{"line":13,"column":1}},"line":11},"3":{"name":"getPrevious","decl":{"start":{"line":15,"column":16},"end":{"line":15,"column":27}},"loc":{"start":{"line":15,"column":35},"end":{"line":17,"column":1}},"line":15},"4":{"name":"register","decl":{"start":{"line":19,"column":16},"end":{"line":19,"column":24}},"loc":{"start":{"line":19,"column":32},"end":{"line":21,"column":1}},"line":19},"5":{"name":"register2","decl":{"start":{"line":23,"column":16},"end":{"line":23,"column":25}},"loc":{"start":{"line":23,"column":33},"end":{"line":25,"column":1}},"line":23},"6":{"name":"forgotpw","decl":{"start":{"line":28,"column":16},"end":{"line":28,"column":24}},"loc":{"start":{"line":28,"column":32},"end":{"line":30,"column":1}},"line":28},"7":{"name":"forgotpw2","decl":{"start":{"line":32,"column":16},"end":{"line":32,"column":25}},"loc":{"start":{"line":32,"column":33},"end":{"line":34,"column":1}},"line":32}},"branchMap":{},"s":{"0":1,"1":1,"2":1,"3":1,"4":1,"5":1,"6":2,"7":1},"f":{"0":1,"1":1,"2":1,"3":1,"4":1,"5":1,"6":2,"7":1},"b":{},"_coverageSchema":"43e27e138ebf9cfc5966b082cf9a028302ed4184","hash":"ba4294a5d0392c61368c0fb2f60f92b728d81d17"}
,"C:\\Users\\HASEE\\Desktop\\z-1111\\CMPT276\\public\\src\\store\\index.js": {"path":"C:\\Users\\HASEE\\Desktop\\z-1111\\CMPT276\\public\\src\\store\\index.js","statementMap":{},"fnMap":{},"branchMap":{},"s":{},"f":{},"b":{},"_coverageSchema":"43e27e138ebf9cfc5966b082cf9a028302ed4184","hash":"55d68851a242e5b92b7d596b8f0b682a3ce95447"}
}
