{"/home/eric/Desktop/CMPT276/CMPT276/public/src/Layout.js": {"path":"/home/eric/Desktop/CMPT276/CMPT276/public/src/Layout.js","statementMap":{"0":{"start":{"line":4,"column":15},"end":{"line":12,"column":1}},"1":{"start":{"line":5,"column":17},"end":{"line":5,"column":26}},"2":{"start":{"line":6,"column":4},"end":{"line":11,"column":5}}},"fnMap":{"0":{"name":"(anonymous_0)","decl":{"start":{"line":4,"column":15},"end":{"line":4,"column":16}},"loc":{"start":{"line":4,"column":26},"end":{"line":12,"column":1}},"line":4}},"branchMap":{},"s":{"0":6,"1":6,"2":6},"f":{"0":6},"b":{},"_coverageSchema":"43e27e138ebf9cfc5966b082cf9a028302ed4184","hash":"67078043fd0717fbf5afc9717aca77899a04ccfa"}
,"/home/eric/Desktop/CMPT276/CMPT276/public/src/components/Checkout.js": {"path":"/home/eric/Desktop/CMPT276/CMPT276/public/src/components/Checkout.js","statementMap":{"0":{"start":{"line":6,"column":17},"end":{"line":56,"column":1}},"1":{"start":{"line":7,"column":34},"end":{"line":7,"column":46}},"2":{"start":{"line":8,"column":36},"end":{"line":8,"column":51}},"3":{"start":{"line":9,"column":31},"end":{"line":9,"column":43}},"4":{"start":{"line":11,"column":8},"end":{"line":11,"column":22}},"5":{"start":{"line":14,"column":8},"end":{"line":14,"column":23}},"6":{"start":{"line":17,"column":8},"end":{"line":17,"column":21}},"7":{"start":{"line":19,"column":4},"end":{"line":54,"column":5}},"8":{"start":{"line":29,"column":28},"end":{"line":36,"column":29}}},"fnMap":{"0":{"name":"(anonymous_0)","decl":{"start":{"line":6,"column":17},"end":{"line":6,"column":18}},"loc":{"start":{"line":6,"column":69},"end":{"line":56,"column":1}},"line":6},"1":{"name":"updateAddress","decl":{"start":{"line":10,"column":13},"end":{"line":10,"column":26}},"loc":{"start":{"line":10,"column":29},"end":{"line":12,"column":5}},"line":10},"2":{"name":"updateSelected","decl":{"start":{"line":13,"column":13},"end":{"line":13,"column":27}},"loc":{"start":{"line":13,"column":31},"end":{"line":15,"column":5}},"line":13},"3":{"name":"updateLatLng","decl":{"start":{"line":16,"column":13},"end":{"line":16,"column":25}},"loc":{"start":{"line":16,"column":29},"end":{"line":18,"column":5}},"line":16},"4":{"name":"(anonymous_4)","decl":{"start":{"line":28,"column":37},"end":{"line":28,"column":38}},"loc":{"start":{"line":28,"column":45},"end":{"line":37,"column":25}},"line":28}},"branchMap":{"0":{"loc":{"start":{"line":51,"column":116},"end":{"line":51,"column":139}},"type":"cond-expr","locations":[{"start":{"line":51,"column":127},"end":{"line":51,"column":132}},{"start":{"line":51,"column":135},"end":{"line":51,"column":139}}],"line":51}},"s":{"0":2,"1":2,"2":2,"3":2,"4":0,"5":0,"6":0,"7":2,"8":0},"f":{"0":2,"1":0,"2":0,"3":0,"4":0},"b":{"0":[0,2]},"_coverageSchema":"43e27e138ebf9cfc5966b082cf9a028302ed4184","hash":"9255691b764723f04a934833505829798889a8d4"}
,"/home/eric/Desktop/CMPT276/CMPT276/public/src/components/CurrentCard.js": {"path":"/home/eric/Desktop/CMPT276/CMPT276/public/src/components/CurrentCard.js","statementMap":{"0":{"start":{"line":6,"column":8},"end":{"line":6,"column":20}},"1":{"start":{"line":7,"column":20},"end":{"line":7,"column":21}},"2":{"start":{"line":8,"column":8},"end":{"line":11,"column":9}},"3":{"start":{"line":9,"column":24},"end":{"line":9,"column":52}},"4":{"start":{"line":10,"column":12},"end":{"line":10,"column":50}},"5":{"start":{"line":12,"column":8},"end":{"line":14,"column":9}},"6":{"start":{"line":17,"column":8},"end":{"line":44,"column":9}},"7":{"start":{"line":22,"column":28},"end":{"line":33,"column":29}}},"fnMap":{"0":{"name":"(anonymous_0)","decl":{"start":{"line":5,"column":4},"end":{"line":5,"column":5}},"loc":{"start":{"line":5,"column":23},"end":{"line":15,"column":5}},"line":5},"1":{"name":"(anonymous_1)","decl":{"start":{"line":16,"column":4},"end":{"line":16,"column":5}},"loc":{"start":{"line":16,"column":13},"end":{"line":45,"column":5}},"line":16},"2":{"name":"(anonymous_2)","decl":{"start":{"line":21,"column":54},"end":{"line":21,"column":55}},"loc":{"start":{"line":21,"column":59},"end":{"line":34,"column":25}},"line":21}},"branchMap":{},"s":{"0":0,"1":0,"2":0,"3":0,"4":0,"5":0,"6":0,"7":0},"f":{"0":0,"1":0,"2":0},"b":{},"_coverageSchema":"43e27e138ebf9cfc5966b082cf9a028302ed4184","hash":"b4d2282e26790166b619f750758340f0a6566efa"}
,"/home/eric/Desktop/CMPT276/CMPT276/public/src/components/Driver.js": {"path":"/home/eric/Desktop/CMPT276/CMPT276/public/src/components/Driver.js","statementMap":{"0":{"start":{"line":13,"column":8},"end":{"line":13,"column":21}},"1":{"start":{"line":15,"column":21},"end":{"line":15,"column":30}},"2":{"start":{"line":16,"column":8},"end":{"line":16,"column":26}},"3":{"start":{"line":18,"column":8},"end":{"line":31,"column":9}},"4":{"start":{"line":32,"column":8},"end":{"line":32,"column":29}},"5":{"start":{"line":35,"column":27},"end":{"line":35,"column":45}},"6":{"start":{"line":36,"column":8},"end":{"line":36,"column":53}},"7":{"start":{"line":38,"column":20},"end":{"line":88,"column":5}},"8":{"start":{"line":39,"column":8},"end":{"line":39,"column":39}},"9":{"start":{"line":40,"column":8},"end":{"line":40,"column":70}},"10":{"start":{"line":42,"column":8},"end":{"line":57,"column":9}},"11":{"start":{"line":43,"column":12},"end":{"line":56,"column":13}},"12":{"start":{"line":44,"column":22},"end":{"line":47,"column":13}},"13":{"start":{"line":48,"column":12},"end":{"line":50,"column":14}},"14":{"start":{"line":51,"column":12},"end":{"line":54,"column":14}},"15":{"start":{"line":58,"column":8},"end":{"line":87,"column":9}},"16":{"start":{"line":59,"column":12},"end":{"line":59,"column":62}},"17":{"start":{"line":60,"column":31},"end":{"line":60,"column":49}},"18":{"start":{"line":61,"column":12},"end":{"line":86,"column":15}},"19":{"start":{"line":66,"column":16},"end":{"line":85,"column":17}},"20":{"start":{"line":67,"column":30},"end":{"line":67,"column":69}},"21":{"start":{"line":68,"column":20},"end":{"line":68,"column":36}},"22":{"start":{"line":69,"column":20},"end":{"line":84,"column":21}},"23":{"start":{"line":70,"column":24},"end":{"line":70,"column":63}},"24":{"start":{"line":71,"column":24},"end":{"line":75,"column":26}},"25":{"start":{"line":76,"column":26},"end":{"line":84,"column":21}},"26":{"start":{"line":77,"column":24},"end":{"line":77,"column":48}},"27":{"start":{"line":78,"column":24},"end":{"line":78,"column":69}},"28":{"start":{"line":79,"column":24},"end":{"line":83,"column":26}},"29":{"start":{"line":89,"column":19},"end":{"line":93,"column":5}},"30":{"start":{"line":90,"column":8},"end":{"line":92,"column":10}},"31":{"start":{"line":94,"column":19},"end":{"line":98,"column":5}},"32":{"start":{"line":95,"column":8},"end":{"line":97,"column":10}},"33":{"start":{"line":99,"column":18},"end":{"line":109,"column":5}},"34":{"start":{"line":100,"column":8},"end":{"line":103,"column":10}},"35":{"start":{"line":104,"column":8},"end":{"line":108,"column":10}},"36":{"start":{"line":111,"column":19},"end":{"line":111,"column":23}},"37":{"start":{"line":112,"column":23},"end":{"line":112,"column":62}},"38":{"start":{"line":113,"column":8},"end":{"line":116,"column":10}},"39":{"start":{"line":114,"column":12},"end":{"line":114,"column":41}},"40":{"start":{"line":115,"column":12},"end":{"line":115,"column":31}},"41":{"start":{"line":117,"column":8},"end":{"line":135,"column":10}},"42":{"start":{"line":118,"column":12},"end":{"line":118,"column":33}},"43":{"start":{"line":119,"column":12},"end":{"line":133,"column":13}},"44":{"start":{"line":123,"column":20},"end":{"line":126,"column":22}},"45":{"start":{"line":127,"column":20},"end":{"line":132,"column":21}},"46":{"start":{"line":128,"column":36},"end":{"line":128,"column":56}},"47":{"start":{"line":129,"column":24},"end":{"line":131,"column":25}},"48":{"start":{"line":130,"column":28},"end":{"line":130,"column":58}},"49":{"start":{"line":134,"column":12},"end":{"line":134,"column":31}},"50":{"start":{"line":136,"column":8},"end":{"line":143,"column":10}},"51":{"start":{"line":137,"column":12},"end":{"line":139,"column":14}},"52":{"start":{"line":140,"column":12},"end":{"line":142,"column":13}},"53":{"start":{"line":141,"column":16},"end":{"line":141,"column":67}},"54":{"start":{"line":144,"column":8},"end":{"line":149,"column":10}},"55":{"start":{"line":145,"column":12},"end":{"line":148,"column":14}},"56":{"start":{"line":150,"column":8},"end":{"line":152,"column":10}},"57":{"start":{"line":151,"column":45},"end":{"line":151,"column":65}},"58":{"start":{"line":155,"column":8},"end":{"line":162,"column":9}},"59":{"start":{"line":156,"column":12},"end":{"line":156,"column":34}},"60":{"start":{"line":157,"column":12},"end":{"line":161,"column":13}},"61":{"start":{"line":158,"column":16},"end":{"line":158,"column":52}},"62":{"start":{"line":159,"column":16},"end":{"line":159,"column":65}},"63":{"start":{"line":160,"column":16},"end":{"line":160,"column":66}},"64":{"start":{"line":165,"column":8},"end":{"line":167,"column":10}},"65":{"start":{"line":169,"column":8},"end":{"line":169,"column":58}},"66":{"start":{"line":170,"column":8},"end":{"line":170,"column":39}},"67":{"start":{"line":173,"column":8},"end":{"line":175,"column":10}},"68":{"start":{"line":177,"column":8},"end":{"line":177,"column":58}},"69":{"start":{"line":178,"column":8},"end":{"line":178,"column":39}},"70":{"start":{"line":181,"column":8},"end":{"line":183,"column":10}},"71":{"start":{"line":185,"column":8},"end":{"line":185,"column":58}},"72":{"start":{"line":186,"column":8},"end":{"line":186,"column":39}},"73":{"start":{"line":189,"column":8},"end":{"line":240,"column":9}},"74":{"start":{"line":195,"column":32},"end":{"line":212,"column":33}}},"fnMap":{"0":{"name":"(anonymous_0)","decl":{"start":{"line":12,"column":4},"end":{"line":12,"column":5}},"loc":{"start":{"line":12,"column":23},"end":{"line":33,"column":5}},"line":12},"1":{"name":"(anonymous_1)","decl":{"start":{"line":34,"column":4},"end":{"line":34,"column":5}},"loc":{"start":{"line":34,"column":24},"end":{"line":37,"column":5}},"line":34},"2":{"name":"(anonymous_2)","decl":{"start":{"line":38,"column":20},"end":{"line":38,"column":21}},"loc":{"start":{"line":38,"column":26},"end":{"line":88,"column":5}},"line":38},"3":{"name":"(anonymous_3)","decl":{"start":{"line":43,"column":53},"end":{"line":43,"column":54}},"loc":{"start":{"line":43,"column":65},"end":{"line":56,"column":11}},"line":43},"4":{"name":"(anonymous_4)","decl":{"start":{"line":65,"column":15},"end":{"line":65,"column":16}},"loc":{"start":{"line":65,"column":35},"end":{"line":86,"column":13}},"line":65},"5":{"name":"(anonymous_5)","decl":{"start":{"line":89,"column":19},"end":{"line":89,"column":20}},"loc":{"start":{"line":89,"column":24},"end":{"line":93,"column":5}},"line":89},"6":{"name":"(anonymous_6)","decl":{"start":{"line":94,"column":19},"end":{"line":94,"column":20}},"loc":{"start":{"line":94,"column":27},"end":{"line":98,"column":5}},"line":94},"7":{"name":"(anonymous_7)","decl":{"start":{"line":99,"column":18},"end":{"line":99,"column":19}},"loc":{"start":{"line":99,"column":28},"end":{"line":109,"column":5}},"line":99},"8":{"name":"(anonymous_8)","decl":{"start":{"line":110,"column":4},"end":{"line":110,"column":5}},"loc":{"start":{"line":110,"column":24},"end":{"line":153,"column":5}},"line":110},"9":{"name":"(anonymous_9)","decl":{"start":{"line":113,"column":29},"end":{"line":113,"column":30}},"loc":{"start":{"line":113,"column":37},"end":{"line":116,"column":9}},"line":113},"10":{"name":"(anonymous_10)","decl":{"start":{"line":117,"column":32},"end":{"line":117,"column":33}},"loc":{"start":{"line":117,"column":43},"end":{"line":135,"column":9}},"line":117},"11":{"name":"(anonymous_11)","decl":{"start":{"line":136,"column":52},"end":{"line":136,"column":53}},"loc":{"start":{"line":136,"column":60},"end":{"line":143,"column":9}},"line":136},"12":{"name":"(anonymous_12)","decl":{"start":{"line":144,"column":87},"end":{"line":144,"column":88}},"loc":{"start":{"line":144,"column":95},"end":{"line":149,"column":9}},"line":144},"13":{"name":"(anonymous_13)","decl":{"start":{"line":151,"column":34},"end":{"line":151,"column":35}},"loc":{"start":{"line":151,"column":44},"end":{"line":151,"column":66}},"line":151},"14":{"name":"(anonymous_14)","decl":{"start":{"line":154,"column":4},"end":{"line":154,"column":5}},"loc":{"start":{"line":154,"column":43},"end":{"line":163,"column":5}},"line":154},"15":{"name":"(anonymous_15)","decl":{"start":{"line":164,"column":4},"end":{"line":164,"column":5}},"loc":{"start":{"line":164,"column":20},"end":{"line":171,"column":5}},"line":164},"16":{"name":"(anonymous_16)","decl":{"start":{"line":172,"column":4},"end":{"line":172,"column":5}},"loc":{"start":{"line":172,"column":21},"end":{"line":179,"column":5}},"line":172},"17":{"name":"(anonymous_17)","decl":{"start":{"line":180,"column":4},"end":{"line":180,"column":5}},"loc":{"start":{"line":180,"column":21},"end":{"line":187,"column":5}},"line":180},"18":{"name":"(anonymous_18)","decl":{"start":{"line":188,"column":4},"end":{"line":188,"column":5}},"loc":{"start":{"line":188,"column":13},"end":{"line":241,"column":5}},"line":188},"19":{"name":"(anonymous_19)","decl":{"start":{"line":194,"column":51},"end":{"line":194,"column":52}},"loc":{"start":{"line":194,"column":63},"end":{"line":213,"column":25}},"line":194}},"branchMap":{"0":{"loc":{"start":{"line":42,"column":8},"end":{"line":57,"column":9}},"type":"if","locations":[{"start":{"line":42,"column":8},"end":{"line":57,"column":9}},{"start":{"line":42,"column":8},"end":{"line":57,"column":9}}],"line":42},"1":{"loc":{"start":{"line":58,"column":8},"end":{"line":87,"column":9}},"type":"if","locations":[{"start":{"line":58,"column":8},"end":{"line":87,"column":9}},{"start":{"line":58,"column":8},"end":{"line":87,"column":9}}],"line":58},"2":{"loc":{"start":{"line":58,"column":11},"end":{"line":58,"column":87}},"type":"binary-expr","locations":[{"start":{"line":58,"column":11},"end":{"line":58,"column":34}},{"start":{"line":58,"column":38},"end":{"line":58,"column":87}}],"line":58},"3":{"loc":{"start":{"line":66,"column":16},"end":{"line":85,"column":17}},"type":"if","locations":[{"start":{"line":66,"column":16},"end":{"line":85,"column":17}},{"start":{"line":66,"column":16},"end":{"line":85,"column":17}}],"line":66},"4":{"loc":{"start":{"line":69,"column":20},"end":{"line":84,"column":21}},"type":"if","locations":[{"start":{"line":69,"column":20},"end":{"line":84,"column":21}},{"start":{"line":69,"column":20},"end":{"line":84,"column":21}}],"line":69},"5":{"loc":{"start":{"line":76,"column":26},"end":{"line":84,"column":21}},"type":"if","locations":[{"start":{"line":76,"column":26},"end":{"line":84,"column":21}},{"start":{"line":76,"column":26},"end":{"line":84,"column":21}}],"line":76},"6":{"loc":{"start":{"line":119,"column":12},"end":{"line":133,"column":13}},"type":"if","locations":[{"start":{"line":119,"column":12},"end":{"line":133,"column":13}},{"start":{"line":119,"column":12},"end":{"line":133,"column":13}}],"line":119},"7":{"loc":{"start":{"line":119,"column":15},"end":{"line":121,"column":63}},"type":"binary-expr","locations":[{"start":{"line":119,"column":15},"end":{"line":119,"column":38}},{"start":{"line":120,"column":16},"end":{"line":120,"column":65}},{"start":{"line":121,"column":16},"end":{"line":121,"column":63}}],"line":119},"8":{"loc":{"start":{"line":129,"column":24},"end":{"line":131,"column":25}},"type":"if","locations":[{"start":{"line":129,"column":24},"end":{"line":131,"column":25}},{"start":{"line":129,"column":24},"end":{"line":131,"column":25}}],"line":129},"9":{"loc":{"start":{"line":155,"column":8},"end":{"line":162,"column":9}},"type":"if","locations":[{"start":{"line":155,"column":8},"end":{"line":162,"column":9}},{"start":{"line":155,"column":8},"end":{"line":162,"column":9}}],"line":155},"10":{"loc":{"start":{"line":157,"column":12},"end":{"line":161,"column":13}},"type":"if","locations":[{"start":{"line":157,"column":12},"end":{"line":161,"column":13}},{"start":{"line":157,"column":12},"end":{"line":161,"column":13}}],"line":157},"11":{"loc":{"start":{"line":157,"column":16},"end":{"line":157,"column":90}},"type":"binary-expr","locations":[{"start":{"line":157,"column":16},"end":{"line":157,"column":39}},{"start":{"line":157,"column":43},"end":{"line":157,"column":90}}],"line":157},"12":{"loc":{"start":{"line":191,"column":16},"end":{"line":224,"column":26}},"type":"cond-expr","locations":[{"start":{"line":192,"column":20},"end":{"line":214,"column":26}},{"start":{"line":216,"column":20},"end":{"line":224,"column":26}}],"line":191},"13":{"loc":{"start":{"line":191,"column":16},"end":{"line":191,"column":92}},"type":"binary-expr","locations":[{"start":{"line":191,"column":16},"end":{"line":191,"column":39}},{"start":{"line":191,"column":43},"end":{"line":191,"column":92}}],"line":191}},"s":{"0":1,"1":1,"2":1,"3":1,"4":1,"5":0,"6":0,"7":1,"8":1,"9":1,"10":1,"11":0,"12":0,"13":0,"14":0,"15":1,"16":0,"17":0,"18":0,"19":0,"20":0,"21":0,"22":0,"23":0,"24":0,"25":0,"26":0,"27":0,"28":0,"29":1,"30":0,"31":1,"32":0,"33":1,"34":0,"35":0,"36":1,"37":1,"38":1,"39":0,"40":0,"41":1,"42":0,"43":0,"44":0,"45":0,"46":0,"47":0,"48":0,"49":0,"50":1,"51":0,"52":0,"53":0,"54":1,"55":0,"56":1,"57":0,"58":1,"59":0,"60":0,"61":0,"62":0,"63":0,"64":0,"65":0,"66":0,"67":0,"68":0,"69":0,"70":0,"71":0,"72":0,"73":2,"74":0},"f":{"0":1,"1":0,"2":1,"3":0,"4":0,"5":0,"6":0,"7":0,"8":1,"9":0,"10":0,"11":0,"12":0,"13":0,"14":1,"15":0,"16":0,"17":0,"18":2,"19":0},"b":{"0":[0,1],"1":[0,1],"2":[1,1],"3":[0,0],"4":[0,0],"5":[0,0],"6":[0,0],"7":[0,0,0],"8":[0,0],"9":[0,1],"10":[0,0],"11":[0,0],"12":[2,0],"13":[2,2]},"_coverageSchema":"43e27e138ebf9cfc5966b082cf9a028302ed4184","hash":"9141300176063293da7c884b9f92e1be002b06eb"}
,"/home/eric/Desktop/CMPT276/CMPT276/public/src/components/GoogleMaps.js": {"path":"/home/eric/Desktop/CMPT276/CMPT276/public/src/components/GoogleMaps.js","statementMap":{"0":{"start":{"line":7,"column":8},"end":{"line":7,"column":21}},"1":{"start":{"line":8,"column":8},"end":{"line":13,"column":9}},"2":{"start":{"line":16,"column":6},"end":{"line":18,"column":8}},"3":{"start":{"line":22,"column":6},"end":{"line":24,"column":7}},"4":{"start":{"line":23,"column":8},"end":{"line":23,"column":48}},"5":{"start":{"line":25,"column":6},"end":{"line":29,"column":7}},"6":{"start":{"line":26,"column":8},"end":{"line":28,"column":10}},"7":{"start":{"line":30,"column":6},"end":{"line":34,"column":7}},"8":{"start":{"line":31,"column":8},"end":{"line":33,"column":10}},"9":{"start":{"line":36,"column":23},"end":{"line":60,"column":5}},"10":{"start":{"line":37,"column":25},"end":{"line":37,"column":62}},"11":{"start":{"line":38,"column":6},"end":{"line":38,"column":32}},"12":{"start":{"line":39,"column":6},"end":{"line":39,"column":32}},"13":{"start":{"line":40,"column":6},"end":{"line":42,"column":8}},"14":{"start":{"line":43,"column":6},"end":{"line":43,"column":39}},"15":{"start":{"line":44,"column":6},"end":{"line":59,"column":9}},"16":{"start":{"line":49,"column":8},"end":{"line":58,"column":9}},"17":{"start":{"line":50,"column":10},"end":{"line":52,"column":13}},"18":{"start":{"line":54,"column":10},"end":{"line":56,"column":13}},"19":{"start":{"line":63,"column":8},"end":{"line":75,"column":9}},"20":{"start":{"line":65,"column":28},"end":{"line":65,"column":43}},"21":{"start":{"line":70,"column":16},"end":{"line":70,"column":54}}},"fnMap":{"0":{"name":"(anonymous_0)","decl":{"start":{"line":6,"column":4},"end":{"line":6,"column":5}},"loc":{"start":{"line":6,"column":23},"end":{"line":14,"column":5}},"line":6},"1":{"name":"(anonymous_1)","decl":{"start":{"line":15,"column":4},"end":{"line":15,"column":5}},"loc":{"start":{"line":15,"column":29},"end":{"line":19,"column":5}},"line":15},"2":{"name":"(anonymous_2)","decl":{"start":{"line":20,"column":4},"end":{"line":20,"column":5}},"loc":{"start":{"line":20,"column":45},"end":{"line":35,"column":5}},"line":20},"3":{"name":"(anonymous_3)","decl":{"start":{"line":36,"column":23},"end":{"line":36,"column":24}},"loc":{"start":{"line":36,"column":30},"end":{"line":60,"column":5}},"line":36},"4":{"name":"(anonymous_4)","decl":{"start":{"line":48,"column":9},"end":{"line":48,"column":10}},"loc":{"start":{"line":48,"column":29},"end":{"line":59,"column":7}},"line":48},"5":{"name":"(anonymous_5)","decl":{"start":{"line":62,"column":4},"end":{"line":62,"column":5}},"loc":{"start":{"line":62,"column":13},"end":{"line":76,"column":5}},"line":62},"6":{"name":"(anonymous_6)","decl":{"start":{"line":65,"column":17},"end":{"line":65,"column":18}},"loc":{"start":{"line":65,"column":26},"end":{"line":65,"column":45}},"line":65},"7":{"name":"(anonymous_7)","decl":{"start":{"line":69,"column":35},"end":{"line":69,"column":36}},"loc":{"start":{"line":69,"column":40},"end":{"line":71,"column":13}},"line":69}},"branchMap":{"0":{"loc":{"start":{"line":22,"column":6},"end":{"line":24,"column":7}},"type":"if","locations":[{"start":{"line":22,"column":6},"end":{"line":24,"column":7}},{"start":{"line":22,"column":6},"end":{"line":24,"column":7}}],"line":22},"1":{"loc":{"start":{"line":25,"column":6},"end":{"line":29,"column":7}},"type":"if","locations":[{"start":{"line":25,"column":6},"end":{"line":29,"column":7}},{"start":{"line":25,"column":6},"end":{"line":29,"column":7}}],"line":25},"2":{"loc":{"start":{"line":30,"column":6},"end":{"line":34,"column":7}},"type":"if","locations":[{"start":{"line":30,"column":6},"end":{"line":34,"column":7}},{"start":{"line":30,"column":6},"end":{"line":34,"column":7}}],"line":30},"3":{"loc":{"start":{"line":49,"column":8},"end":{"line":58,"column":9}},"type":"if","locations":[{"start":{"line":49,"column":8},"end":{"line":58,"column":9}},{"start":{"line":49,"column":8},"end":{"line":58,"column":9}}],"line":49},"4":{"loc":{"start":{"line":72,"column":13},"end":{"line":72,"column":95}},"type":"binary-expr","locations":[{"start":{"line":72,"column":13},"end":{"line":72,"column":34}},{"start":{"line":72,"column":38},"end":{"line":72,"column":95}}],"line":72},"5":{"loc":{"start":{"line":73,"column":13},"end":{"line":73,"column":106}},"type":"binary-expr","locations":[{"start":{"line":73,"column":13},"end":{"line":73,"column":33}},{"start":{"line":73,"column":37},"end":{"line":73,"column":55}},{"start":{"line":73,"column":59},"end":{"line":73,"column":106}}],"line":73}},"s":{"0":0,"1":0,"2":0,"3":0,"4":0,"5":0,"6":0,"7":0,"8":0,"9":0,"10":0,"11":0,"12":0,"13":0,"14":0,"15":0,"16":0,"17":0,"18":0,"19":0,"20":0,"21":0},"f":{"0":0,"1":0,"2":0,"3":0,"4":0,"5":0,"6":0,"7":0},"b":{"0":[0,0],"1":[0,0],"2":[0,0],"3":[0,0],"4":[0,0],"5":[0,0,0]},"_coverageSchema":"43e27e138ebf9cfc5966b082cf9a028302ed4184","hash":"802316c702eb355238a92d1020f3bc631c79865d"}
,"/home/eric/Desktop/CMPT276/CMPT276/public/src/components/Header.js": {"path":"/home/eric/Desktop/CMPT276/CMPT276/public/src/components/Header.js","statementMap":{"0":{"start":{"line":7,"column":15},"end":{"line":56,"column":1}},"1":{"start":{"line":9,"column":22},"end":{"line":29,"column":5}},"2":{"start":{"line":10,"column":8},"end":{"line":28,"column":10}},"3":{"start":{"line":15,"column":16},"end":{"line":17,"column":17}},"4":{"start":{"line":16,"column":20},"end":{"line":16,"column":44}},"5":{"start":{"line":18,"column":16},"end":{"line":20,"column":17}},"6":{"start":{"line":19,"column":20},"end":{"line":19,"column":52}},"7":{"start":{"line":21,"column":16},"end":{"line":23,"column":17}},"8":{"start":{"line":22,"column":20},"end":{"line":22,"column":52}},"9":{"start":{"line":24,"column":16},"end":{"line":26,"column":17}},"10":{"start":{"line":25,"column":20},"end":{"line":25,"column":55}},"11":{"start":{"line":31,"column":4},"end":{"line":55,"column":5}}},"fnMap":{"0":{"name":"(anonymous_0)","decl":{"start":{"line":7,"column":15},"end":{"line":7,"column":16}},"loc":{"start":{"line":7,"column":26},"end":{"line":56,"column":1}},"line":7},"1":{"name":"(anonymous_1)","decl":{"start":{"line":9,"column":22},"end":{"line":9,"column":23}},"loc":{"start":{"line":9,"column":28},"end":{"line":29,"column":5}},"line":9},"2":{"name":"(anonymous_2)","decl":{"start":{"line":14,"column":18},"end":{"line":14,"column":19}},"loc":{"start":{"line":14,"column":26},"end":{"line":27,"column":13}},"line":14}},"branchMap":{"0":{"loc":{"start":{"line":15,"column":16},"end":{"line":17,"column":17}},"type":"if","locations":[{"start":{"line":15,"column":16},"end":{"line":17,"column":17}},{"start":{"line":15,"column":16},"end":{"line":17,"column":17}}],"line":15},"1":{"loc":{"start":{"line":18,"column":16},"end":{"line":20,"column":17}},"type":"if","locations":[{"start":{"line":18,"column":16},"end":{"line":20,"column":17}},{"start":{"line":18,"column":16},"end":{"line":20,"column":17}}],"line":18},"2":{"loc":{"start":{"line":21,"column":16},"end":{"line":23,"column":17}},"type":"if","locations":[{"start":{"line":21,"column":16},"end":{"line":23,"column":17}},{"start":{"line":21,"column":16},"end":{"line":23,"column":17}}],"line":21},"3":{"loc":{"start":{"line":24,"column":16},"end":{"line":26,"column":17}},"type":"if","locations":[{"start":{"line":24,"column":16},"end":{"line":26,"column":17}},{"start":{"line":24,"column":16},"end":{"line":26,"column":17}}],"line":24},"4":{"loc":{"start":{"line":38,"column":28},"end":{"line":38,"column":72}},"type":"cond-expr","locations":[{"start":{"line":38,"column":52},"end":{"line":38,"column":64}},{"start":{"line":38,"column":67},"end":{"line":38,"column":72}}],"line":38},"5":{"loc":{"start":{"line":39,"column":18},"end":{"line":51,"column":17}},"type":"cond-expr","locations":[{"start":{"line":40,"column":20},"end":{"line":45,"column":37}},{"start":{"line":47,"column":20},"end":{"line":50,"column":37}}],"line":39}},"s":{"0":7,"1":8,"2":2,"3":0,"4":0,"5":0,"6":0,"7":0,"8":0,"9":0,"10":0,"11":8},"f":{"0":8,"1":2,"2":0},"b":{"0":[0,0],"1":[0,0],"2":[0,0],"3":[0,0],"4":[2,6],"5":[1,7]},"_coverageSchema":"43e27e138ebf9cfc5966b082cf9a028302ed4184","hash":"cced06f1bbd6224905aa4d52f4a1349e99e12608"}
,"/home/eric/Desktop/CMPT276/CMPT276/public/src/components/LocationSearchInput.js": {"path":"/home/eric/Desktop/CMPT276/CMPT276/public/src/components/LocationSearchInput.js","statementMap":{"0":{"start":{"line":6,"column":4},"end":{"line":6,"column":17}},"1":{"start":{"line":7,"column":4},"end":{"line":9,"column":8}},"2":{"start":{"line":12,"column":17},"end":{"line":15,"column":3}},"3":{"start":{"line":13,"column":4},"end":{"line":13,"column":31}},"4":{"start":{"line":14,"column":4},"end":{"line":14,"column":35}},"5":{"start":{"line":16,"column":17},"end":{"line":18,"column":3}},"6":{"start":{"line":17,"column":4},"end":{"line":17,"column":34}},"7":{"start":{"line":19,"column":17},"end":{"line":22,"column":3}},"8":{"start":{"line":20,"column":4},"end":{"line":20,"column":31}},"9":{"start":{"line":21,"column":4},"end":{"line":21,"column":31}},"10":{"start":{"line":24,"column":17},"end":{"line":32,"column":3}},"11":{"start":{"line":25,"column":4},"end":{"line":25,"column":31}},"12":{"start":{"line":26,"column":4},"end":{"line":26,"column":31}},"13":{"start":{"line":27,"column":4},"end":{"line":27,"column":24}},"14":{"start":{"line":28,"column":4},"end":{"line":31,"column":53}},"15":{"start":{"line":29,"column":23},"end":{"line":29,"column":44}},"16":{"start":{"line":30,"column":22},"end":{"line":30,"column":53}},"17":{"start":{"line":31,"column":22},"end":{"line":31,"column":51}},"18":{"start":{"line":35,"column":4},"end":{"line":81,"column":6}},"19":{"start":{"line":42,"column":10},"end":{"line":76,"column":16}},"20":{"start":{"line":57,"column":34},"end":{"line":59,"column":37}},"21":{"start":{"line":61,"column":30},"end":{"line":63,"column":69}},"22":{"start":{"line":64,"column":16},"end":{"line":73,"column":18}}},"fnMap":{"0":{"name":"(anonymous_0)","decl":{"start":{"line":5,"column":2},"end":{"line":5,"column":3}},"loc":{"start":{"line":5,"column":21},"end":{"line":10,"column":3}},"line":5},"1":{"name":"(anonymous_1)","decl":{"start":{"line":12,"column":17},"end":{"line":12,"column":18}},"loc":{"start":{"line":12,"column":28},"end":{"line":15,"column":3}},"line":12},"2":{"name":"(anonymous_2)","decl":{"start":{"line":16,"column":17},"end":{"line":16,"column":18}},"loc":{"start":{"line":16,"column":23},"end":{"line":18,"column":3}},"line":16},"3":{"name":"(anonymous_3)","decl":{"start":{"line":19,"column":17},"end":{"line":19,"column":18}},"loc":{"start":{"line":19,"column":28},"end":{"line":22,"column":3}},"line":19},"4":{"name":"(anonymous_4)","decl":{"start":{"line":24,"column":17},"end":{"line":24,"column":18}},"loc":{"start":{"line":24,"column":28},"end":{"line":32,"column":3}},"line":24},"5":{"name":"(anonymous_5)","decl":{"start":{"line":29,"column":12},"end":{"line":29,"column":13}},"loc":{"start":{"line":29,"column":23},"end":{"line":29,"column":44}},"line":29},"6":{"name":"(anonymous_6)","decl":{"start":{"line":30,"column":12},"end":{"line":30,"column":13}},"loc":{"start":{"line":30,"column":22},"end":{"line":30,"column":53}},"line":30},"7":{"name":"(anonymous_7)","decl":{"start":{"line":31,"column":13},"end":{"line":31,"column":14}},"loc":{"start":{"line":31,"column":22},"end":{"line":31,"column":51}},"line":31},"8":{"name":"(anonymous_8)","decl":{"start":{"line":34,"column":2},"end":{"line":34,"column":3}},"loc":{"start":{"line":34,"column":11},"end":{"line":82,"column":3}},"line":34},"9":{"name":"(anonymous_9)","decl":{"start":{"line":41,"column":9},"end":{"line":41,"column":10}},"loc":{"start":{"line":42,"column":10},"end":{"line":76,"column":16}},"line":42},"10":{"name":"(anonymous_10)","decl":{"start":{"line":56,"column":31},"end":{"line":56,"column":32}},"loc":{"start":{"line":56,"column":45},"end":{"line":74,"column":15}},"line":56}},"branchMap":{"0":{"loc":{"start":{"line":55,"column":15},"end":{"line":55,"column":47}},"type":"binary-expr","locations":[{"start":{"line":55,"column":15},"end":{"line":55,"column":22}},{"start":{"line":55,"column":26},"end":{"line":55,"column":47}}],"line":55},"1":{"loc":{"start":{"line":57,"column":34},"end":{"line":59,"column":37}},"type":"cond-expr","locations":[{"start":{"line":58,"column":20},"end":{"line":58,"column":45}},{"start":{"line":59,"column":20},"end":{"line":59,"column":37}}],"line":57},"2":{"loc":{"start":{"line":61,"column":30},"end":{"line":63,"column":69}},"type":"cond-expr","locations":[{"start":{"line":62,"column":20},"end":{"line":62,"column":69}},{"start":{"line":63,"column":20},"end":{"line":63,"column":69}}],"line":61}},"s":{"0":2,"1":2,"2":2,"3":0,"4":0,"5":2,"6":0,"7":2,"8":0,"9":0,"10":2,"11":0,"12":0,"13":0,"14":0,"15":0,"16":0,"17":0,"18":2,"19":2,"20":0,"21":0,"22":0},"f":{"0":2,"1":0,"2":0,"3":0,"4":0,"5":0,"6":0,"7":0,"8":2,"9":2,"10":0},"b":{"0":[2,0],"1":[0,0],"2":[0,0]},"_coverageSchema":"43e27e138ebf9cfc5966b082cf9a028302ed4184","hash":"dd63fdab344ac8998574e08c14b99360b0c7091e"}
,"/home/eric/Desktop/CMPT276/CMPT276/public/src/components/OrderCard.js": {"path":"/home/eric/Desktop/CMPT276/CMPT276/public/src/components/OrderCard.js","statementMap":{"0":{"start":{"line":30,"column":8},"end":{"line":30,"column":20}},"1":{"start":{"line":31,"column":8},"end":{"line":31,"column":36}},"2":{"start":{"line":32,"column":20},"end":{"line":32,"column":21}},"3":{"start":{"line":33,"column":8},"end":{"line":36,"column":9}},"4":{"start":{"line":34,"column":22},"end":{"line":34,"column":44}},"5":{"start":{"line":35,"column":10},"end":{"line":35,"column":48}},"6":{"start":{"line":37,"column":8},"end":{"line":41,"column":7}},"7":{"start":{"line":44,"column":8},"end":{"line":62,"column":9}},"8":{"start":{"line":45,"column":12},"end":{"line":61,"column":17}},"9":{"start":{"line":50,"column":16},"end":{"line":60,"column":17}},"10":{"start":{"line":51,"column":18},"end":{"line":55,"column":21}},"11":{"start":{"line":57,"column":18},"end":{"line":59,"column":21}},"12":{"start":{"line":66,"column":6},"end":{"line":66,"column":37}},"13":{"start":{"line":67,"column":8},"end":{"line":86,"column":9}},"14":{"start":{"line":68,"column":12},"end":{"line":85,"column":17}},"15":{"start":{"line":73,"column":16},"end":{"line":84,"column":17}},"16":{"start":{"line":74,"column":18},"end":{"line":78,"column":21}},"17":{"start":{"line":80,"column":18},"end":{"line":82,"column":21}},"18":{"start":{"line":88,"column":18},"end":{"line":93,"column":5}},"19":{"start":{"line":89,"column":7},"end":{"line":92,"column":8}},"20":{"start":{"line":94,"column":17},"end":{"line":97,"column":5}},"21":{"start":{"line":95,"column":8},"end":{"line":95,"column":50}},"22":{"start":{"line":96,"column":8},"end":{"line":96,"column":51}},"23":{"start":{"line":98,"column":13},"end":{"line":104,"column":5}},"24":{"start":{"line":99,"column":6},"end":{"line":101,"column":8}},"25":{"start":{"line":102,"column":6},"end":{"line":102,"column":46}},"26":{"start":{"line":103,"column":6},"end":{"line":103,"column":36}},"27":{"start":{"line":106,"column":27},"end":{"line":106,"column":136}},"28":{"start":{"line":106,"column":74},"end":{"line":106,"column":135}},"29":{"start":{"line":108,"column":8},"end":{"line":140,"column":9}},"30":{"start":{"line":109,"column":52},"end":{"line":109,"column":69}},"31":{"start":{"line":113,"column":28},"end":{"line":124,"column":29}},"32":{"start":{"line":135,"column":17},"end":{"line":135,"column":36}},"33":{"start":{"line":136,"column":17},"end":{"line":136,"column":35}},"34":{"start":{"line":137,"column":17},"end":{"line":137,"column":30}}},"fnMap":{"0":{"name":"(anonymous_0)","decl":{"start":{"line":29,"column":4},"end":{"line":29,"column":5}},"loc":{"start":{"line":29,"column":22},"end":{"line":42,"column":5}},"line":29},"1":{"name":"(anonymous_1)","decl":{"start":{"line":43,"column":4},"end":{"line":43,"column":5}},"loc":{"start":{"line":43,"column":23},"end":{"line":64,"column":5}},"line":43},"2":{"name":"(anonymous_2)","decl":{"start":{"line":49,"column":17},"end":{"line":49,"column":18}},"loc":{"start":{"line":49,"column":37},"end":{"line":61,"column":15}},"line":49},"3":{"name":"(anonymous_3)","decl":{"start":{"line":65,"column":4},"end":{"line":65,"column":5}},"loc":{"start":{"line":65,"column":33},"end":{"line":87,"column":5}},"line":65},"4":{"name":"(anonymous_4)","decl":{"start":{"line":72,"column":17},"end":{"line":72,"column":18}},"loc":{"start":{"line":72,"column":37},"end":{"line":85,"column":15}},"line":72},"5":{"name":"(anonymous_5)","decl":{"start":{"line":88,"column":18},"end":{"line":88,"column":19}},"loc":{"start":{"line":88,"column":24},"end":{"line":93,"column":5}},"line":88},"6":{"name":"(anonymous_6)","decl":{"start":{"line":94,"column":17},"end":{"line":94,"column":18}},"loc":{"start":{"line":94,"column":22},"end":{"line":97,"column":5}},"line":94},"7":{"name":"(anonymous_7)","decl":{"start":{"line":98,"column":13},"end":{"line":98,"column":14}},"loc":{"start":{"line":98,"column":19},"end":{"line":104,"column":5}},"line":98},"8":{"name":"(anonymous_8)","decl":{"start":{"line":105,"column":4},"end":{"line":105,"column":5}},"loc":{"start":{"line":105,"column":13},"end":{"line":141,"column":5}},"line":105},"9":{"name":"(anonymous_9)","decl":{"start":{"line":106,"column":53},"end":{"line":106,"column":54}},"loc":{"start":{"line":106,"column":74},"end":{"line":106,"column":135}},"line":106},"10":{"name":"(anonymous_10)","decl":{"start":{"line":109,"column":47},"end":{"line":109,"column":48}},"loc":{"start":{"line":109,"column":51},"end":{"line":109,"column":70}},"line":109},"11":{"name":"(anonymous_11)","decl":{"start":{"line":112,"column":48},"end":{"line":112,"column":49}},"loc":{"start":{"line":112,"column":53},"end":{"line":125,"column":25}},"line":112},"12":{"name":"(anonymous_12)","decl":{"start":{"line":134,"column":64},"end":{"line":134,"column":65}},"loc":{"start":{"line":134,"column":68},"end":{"line":138,"column":16}},"line":134}},"branchMap":{"0":{"loc":{"start":{"line":44,"column":8},"end":{"line":62,"column":9}},"type":"if","locations":[{"start":{"line":44,"column":8},"end":{"line":62,"column":9}},{"start":{"line":44,"column":8},"end":{"line":62,"column":9}}],"line":44},"1":{"loc":{"start":{"line":50,"column":16},"end":{"line":60,"column":17}},"type":"if","locations":[{"start":{"line":50,"column":16},"end":{"line":60,"column":17}},{"start":{"line":50,"column":16},"end":{"line":60,"column":17}}],"line":50},"2":{"loc":{"start":{"line":67,"column":8},"end":{"line":86,"column":9}},"type":"if","locations":[{"start":{"line":67,"column":8},"end":{"line":86,"column":9}},{"start":{"line":67,"column":8},"end":{"line":86,"column":9}}],"line":67},"3":{"loc":{"start":{"line":73,"column":16},"end":{"line":84,"column":17}},"type":"if","locations":[{"start":{"line":73,"column":16},"end":{"line":84,"column":17}},{"start":{"line":73,"column":16},"end":{"line":84,"column":17}}],"line":73},"4":{"loc":{"start":{"line":106,"column":74},"end":{"line":106,"column":135}},"type":"binary-expr","locations":[{"start":{"line":106,"column":74},"end":{"line":106,"column":112}},{"start":{"line":106,"column":116},"end":{"line":106,"column":135}}],"line":106},"5":{"loc":{"start":{"line":130,"column":65},"end":{"line":130,"column":105}},"type":"binary-expr","locations":[{"start":{"line":130,"column":65},"end":{"line":130,"column":86}},{"start":{"line":130,"column":90},"end":{"line":130,"column":105}}],"line":130},"6":{"loc":{"start":{"line":131,"column":61},"end":{"line":131,"column":105}},"type":"binary-expr","locations":[{"start":{"line":131,"column":61},"end":{"line":131,"column":82}},{"start":{"line":131,"column":86},"end":{"line":131,"column":105}}],"line":131},"7":{"loc":{"start":{"line":138,"column":28},"end":{"line":138,"column":53}},"type":"cond-expr","locations":[{"start":{"line":138,"column":43},"end":{"line":138,"column":47}},{"start":{"line":138,"column":48},"end":{"line":138,"column":53}}],"line":138},"8":{"loc":{"start":{"line":138,"column":62},"end":{"line":138,"column":85}},"type":"cond-expr","locations":[{"start":{"line":138,"column":77},"end":{"line":138,"column":81}},{"start":{"line":138,"column":83},"end":{"line":138,"column":85}}],"line":138}},"s":{"0":1,"1":1,"2":1,"3":1,"4":1,"5":1,"6":1,"7":0,"8":0,"9":0,"10":0,"11":0,"12":0,"13":0,"14":0,"15":0,"16":0,"17":0,"18":1,"19":0,"20":1,"21":0,"22":0,"23":1,"24":0,"25":0,"26":0,"27":1,"28":4,"29":1,"30":0,"31":1,"32":0,"33":0,"34":0},"f":{"0":1,"1":0,"2":0,"3":0,"4":0,"5":0,"6":0,"7":0,"8":1,"9":4,"10":0,"11":1,"12":0},"b":{"0":[0,0],"1":[0,0],"2":[0,0],"3":[0,0],"4":[4,0],"5":[1,0],"6":[1,0],"7":[0,1],"8":[0,1]},"_coverageSchema":"43e27e138ebf9cfc5966b082cf9a028302ed4184","hash":"d6a28fc8197e1e8c56c20fd5f95a879ea7c2bcdf"}
,"/home/eric/Desktop/CMPT276/CMPT276/public/src/components/OrderInfo.js": {"path":"/home/eric/Desktop/CMPT276/CMPT276/public/src/components/OrderInfo.js","statementMap":{"0":{"start":{"line":9,"column":16},"end":{"line":83,"column":3}},"1":{"start":{"line":18,"column":21},"end":{"line":18,"column":23}},"2":{"start":{"line":19,"column":8},"end":{"line":47,"column":10}},"3":{"start":{"line":23,"column":16},"end":{"line":23,"column":31}},"4":{"start":{"line":24,"column":16},"end":{"line":24,"column":48}},"5":{"start":{"line":25,"column":35},"end":{"line":25,"column":72}},"6":{"start":{"line":26,"column":16},"end":{"line":26,"column":56}},"7":{"start":{"line":27,"column":16},"end":{"line":27,"column":58}},"8":{"start":{"line":28,"column":16},"end":{"line":28,"column":49}},"9":{"start":{"line":29,"column":16},"end":{"line":45,"column":18}},"10":{"start":{"line":34,"column":24},"end":{"line":43,"column":25}},"11":{"start":{"line":35,"column":28},"end":{"line":37,"column":31}},"12":{"start":{"line":39,"column":28},"end":{"line":41,"column":31}},"13":{"start":{"line":50,"column":8},"end":{"line":72,"column":9}},"14":{"start":{"line":51,"column":31},"end":{"line":51,"column":68}},"15":{"start":{"line":52,"column":12},"end":{"line":52,"column":52}},"16":{"start":{"line":53,"column":12},"end":{"line":53,"column":54}},"17":{"start":{"line":54,"column":12},"end":{"line":54,"column":56}},"18":{"start":{"line":55,"column":12},"end":{"line":71,"column":14}},"19":{"start":{"line":60,"column":20},"end":{"line":69,"column":21}},"20":{"start":{"line":61,"column":24},"end":{"line":63,"column":27}},"21":{"start":{"line":65,"column":24},"end":{"line":67,"column":27}},"22":{"start":{"line":77,"column":8},"end":{"line":81,"column":9}},"23":{"start":{"line":87,"column":8},"end":{"line":87,"column":21}},"24":{"start":{"line":88,"column":21},"end":{"line":88,"column":46}},"25":{"start":{"line":90,"column":8},"end":{"line":96,"column":9}},"26":{"start":{"line":91,"column":12},"end":{"line":91,"column":47}},"27":{"start":{"line":92,"column":14},"end":{"line":96,"column":9}},"28":{"start":{"line":93,"column":12},"end":{"line":93,"column":37}},"29":{"start":{"line":94,"column":14},"end":{"line":96,"column":9}},"30":{"start":{"line":95,"column":12},"end":{"line":95,"column":36}},"31":{"start":{"line":97,"column":8},"end":{"line":100,"column":9}},"32":{"start":{"line":103,"column":23},"end":{"line":103,"column":62}},"33":{"start":{"line":104,"column":8},"end":{"line":107,"column":10}},"34":{"start":{"line":105,"column":12},"end":{"line":105,"column":42}},"35":{"start":{"line":106,"column":12},"end":{"line":106,"column":44}},"36":{"start":{"line":108,"column":8},"end":{"line":110,"column":10}},"37":{"start":{"line":109,"column":12},"end":{"line":109,"column":40}},"38":{"start":{"line":112,"column":17},"end":{"line":116,"column":5}},"39":{"start":{"line":113,"column":27},"end":{"line":114,"column":43}},"40":{"start":{"line":113,"column":67},"end":{"line":113,"column":93}},"41":{"start":{"line":114,"column":30},"end":{"line":114,"column":39}},"42":{"start":{"line":115,"column":8},"end":{"line":115,"column":26}},"43":{"start":{"line":118,"column":27},"end":{"line":118,"column":45}},"44":{"start":{"line":119,"column":8},"end":{"line":119,"column":53}},"45":{"start":{"line":123,"column":7},"end":{"line":149,"column":8}},"46":{"start":{"line":129,"column":28},"end":{"line":131,"column":29}}},"fnMap":{"0":{"name":"(anonymous_0)","decl":{"start":{"line":17,"column":6},"end":{"line":17,"column":7}},"loc":{"start":{"line":17,"column":27},"end":{"line":48,"column":7}},"line":17},"1":{"name":"(anonymous_1)","decl":{"start":{"line":22,"column":26},"end":{"line":22,"column":27}},"loc":{"start":{"line":22,"column":33},"end":{"line":46,"column":13}},"line":22},"2":{"name":"(anonymous_2)","decl":{"start":{"line":33,"column":23},"end":{"line":33,"column":24}},"loc":{"start":{"line":33,"column":43},"end":{"line":44,"column":21}},"line":33},"3":{"name":"(anonymous_3)","decl":{"start":{"line":49,"column":4},"end":{"line":49,"column":5}},"loc":{"start":{"line":49,"column":33},"end":{"line":73,"column":5}},"line":49},"4":{"name":"(anonymous_4)","decl":{"start":{"line":59,"column":19},"end":{"line":59,"column":20}},"loc":{"start":{"line":59,"column":39},"end":{"line":70,"column":17}},"line":59},"5":{"name":"(anonymous_5)","decl":{"start":{"line":76,"column":4},"end":{"line":76,"column":5}},"loc":{"start":{"line":76,"column":15},"end":{"line":82,"column":5}},"line":76},"6":{"name":"(anonymous_6)","decl":{"start":{"line":86,"column":4},"end":{"line":86,"column":5}},"loc":{"start":{"line":86,"column":22},"end":{"line":101,"column":5}},"line":86},"7":{"name":"(anonymous_7)","decl":{"start":{"line":102,"column":4},"end":{"line":102,"column":5}},"loc":{"start":{"line":102,"column":23},"end":{"line":111,"column":5}},"line":102},"8":{"name":"(anonymous_8)","decl":{"start":{"line":104,"column":91},"end":{"line":104,"column":92}},"loc":{"start":{"line":104,"column":98},"end":{"line":107,"column":9}},"line":104},"9":{"name":"(anonymous_9)","decl":{"start":{"line":108,"column":29},"end":{"line":108,"column":30}},"loc":{"start":{"line":108,"column":36},"end":{"line":110,"column":9}},"line":108},"10":{"name":"(anonymous_10)","decl":{"start":{"line":112,"column":17},"end":{"line":112,"column":18}},"loc":{"start":{"line":112,"column":23},"end":{"line":116,"column":5}},"line":112},"11":{"name":"(anonymous_11)","decl":{"start":{"line":113,"column":59},"end":{"line":113,"column":60}},"loc":{"start":{"line":113,"column":67},"end":{"line":113,"column":93}},"line":113},"12":{"name":"(anonymous_12)","decl":{"start":{"line":114,"column":16},"end":{"line":114,"column":17}},"loc":{"start":{"line":114,"column":30},"end":{"line":114,"column":39}},"line":114},"13":{"name":"(anonymous_13)","decl":{"start":{"line":117,"column":4},"end":{"line":117,"column":5}},"loc":{"start":{"line":117,"column":24},"end":{"line":120,"column":5}},"line":117},"14":{"name":"(anonymous_14)","decl":{"start":{"line":122,"column":3},"end":{"line":122,"column":4}},"loc":{"start":{"line":122,"column":12},"end":{"line":150,"column":4}},"line":122},"15":{"name":"(anonymous_15)","decl":{"start":{"line":128,"column":56},"end":{"line":128,"column":57}},"loc":{"start":{"line":128,"column":64},"end":{"line":132,"column":25}},"line":128}},"branchMap":{"0":{"loc":{"start":{"line":34,"column":24},"end":{"line":43,"column":25}},"type":"if","locations":[{"start":{"line":34,"column":24},"end":{"line":43,"column":25}},{"start":{"line":34,"column":24},"end":{"line":43,"column":25}}],"line":34},"1":{"loc":{"start":{"line":50,"column":8},"end":{"line":72,"column":9}},"type":"if","locations":[{"start":{"line":50,"column":8},"end":{"line":72,"column":9}},{"start":{"line":50,"column":8},"end":{"line":72,"column":9}}],"line":50},"2":{"loc":{"start":{"line":50,"column":11},"end":{"line":50,"column":117}},"type":"binary-expr","locations":[{"start":{"line":50,"column":11},"end":{"line":50,"column":62}},{"start":{"line":50,"column":66},"end":{"line":50,"column":117}}],"line":50},"3":{"loc":{"start":{"line":60,"column":20},"end":{"line":69,"column":21}},"type":"if","locations":[{"start":{"line":60,"column":20},"end":{"line":69,"column":21}},{"start":{"line":60,"column":20},"end":{"line":69,"column":21}}],"line":60},"4":{"loc":{"start":{"line":79,"column":17},"end":{"line":79,"column":89}},"type":"binary-expr","locations":[{"start":{"line":79,"column":17},"end":{"line":79,"column":33}},{"start":{"line":79,"column":37},"end":{"line":79,"column":89}}],"line":79},"5":{"loc":{"start":{"line":90,"column":8},"end":{"line":96,"column":9}},"type":"if","locations":[{"start":{"line":90,"column":8},"end":{"line":96,"column":9}},{"start":{"line":90,"column":8},"end":{"line":96,"column":9}}],"line":90},"6":{"loc":{"start":{"line":92,"column":14},"end":{"line":96,"column":9}},"type":"if","locations":[{"start":{"line":92,"column":14},"end":{"line":96,"column":9}},{"start":{"line":92,"column":14},"end":{"line":96,"column":9}}],"line":92},"7":{"loc":{"start":{"line":94,"column":14},"end":{"line":96,"column":9}},"type":"if","locations":[{"start":{"line":94,"column":14},"end":{"line":96,"column":9}},{"start":{"line":94,"column":14},"end":{"line":96,"column":9}}],"line":94},"8":{"loc":{"start":{"line":140,"column":17},"end":{"line":146,"column":26}},"type":"binary-expr","locations":[{"start":{"line":140,"column":17},"end":{"line":140,"column":48}},{"start":{"line":141,"column":20},"end":{"line":146,"column":26}}],"line":140}},"s":{"0":8,"1":0,"2":0,"3":0,"4":0,"5":0,"6":0,"7":0,"8":0,"9":0,"10":0,"11":0,"12":0,"13":0,"14":0,"15":0,"16":0,"17":0,"18":0,"19":0,"20":0,"21":0,"22":0,"23":0,"24":0,"25":0,"26":0,"27":0,"28":0,"29":0,"30":0,"31":0,"32":0,"33":0,"34":0,"35":0,"36":0,"37":0,"38":0,"39":0,"40":0,"41":0,"42":0,"43":0,"44":0,"45":0,"46":0},"f":{"0":0,"1":0,"2":0,"3":0,"4":0,"5":0,"6":0,"7":0,"8":0,"9":0,"10":0,"11":0,"12":0,"13":0,"14":0,"15":0},"b":{"0":[0,0],"1":[0,0],"2":[0,0],"3":[0,0],"4":[0,0],"5":[0,0],"6":[0,0],"7":[0,0],"8":[0,0]},"_coverageSchema":"43e27e138ebf9cfc5966b082cf9a028302ed4184","hash":"d10540e3c3dbf4f41600011c7a08e1699284f589"}
,"/home/eric/Desktop/CMPT276/CMPT276/public/src/components/OrderInfoPanel.js": {"path":"/home/eric/Desktop/CMPT276/CMPT276/public/src/components/OrderInfoPanel.js","statementMap":{"0":{"start":{"line":6,"column":12},"end":{"line":10,"column":5}},"1":{"start":{"line":12,"column":11},"end":{"line":19,"column":5}},"2":{"start":{"line":13,"column":39},"end":{"line":13,"column":46}},"3":{"start":{"line":14,"column":27},"end":{"line":14,"column":98}},"4":{"start":{"line":15,"column":8},"end":{"line":18,"column":10}},"5":{"start":{"line":21,"column":12},"end":{"line":25,"column":5}},"6":{"start":{"line":22,"column":8},"end":{"line":24,"column":10}},"7":{"start":{"line":28,"column":8},"end":{"line":40,"column":9}},"8":{"start":{"line":44,"column":13},"end":{"line":44,"column":42}},"9":{"start":{"line":45,"column":0},"end":{"line":45,"column":32}},"10":{"start":{"line":47,"column":20},"end":{"line":47,"column":52}}},"fnMap":{"0":{"name":"(anonymous_0)","decl":{"start":{"line":12,"column":11},"end":{"line":12,"column":12}},"loc":{"start":{"line":12,"column":24},"end":{"line":19,"column":5}},"line":12},"1":{"name":"(anonymous_1)","decl":{"start":{"line":21,"column":12},"end":{"line":21,"column":13}},"loc":{"start":{"line":21,"column":18},"end":{"line":25,"column":5}},"line":21},"2":{"name":"(anonymous_2)","decl":{"start":{"line":27,"column":4},"end":{"line":27,"column":5}},"loc":{"start":{"line":27,"column":13},"end":{"line":41,"column":5}},"line":27}},"branchMap":{"0":{"loc":{"start":{"line":29,"column":29},"end":{"line":29,"column":121}},"type":"cond-expr","locations":[{"start":{"line":29,"column":58},"end":{"line":29,"column":94}},{"start":{"line":29,"column":97},"end":{"line":29,"column":121}}],"line":29}},"s":{"0":8,"1":8,"2":0,"3":0,"4":0,"5":8,"6":0,"7":8,"8":8,"9":8,"10":8},"f":{"0":0,"1":0,"2":8},"b":{"0":[0,8]},"_coverageSchema":"43e27e138ebf9cfc5966b082cf9a028302ed4184","hash":"13514d06117532ff43a34a57b5ef05eaa7cb0321"}
,"/home/eric/Desktop/CMPT276/CMPT276/public/src/components/OrderItem.js": {"path":"/home/eric/Desktop/CMPT276/CMPT276/public/src/components/OrderItem.js","statementMap":{"0":{"start":{"line":5,"column":49},"end":{"line":5,"column":64}},"1":{"start":{"line":7,"column":8},"end":{"line":25,"column":9}}},"fnMap":{"0":{"name":"(anonymous_0)","decl":{"start":{"line":4,"column":4},"end":{"line":4,"column":5}},"loc":{"start":{"line":4,"column":13},"end":{"line":26,"column":5}},"line":4}},"branchMap":{},"s":{"0":0,"1":0},"f":{"0":0},"b":{},"_coverageSchema":"43e27e138ebf9cfc5966b082cf9a028302ed4184","hash":"49ce09ed36cb9254a14c55ac1f3263b37078d720"}
,"/home/eric/Desktop/CMPT276/CMPT276/public/src/components/PopupPanel.js": {"path":"/home/eric/Desktop/CMPT276/CMPT276/public/src/components/PopupPanel.js","statementMap":{"0":{"start":{"line":6,"column":12},"end":{"line":10,"column":5}},"1":{"start":{"line":13,"column":11},"end":{"line":24,"column":5}},"2":{"start":{"line":14,"column":51},"end":{"line":14,"column":58}},"3":{"start":{"line":16,"column":21},"end":{"line":16,"column":41}},"4":{"start":{"line":18,"column":27},"end":{"line":18,"column":121}},"5":{"start":{"line":19,"column":8},"end":{"line":23,"column":10}},"6":{"start":{"line":27,"column":12},"end":{"line":32,"column":5}},"7":{"start":{"line":28,"column":8},"end":{"line":30,"column":11}},"8":{"start":{"line":31,"column":8},"end":{"line":31,"column":30}},"9":{"start":{"line":35,"column":8},"end":{"line":47,"column":9}},"10":{"start":{"line":51,"column":13},"end":{"line":51,"column":42}},"11":{"start":{"line":52,"column":0},"end":{"line":52,"column":32}},"12":{"start":{"line":55,"column":20},"end":{"line":55,"column":48}}},"fnMap":{"0":{"name":"(anonymous_0)","decl":{"start":{"line":9,"column":14},"end":{"line":9,"column":15}},"loc":{"start":{"line":9,"column":20},"end":{"line":9,"column":22}},"line":9},"1":{"name":"(anonymous_1)","decl":{"start":{"line":13,"column":11},"end":{"line":13,"column":12}},"loc":{"start":{"line":13,"column":24},"end":{"line":24,"column":5}},"line":13},"2":{"name":"(anonymous_2)","decl":{"start":{"line":27,"column":12},"end":{"line":27,"column":13}},"loc":{"start":{"line":27,"column":22},"end":{"line":32,"column":5}},"line":27},"3":{"name":"(anonymous_3)","decl":{"start":{"line":34,"column":4},"end":{"line":34,"column":5}},"loc":{"start":{"line":34,"column":13},"end":{"line":48,"column":5}},"line":34}},"branchMap":{"0":{"loc":{"start":{"line":36,"column":29},"end":{"line":36,"column":98}},"type":"cond-expr","locations":[{"start":{"line":36,"column":58},"end":{"line":36,"column":80}},{"start":{"line":36,"column":83},"end":{"line":36,"column":98}}],"line":36}},"s":{"0":9,"1":9,"2":2,"3":2,"4":2,"5":2,"6":9,"7":0,"8":0,"9":11,"10":9,"11":9,"12":9},"f":{"0":0,"1":2,"2":0,"3":11},"b":{"0":[2,9]},"_coverageSchema":"43e27e138ebf9cfc5966b082cf9a028302ed4184","hash":"536ddc39334024b385e4ac6679023d36d4b58d0a"}
,"/home/eric/Desktop/CMPT276/CMPT276/public/src/components/Product.js": {"path":"/home/eric/Desktop/CMPT276/CMPT276/public/src/components/Product.js","statementMap":{"0":{"start":{"line":44,"column":15},"end":{"line":50,"column":5}},"1":{"start":{"line":45,"column":8},"end":{"line":49,"column":10}},"2":{"start":{"line":53,"column":62},"end":{"line":53,"column":80}},"3":{"start":{"line":54,"column":29},"end":{"line":54,"column":40}},"4":{"start":{"line":55,"column":30},"end":{"line":55,"column":42}},"5":{"start":{"line":57,"column":8},"end":{"line":73,"column":9}}},"fnMap":{"0":{"name":"(anonymous_0)","decl":{"start":{"line":44,"column":15},"end":{"line":44,"column":16}},"loc":{"start":{"line":44,"column":21},"end":{"line":50,"column":5}},"line":44},"1":{"name":"(anonymous_1)","decl":{"start":{"line":48,"column":18},"end":{"line":48,"column":19}},"loc":{"start":{"line":48,"column":26},"end":{"line":48,"column":28}},"line":48},"2":{"name":"(anonymous_2)","decl":{"start":{"line":52,"column":4},"end":{"line":52,"column":5}},"loc":{"start":{"line":52,"column":13},"end":{"line":74,"column":5}},"line":52}},"branchMap":{},"s":{"0":1,"1":0,"2":1,"3":1,"4":1,"5":1},"f":{"0":0,"1":0,"2":1},"b":{},"_coverageSchema":"43e27e138ebf9cfc5966b082cf9a028302ed4184","hash":"1606adb08dae5971cb7f63c18f15e2e1cd1136cf"}
,"/home/eric/Desktop/CMPT276/CMPT276/public/src/components/ProductDetail.js": {"path":"/home/eric/Desktop/CMPT276/CMPT276/public/src/components/ProductDetail.js","statementMap":{"0":{"start":{"line":5,"column":76},"end":{"line":5,"column":89}},"1":{"start":{"line":7,"column":4},"end":{"line":26,"column":5}}},"fnMap":{"0":{"name":"ProductDetail","decl":{"start":{"line":4,"column":24},"end":{"line":4,"column":37}},"loc":{"start":{"line":4,"column":45},"end":{"line":27,"column":1}},"line":4}},"branchMap":{"0":{"loc":{"start":{"line":17,"column":25},"end":{"line":17,"column":53}},"type":"cond-expr","locations":[{"start":{"line":17,"column":44},"end":{"line":17,"column":46}},{"start":{"line":17,"column":49},"end":{"line":17,"column":53}}],"line":17}},"s":{"0":1,"1":1},"f":{"0":1},"b":{"0":[0,1]},"_coverageSchema":"43e27e138ebf9cfc5966b082cf9a028302ed4184","hash":"1c467a2cfb5a073310cc3a9e268d937a5044454e"}
,"/home/eric/Desktop/CMPT276/CMPT276/public/src/components/Products.js": {"path":"/home/eric/Desktop/CMPT276/CMPT276/public/src/components/Products.js","statementMap":{"0":{"start":{"line":14,"column":8},"end":{"line":14,"column":21}},"1":{"start":{"line":15,"column":8},"end":{"line":24,"column":9}},"2":{"start":{"line":28,"column":8},"end":{"line":39,"column":9}},"3":{"start":{"line":29,"column":12},"end":{"line":29,"column":45}},"4":{"start":{"line":30,"column":24},"end":{"line":30,"column":61}},"5":{"start":{"line":31,"column":12},"end":{"line":33,"column":14}},"6":{"start":{"line":35,"column":12},"end":{"line":35,"column":46}},"7":{"start":{"line":37,"column":12},"end":{"line":37,"column":46}},"8":{"start":{"line":38,"column":12},"end":{"line":38,"column":26}},"9":{"start":{"line":41,"column":8},"end":{"line":44,"column":10}},"10":{"start":{"line":49,"column":8},"end":{"line":49,"column":28}},"11":{"start":{"line":53,"column":14},"end":{"line":70,"column":5}},"12":{"start":{"line":55,"column":8},"end":{"line":55,"column":41}},"13":{"start":{"line":56,"column":20},"end":{"line":56,"column":57}},"14":{"start":{"line":57,"column":8},"end":{"line":57,"column":42}},"15":{"start":{"line":59,"column":26},"end":{"line":62,"column":10}},"16":{"start":{"line":60,"column":26},"end":{"line":60,"column":71}},"17":{"start":{"line":61,"column":12},"end":{"line":61,"column":34}},"18":{"start":{"line":64,"column":8},"end":{"line":69,"column":10}},"19":{"start":{"line":72,"column":22},"end":{"line":81,"column":5}},"20":{"start":{"line":73,"column":29},"end":{"line":73,"column":39}},"21":{"start":{"line":74,"column":23},"end":{"line":74,"column":56}},"22":{"start":{"line":75,"column":8},"end":{"line":79,"column":10}},"23":{"start":{"line":83,"column":21},"end":{"line":90,"column":5}},"24":{"start":{"line":84,"column":8},"end":{"line":87,"column":9}},"25":{"start":{"line":85,"column":12},"end":{"line":85,"column":46}},"26":{"start":{"line":86,"column":12},"end":{"line":86,"column":53}},"27":{"start":{"line":88,"column":8},"end":{"line":88,"column":62}},"28":{"start":{"line":92,"column":26},"end":{"line":94,"column":5}},"29":{"start":{"line":93,"column":8},"end":{"line":93,"column":41}},"30":{"start":{"line":97,"column":22},"end":{"line":101,"column":9}},"31":{"start":{"line":102,"column":8},"end":{"line":150,"column":9}},"32":{"start":{"line":114,"column":36},"end":{"line":124,"column":37}},"33":{"start":{"line":115,"column":40},"end":{"line":123,"column":41}}},"fnMap":{"0":{"name":"(anonymous_0)","decl":{"start":{"line":13,"column":4},"end":{"line":13,"column":5}},"loc":{"start":{"line":13,"column":23},"end":{"line":25,"column":5}},"line":13},"1":{"name":"(anonymous_1)","decl":{"start":{"line":27,"column":4},"end":{"line":27,"column":5}},"loc":{"start":{"line":27,"column":25},"end":{"line":45,"column":5}},"line":27},"2":{"name":"(anonymous_2)","decl":{"start":{"line":48,"column":4},"end":{"line":48,"column":5}},"loc":{"start":{"line":48,"column":24},"end":{"line":50,"column":5}},"line":48},"3":{"name":"(anonymous_3)","decl":{"start":{"line":53,"column":14},"end":{"line":53,"column":15}},"loc":{"start":{"line":53,"column":32},"end":{"line":70,"column":5}},"line":53},"4":{"name":"(anonymous_4)","decl":{"start":{"line":59,"column":47},"end":{"line":59,"column":48}},"loc":{"start":{"line":59,"column":55},"end":{"line":62,"column":9}},"line":59},"5":{"name":"(anonymous_5)","decl":{"start":{"line":72,"column":22},"end":{"line":72,"column":23}},"loc":{"start":{"line":72,"column":29},"end":{"line":81,"column":5}},"line":72},"6":{"name":"(anonymous_6)","decl":{"start":{"line":83,"column":21},"end":{"line":83,"column":22}},"loc":{"start":{"line":83,"column":31},"end":{"line":90,"column":5}},"line":83},"7":{"name":"(anonymous_7)","decl":{"start":{"line":92,"column":26},"end":{"line":92,"column":27}},"loc":{"start":{"line":92,"column":32},"end":{"line":94,"column":5}},"line":92},"8":{"name":"(anonymous_8)","decl":{"start":{"line":96,"column":4},"end":{"line":96,"column":5}},"loc":{"start":{"line":96,"column":13},"end":{"line":151,"column":5}},"line":96},"9":{"name":"(anonymous_9)","decl":{"start":{"line":113,"column":126},"end":{"line":113,"column":127}},"loc":{"start":{"line":113,"column":134},"end":{"line":126,"column":33}},"line":113}},"branchMap":{"0":{"loc":{"start":{"line":84,"column":8},"end":{"line":87,"column":9}},"type":"if","locations":[{"start":{"line":84,"column":8},"end":{"line":87,"column":9}},{"start":{"line":84,"column":8},"end":{"line":87,"column":9}}],"line":84},"1":{"loc":{"start":{"line":105,"column":17},"end":{"line":107,"column":186}},"type":"cond-expr","locations":[{"start":{"line":106,"column":20},"end":{"line":106,"column":80}},{"start":{"line":107,"column":22},"end":{"line":107,"column":186}}],"line":105},"2":{"loc":{"start":{"line":109,"column":32},"end":{"line":109,"column":73}},"type":"cond-expr","locations":[{"start":{"line":109,"column":54},"end":{"line":109,"column":64}},{"start":{"line":109,"column":67},"end":{"line":109,"column":73}}],"line":109},"3":{"loc":{"start":{"line":112,"column":28},"end":{"line":126,"column":34}},"type":"cond-expr","locations":[{"start":{"line":113,"column":32},"end":{"line":113,"column":92}},{"start":{"line":113,"column":95},"end":{"line":126,"column":34}}],"line":112},"4":{"loc":{"start":{"line":112,"column":29},"end":{"line":112,"column":91}},"type":"binary-expr","locations":[{"start":{"line":112,"column":29},"end":{"line":112,"column":68}},{"start":{"line":112,"column":72},"end":{"line":112,"column":91}}],"line":112},"5":{"loc":{"start":{"line":114,"column":36},"end":{"line":124,"column":37}},"type":"if","locations":[{"start":{"line":114,"column":36},"end":{"line":124,"column":37}},{"start":{"line":114,"column":36},"end":{"line":124,"column":37}}],"line":114},"6":{"loc":{"start":{"line":131,"column":24},"end":{"line":146,"column":26}},"type":"binary-expr","locations":[{"start":{"line":131,"column":25},"end":{"line":131,"column":64}},{"start":{"line":131,"column":68},"end":{"line":131,"column":87}},{"start":{"line":132,"column":24},"end":{"line":146,"column":26}}],"line":131}},"s":{"0":1,"1":1,"2":1,"3":1,"4":1,"5":0,"6":0,"7":0,"8":0,"9":0,"10":1,"11":1,"12":0,"13":0,"14":0,"15":0,"16":0,"17":0,"18":0,"19":1,"20":0,"21":0,"22":0,"23":1,"24":0,"25":0,"26":0,"27":0,"28":1,"29":0,"30":2,"31":2,"32":0,"33":0},"f":{"0":1,"1":1,"2":1,"3":0,"4":0,"5":0,"6":0,"7":0,"8":2,"9":0},"b":{"0":[0,0],"1":[2,0],"2":[2,0],"3":[1,1],"4":[2,2],"5":[0,0],"6":[2,0,0]},"_coverageSchema":"43e27e138ebf9cfc5966b082cf9a028302ed4184","hash":"f11ccbb04bf7c441797d23c223c7e2b24d85f388"}
,"/home/eric/Desktop/CMPT276/CMPT276/public/src/components/StripeCheckoutButton.js": {"path":"/home/eric/Desktop/CMPT276/CMPT276/public/src/components/StripeCheckoutButton.js","statementMap":{"0":{"start":{"line":4,"column":14},"end":{"line":4,"column":30}},"1":{"start":{"line":6,"column":29},"end":{"line":44,"column":1}},"2":{"start":{"line":7,"column":25},"end":{"line":7,"column":36}},"3":{"start":{"line":8,"column":25},"end":{"line":8,"column":134}},"4":{"start":{"line":10,"column":18},"end":{"line":24,"column":3}},"5":{"start":{"line":11,"column":16},"end":{"line":19,"column":6}},"6":{"start":{"line":20,"column":4},"end":{"line":22,"column":5}},"7":{"start":{"line":21,"column":6},"end":{"line":21,"column":32}},"8":{"start":{"line":26,"column":2},"end":{"line":43,"column":4}}},"fnMap":{"0":{"name":"(anonymous_0)","decl":{"start":{"line":6,"column":29},"end":{"line":6,"column":30}},"loc":{"start":{"line":6,"column":95},"end":{"line":44,"column":1}},"line":6},"1":{"name":"(anonymous_1)","decl":{"start":{"line":10,"column":18},"end":{"line":10,"column":19}},"loc":{"start":{"line":10,"column":33},"end":{"line":24,"column":3}},"line":10}},"branchMap":{"0":{"loc":{"start":{"line":20,"column":4},"end":{"line":22,"column":5}},"type":"if","locations":[{"start":{"line":20,"column":4},"end":{"line":22,"column":5}},{"start":{"line":20,"column":4},"end":{"line":22,"column":5}}],"line":20}},"s":{"0":3,"1":3,"2":3,"3":3,"4":3,"5":0,"6":0,"7":0,"8":3},"f":{"0":3,"1":0},"b":{"0":[0,0]},"_coverageSchema":"43e27e138ebf9cfc5966b082cf9a028302ed4184","hash":"c890129b32e634895991109a15fb1ece8a8a33d1"}
,"/home/eric/Desktop/CMPT276/CMPT276/public/src/components/ToolBox.js": {"path":"/home/eric/Desktop/CMPT276/CMPT276/public/src/components/ToolBox.js","statementMap":{"0":{"start":{"line":5,"column":12},"end":{"line":7,"column":5}},"1":{"start":{"line":10,"column":19},"end":{"line":16,"column":5}},"2":{"start":{"line":11,"column":23},"end":{"line":11,"column":37}},"3":{"start":{"line":12,"column":8},"end":{"line":14,"column":10}},"4":{"start":{"line":15,"column":8},"end":{"line":15,"column":34}},"5":{"start":{"line":19,"column":8},"end":{"line":45,"column":10}}},"fnMap":{"0":{"name":"(anonymous_0)","decl":{"start":{"line":10,"column":19},"end":{"line":10,"column":20}},"loc":{"start":{"line":10,"column":24},"end":{"line":16,"column":5}},"line":10},"1":{"name":"(anonymous_1)","decl":{"start":{"line":18,"column":4},"end":{"line":18,"column":5}},"loc":{"start":{"line":18,"column":13},"end":{"line":46,"column":5}},"line":18}},"branchMap":{},"s":{"0":2,"1":2,"2":1,"3":1,"4":1,"5":4},"f":{"0":1,"1":4},"b":{},"_coverageSchema":"43e27e138ebf9cfc5966b082cf9a028302ed4184","hash":"ae0daf2f879a67e35d68699235d745cb87128324"}
,"/home/eric/Desktop/CMPT276/CMPT276/public/src/components/UserProfile.js": {"path":"/home/eric/Desktop/CMPT276/CMPT276/public/src/components/UserProfile.js","statementMap":{"0":{"start":{"line":12,"column":8},"end":{"line":12,"column":16}},"1":{"start":{"line":13,"column":8},"end":{"line":16,"column":9}},"2":{"start":{"line":19,"column":23},"end":{"line":19,"column":62}},"3":{"start":{"line":20,"column":8},"end":{"line":38,"column":10}},"4":{"start":{"line":21,"column":12},"end":{"line":36,"column":13}},"5":{"start":{"line":25,"column":33},"end":{"line":25,"column":35}},"6":{"start":{"line":26,"column":16},"end":{"line":26,"column":37}},"7":{"start":{"line":28,"column":16},"end":{"line":30,"column":17}},"8":{"start":{"line":28,"column":28},"end":{"line":28,"column":29}},"9":{"start":{"line":29,"column":20},"end":{"line":29,"column":57}},"10":{"start":{"line":32,"column":16},"end":{"line":34,"column":18}},"11":{"start":{"line":35,"column":16},"end":{"line":35,"column":35}},"12":{"start":{"line":39,"column":21},"end":{"line":39,"column":30}},"13":{"start":{"line":40,"column":8},"end":{"line":45,"column":11}},"14":{"start":{"line":41,"column":12},"end":{"line":43,"column":14}},"15":{"start":{"line":44,"column":12},"end":{"line":44,"column":41}},"16":{"start":{"line":48,"column":13},"end":{"line":54,"column":5}},"17":{"start":{"line":49,"column":8},"end":{"line":49,"column":36}},"18":{"start":{"line":50,"column":8},"end":{"line":50,"column":17}},"19":{"start":{"line":53,"column":8},"end":{"line":53,"column":35}},"20":{"start":{"line":56,"column":20},"end":{"line":61,"column":5}},"21":{"start":{"line":57,"column":8},"end":{"line":60,"column":10}},"22":{"start":{"line":62,"column":16},"end":{"line":88,"column":5}},"23":{"start":{"line":64,"column":22},"end":{"line":64,"column":32}},"24":{"start":{"line":65,"column":22},"end":{"line":65,"column":33}},"25":{"start":{"line":67,"column":22},"end":{"line":67,"column":56}},"26":{"start":{"line":68,"column":22},"end":{"line":68,"column":44}},"27":{"start":{"line":69,"column":20},"end":{"line":69,"column":42}},"28":{"start":{"line":70,"column":21},"end":{"line":70,"column":41}},"29":{"start":{"line":72,"column":8},"end":{"line":72,"column":32}},"30":{"start":{"line":73,"column":8},"end":{"line":73,"column":50}},"31":{"start":{"line":74,"column":8},"end":{"line":74,"column":69}},"32":{"start":{"line":76,"column":21},"end":{"line":76,"column":23}},"33":{"start":{"line":77,"column":8},"end":{"line":85,"column":9}},"34":{"start":{"line":78,"column":12},"end":{"line":78,"column":32}},"35":{"start":{"line":79,"column":14},"end":{"line":85,"column":9}},"36":{"start":{"line":80,"column":12},"end":{"line":80,"column":33}},"37":{"start":{"line":81,"column":14},"end":{"line":85,"column":9}},"38":{"start":{"line":82,"column":12},"end":{"line":82,"column":35}},"39":{"start":{"line":84,"column":12},"end":{"line":84,"column":35}},"40":{"start":{"line":86,"column":8},"end":{"line":86,"column":24}},"41":{"start":{"line":87,"column":8},"end":{"line":87,"column":21}},"42":{"start":{"line":91,"column":8},"end":{"line":173,"column":9}},"43":{"start":{"line":130,"column":83},"end":{"line":130,"column":112}},"44":{"start":{"line":140,"column":101},"end":{"line":140,"column":131}},"45":{"start":{"line":145,"column":99},"end":{"line":145,"column":132}},"46":{"start":{"line":158,"column":28},"end":{"line":168,"column":29}},"47":{"start":{"line":160,"column":36},"end":{"line":162,"column":37}},"48":{"start":{"line":161,"column":39},"end":{"line":161,"column":68}}},"fnMap":{"0":{"name":"(anonymous_0)","decl":{"start":{"line":11,"column":4},"end":{"line":11,"column":5}},"loc":{"start":{"line":11,"column":17},"end":{"line":17,"column":5}},"line":11},"1":{"name":"(anonymous_1)","decl":{"start":{"line":18,"column":4},"end":{"line":18,"column":5}},"loc":{"start":{"line":18,"column":24},"end":{"line":46,"column":5}},"line":18},"2":{"name":"(anonymous_2)","decl":{"start":{"line":20,"column":30},"end":{"line":20,"column":31}},"loc":{"start":{"line":20,"column":38},"end":{"line":38,"column":9}},"line":20},"3":{"name":"(anonymous_3)","decl":{"start":{"line":40,"column":55},"end":{"line":40,"column":56}},"loc":{"start":{"line":40,"column":63},"end":{"line":45,"column":9}},"line":40},"4":{"name":"(anonymous_4)","decl":{"start":{"line":48,"column":13},"end":{"line":48,"column":14}},"loc":{"start":{"line":48,"column":19},"end":{"line":54,"column":5}},"line":48},"5":{"name":"(anonymous_5)","decl":{"start":{"line":56,"column":20},"end":{"line":56,"column":21}},"loc":{"start":{"line":56,"column":38},"end":{"line":61,"column":5}},"line":56},"6":{"name":"(anonymous_6)","decl":{"start":{"line":62,"column":16},"end":{"line":62,"column":17}},"loc":{"start":{"line":62,"column":23},"end":{"line":88,"column":5}},"line":62},"7":{"name":"(anonymous_7)","decl":{"start":{"line":90,"column":4},"end":{"line":90,"column":5}},"loc":{"start":{"line":90,"column":13},"end":{"line":174,"column":5}},"line":90},"8":{"name":"(anonymous_8)","decl":{"start":{"line":130,"column":76},"end":{"line":130,"column":77}},"loc":{"start":{"line":130,"column":82},"end":{"line":130,"column":113}},"line":130},"9":{"name":"(anonymous_9)","decl":{"start":{"line":140,"column":94},"end":{"line":140,"column":95}},"loc":{"start":{"line":140,"column":100},"end":{"line":140,"column":132}},"line":140},"10":{"name":"(anonymous_10)","decl":{"start":{"line":145,"column":92},"end":{"line":145,"column":93}},"loc":{"start":{"line":145,"column":98},"end":{"line":145,"column":133}},"line":145},"11":{"name":"(anonymous_11)","decl":{"start":{"line":157,"column":47},"end":{"line":157,"column":48}},"loc":{"start":{"line":157,"column":52},"end":{"line":169,"column":25}},"line":157},"12":{"name":"(anonymous_12)","decl":{"start":{"line":159,"column":67},"end":{"line":159,"column":68}},"loc":{"start":{"line":159,"column":71},"end":{"line":163,"column":33}},"line":159},"13":{"name":"(anonymous_13)","decl":{"start":{"line":160,"column":97},"end":{"line":160,"column":98}},"loc":{"start":{"line":160,"column":105},"end":{"line":162,"column":36}},"line":160}},"branchMap":{"0":{"loc":{"start":{"line":21,"column":12},"end":{"line":36,"column":13}},"type":"if","locations":[{"start":{"line":21,"column":12},"end":{"line":36,"column":13}},{"start":{"line":21,"column":12},"end":{"line":36,"column":13}}],"line":21},"1":{"loc":{"start":{"line":77,"column":8},"end":{"line":85,"column":9}},"type":"if","locations":[{"start":{"line":77,"column":8},"end":{"line":85,"column":9}},{"start":{"line":77,"column":8},"end":{"line":85,"column":9}}],"line":77},"2":{"loc":{"start":{"line":79,"column":14},"end":{"line":85,"column":9}},"type":"if","locations":[{"start":{"line":79,"column":14},"end":{"line":85,"column":9}},{"start":{"line":79,"column":14},"end":{"line":85,"column":9}}],"line":79},"3":{"loc":{"start":{"line":81,"column":14},"end":{"line":85,"column":9}},"type":"if","locations":[{"start":{"line":81,"column":14},"end":{"line":85,"column":9}},{"start":{"line":81,"column":14},"end":{"line":85,"column":9}}],"line":81},"4":{"loc":{"start":{"line":116,"column":32},"end":{"line":118,"column":47}},"type":"cond-expr","locations":[{"start":{"line":116,"column":61},"end":{"line":116,"column":68}},{"start":{"line":117,"column":32},"end":{"line":118,"column":47}}],"line":116},"5":{"loc":{"start":{"line":117,"column":33},"end":{"line":118,"column":46}},"type":"cond-expr","locations":[{"start":{"line":117,"column":62},"end":{"line":117,"column":70}},{"start":{"line":118,"column":32},"end":{"line":118,"column":46}}],"line":117},"6":{"loc":{"start":{"line":127,"column":22},"end":{"line":154,"column":21}},"type":"cond-expr","locations":[{"start":{"line":128,"column":24},"end":{"line":135,"column":30}},{"start":{"line":137,"column":24},"end":{"line":152,"column":30}}],"line":127},"7":{"loc":{"start":{"line":143,"column":29},"end":{"line":146,"column":38}},"type":"binary-expr","locations":[{"start":{"line":143,"column":29},"end":{"line":143,"column":55}},{"start":{"line":144,"column":32},"end":{"line":146,"column":38}}],"line":143}},"s":{"0":8,"1":8,"2":8,"3":8,"4":0,"5":0,"6":0,"7":0,"8":0,"9":0,"10":0,"11":0,"12":8,"13":8,"14":0,"15":0,"16":8,"17":2,"18":2,"19":2,"20":8,"21":0,"22":8,"23":0,"24":0,"25":0,"26":0,"27":0,"28":0,"29":0,"30":0,"31":0,"32":0,"33":0,"34":0,"35":0,"36":0,"37":0,"38":0,"39":0,"40":0,"41":0,"42":8,"43":1,"44":1,"45":1,"46":0,"47":0,"48":0},"f":{"0":8,"1":8,"2":0,"3":0,"4":2,"5":0,"6":0,"7":8,"8":1,"9":1,"10":1,"11":0,"12":0,"13":0},"b":{"0":[0,0],"1":[0,0],"2":[0,0],"3":[0,0],"4":[2,6],"5":[3,3],"6":[2,6],"7":[6,1]},"_coverageSchema":"43e27e138ebf9cfc5966b082cf9a028302ed4184","hash":"44ff36a45891d4ff6d9b85380749d2dd01ad82bf"}
,"/home/eric/Desktop/CMPT276/CMPT276/public/src/globalFunc/Socket.js": {"path":"/home/eric/Desktop/CMPT276/CMPT276/public/src/globalFunc/Socket.js","statementMap":{"0":{"start":{"line":3,"column":15},"end":{"line":3,"column":54}},"1":{"start":{"line":5,"column":0},"end":{"line":7,"column":2}},"2":{"start":{"line":6,"column":4},"end":{"line":6,"column":46}},"3":{"start":{"line":8,"column":0},"end":{"line":10,"column":2}},"4":{"start":{"line":9,"column":4},"end":{"line":9,"column":54}},"5":{"start":{"line":11,"column":0},"end":{"line":13,"column":2}},"6":{"start":{"line":12,"column":4},"end":{"line":12,"column":40}},"7":{"start":{"line":19,"column":4},"end":{"line":19,"column":38}},"8":{"start":{"line":22,"column":4},"end":{"line":22,"column":30}},"9":{"start":{"line":25,"column":4},"end":{"line":25,"column":36}},"10":{"start":{"line":29,"column":4},"end":{"line":29,"column":34}},"11":{"start":{"line":33,"column":4},"end":{"line":35,"column":5}},"12":{"start":{"line":34,"column":8},"end":{"line":34,"column":46}},"13":{"start":{"line":39,"column":4},"end":{"line":41,"column":5}},"14":{"start":{"line":40,"column":8},"end":{"line":40,"column":49}}},"fnMap":{"0":{"name":"(anonymous_0)","decl":{"start":{"line":5,"column":21},"end":{"line":5,"column":22}},"loc":{"start":{"line":5,"column":29},"end":{"line":7,"column":1}},"line":5},"1":{"name":"(anonymous_1)","decl":{"start":{"line":8,"column":19},"end":{"line":8,"column":20}},"loc":{"start":{"line":8,"column":27},"end":{"line":10,"column":1}},"line":8},"2":{"name":"(anonymous_2)","decl":{"start":{"line":11,"column":17},"end":{"line":11,"column":18}},"loc":{"start":{"line":11,"column":25},"end":{"line":13,"column":1}},"line":11},"3":{"name":"sendLocation","decl":{"start":{"line":18,"column":16},"end":{"line":18,"column":28}},"loc":{"start":{"line":18,"column":41},"end":{"line":20,"column":1}},"line":18},"4":{"name":"sendHere","decl":{"start":{"line":21,"column":16},"end":{"line":21,"column":24}},"loc":{"start":{"line":21,"column":32},"end":{"line":23,"column":1}},"line":21},"5":{"name":"sendAlmost","decl":{"start":{"line":24,"column":16},"end":{"line":24,"column":26}},"loc":{"start":{"line":24,"column":38},"end":{"line":26,"column":1}},"line":24},"6":{"name":"sendAccepted","decl":{"start":{"line":28,"column":16},"end":{"line":28,"column":28}},"loc":{"start":{"line":28,"column":36},"end":{"line":30,"column":1}},"line":28},"7":{"name":"setUser","decl":{"start":{"line":32,"column":16},"end":{"line":32,"column":23}},"loc":{"start":{"line":32,"column":30},"end":{"line":36,"column":1}},"line":32},"8":{"name":"logoutUser","decl":{"start":{"line":38,"column":16},"end":{"line":38,"column":26}},"loc":{"start":{"line":38,"column":33},"end":{"line":42,"column":1}},"line":38}},"branchMap":{"0":{"loc":{"start":{"line":33,"column":4},"end":{"line":35,"column":5}},"type":"if","locations":[{"start":{"line":33,"column":4},"end":{"line":35,"column":5}},{"start":{"line":33,"column":4},"end":{"line":35,"column":5}}],"line":33},"1":{"loc":{"start":{"line":39,"column":4},"end":{"line":41,"column":5}},"type":"if","locations":[{"start":{"line":39,"column":4},"end":{"line":41,"column":5}},{"start":{"line":39,"column":4},"end":{"line":41,"column":5}}],"line":39}},"s":{"0":10,"1":10,"2":0,"3":10,"4":0,"5":10,"6":0,"7":1,"8":0,"9":0,"10":0,"11":0,"12":0,"13":2,"14":0},"f":{"0":0,"1":0,"2":0,"3":1,"4":0,"5":0,"6":0,"7":0,"8":2},"b":{"0":[0,0],"1":[0,2]},"_coverageSchema":"43e27e138ebf9cfc5966b082cf9a028302ed4184","hash":"5136048b89d1b88423ab1844999c76a2d7171a18"}
,"/home/eric/Desktop/CMPT276/CMPT276/public/src/globalFunc/auth.js": {"path":"/home/eric/Desktop/CMPT276/CMPT276/public/src/globalFunc/auth.js","statementMap":{"0":{"start":{"line":4,"column":17},"end":{"line":6,"column":1}},"1":{"start":{"line":5,"column":4},"end":{"line":5,"column":50}},"2":{"start":{"line":9,"column":17},"end":{"line":11,"column":1}},"3":{"start":{"line":10,"column":4},"end":{"line":10,"column":42}},"4":{"start":{"line":14,"column":23},"end":{"line":23,"column":1}},"5":{"start":{"line":15,"column":4},"end":{"line":22,"column":5}},"6":{"start":{"line":16,"column":22},"end":{"line":16,"column":35}},"7":{"start":{"line":17,"column":8},"end":{"line":19,"column":28}},"8":{"start":{"line":18,"column":12},"end":{"line":18,"column":24}},"9":{"start":{"line":19,"column":15},"end":{"line":19,"column":28}},"10":{"start":{"line":21,"column":8},"end":{"line":21,"column":21}},"11":{"start":{"line":26,"column":16},"end":{"line":33,"column":1}},"12":{"start":{"line":27,"column":17},"end":{"line":27,"column":22}},"13":{"start":{"line":28,"column":16},"end":{"line":28,"column":26}},"14":{"start":{"line":29,"column":4},"end":{"line":31,"column":5}},"15":{"start":{"line":30,"column":8},"end":{"line":30,"column":48}},"16":{"start":{"line":30,"column":34},"end":{"line":30,"column":48}},"17":{"start":{"line":32,"column":4},"end":{"line":32,"column":18}},"18":{"start":{"line":36,"column":16},"end":{"line":44,"column":1}},"19":{"start":{"line":37,"column":4},"end":{"line":43,"column":5}},"20":{"start":{"line":38,"column":20},"end":{"line":38,"column":30}},"21":{"start":{"line":39,"column":21},"end":{"line":39,"column":32}},"22":{"start":{"line":40,"column":8},"end":{"line":40,"column":20}},"23":{"start":{"line":42,"column":8},"end":{"line":42,"column":18}},"24":{"start":{"line":47,"column":15},"end":{"line":49,"column":1}},"25":{"start":{"line":48,"column":4},"end":{"line":48,"column":46}}},"fnMap":{"0":{"name":"(anonymous_0)","decl":{"start":{"line":4,"column":17},"end":{"line":4,"column":18}},"loc":{"start":{"line":4,"column":26},"end":{"line":6,"column":1}},"line":4},"1":{"name":"(anonymous_1)","decl":{"start":{"line":9,"column":17},"end":{"line":9,"column":18}},"loc":{"start":{"line":10,"column":4},"end":{"line":10,"column":42}},"line":10},"2":{"name":"(anonymous_2)","decl":{"start":{"line":14,"column":23},"end":{"line":14,"column":24}},"loc":{"start":{"line":14,"column":32},"end":{"line":23,"column":1}},"line":14},"3":{"name":"(anonymous_3)","decl":{"start":{"line":26,"column":16},"end":{"line":26,"column":17}},"loc":{"start":{"line":26,"column":22},"end":{"line":33,"column":1}},"line":26},"4":{"name":"(anonymous_4)","decl":{"start":{"line":36,"column":16},"end":{"line":36,"column":17}},"loc":{"start":{"line":36,"column":22},"end":{"line":44,"column":1}},"line":36},"5":{"name":"(anonymous_5)","decl":{"start":{"line":47,"column":15},"end":{"line":47,"column":16}},"loc":{"start":{"line":47,"column":21},"end":{"line":49,"column":1}},"line":47}},"branchMap":{"0":{"loc":{"start":{"line":17,"column":8},"end":{"line":19,"column":28}},"type":"if","locations":[{"start":{"line":17,"column":8},"end":{"line":19,"column":28}},{"start":{"line":17,"column":8},"end":{"line":19,"column":28}}],"line":17},"1":{"loc":{"start":{"line":29,"column":4},"end":{"line":31,"column":5}},"type":"if","locations":[{"start":{"line":29,"column":4},"end":{"line":31,"column":5}},{"start":{"line":29,"column":4},"end":{"line":31,"column":5}}],"line":29},"2":{
[...]
,"/home/eric/Desktop/CMPT276/CMPT276/public/src/pages/Login.js": {"path":"/home/eric/Desktop/CMPT276/CMPT276/public/src/pages/Login.js","statementMap":{"0":{"start":{"line":12,"column":45},"end":{"line":12,"column":54}},"1":{"start":{"line":14,"column":24},"end":{"line":37,"column":3}},"2":{"start":{"line":16,"column":38},"end":{"line":16,"column":42}},"3":{"start":{"line":20,"column":4},"end":{"line":34,"column":9}},"4":{"start":{"line":22,"column":24},"end":{"line":22,"column":61}},"5":{"start":{"line":24,"column":8},"end":{"line":24,"column":26}},"6":{"start":{"line":26,"column":8},"end":{"line":26,"column":32}},"7":{"start":{"line":27,"column":8},"end":{"line":27,"column":43}},"8":{"start":{"line":29,"column":8},"end":{"line":29,"column":49}},"9":{"start":{"line":32,"column":24},"end":{"line":32,"column":51}},"10":{"start":{"line":33,"column":8},"end":{"line":33,"column":29}},"11":{"start":{"line":39,"column":2},"end":{"line":109,"column":4}}},"fnMap":{"0":{"name":"Login","decl":{"start":{"line":11,"column":24},"end":{"line":11,"column":29}},"loc":{"start":{"line":11,"column":37},"end":{"line":110,"column":1}},"line":11},"1":{"name":"(anonymous_1)","decl":{"start":{"line":14,"column":24},"end":{"line":14,"column":25}},"loc":{"start":{"line":14,"column":34},"end":{"line":37,"column":3}},"line":14},"2":{"name":"(anonymous_2)","decl":{"start":{"line":21,"column":12},"end":{"line":21,"column":13}},"loc":{"start":{"line":21,"column":21},"end":{"line":30,"column":7}},"line":21},"3":{"name":"(anonymous_3)","decl":{"start":{"line":31,"column":13},"end":{"line":31,"column":14}},"loc":{"start":{"line":31,"column":24},"end":{"line":34,"column":7}},"line":31}},"branchMap":{"0":{"loc":{"start":{"line":55,"column":40},"end":{"line":55,"column":73}},"type":"binary-expr","locations":[{"start":{"line":55,"column":40},"end":{"line":55,"column":58}},{"start":{"line":55,"column":62},"end":{"line":55,"column":73}}],"line":55},"1":{"loc":{"start":{"line":67,"column":17},"end":{"line":71,"column":17}},"type":"binary-expr","locations":[{"start":{"line":67,"column":17},"end":{"line":67,"column":35}},{"start":{"line":68,"column":18},"end":{"line":70,"column":22}}],"line":67},"2":{"loc":{"start":{"line":81,"column":36},"end":{"line":81,"column":66}},"type":"binary-expr","locations":[{"start":{"line":81,"column":36},"end":{"line":81,"column":51}},{"start":{"line":81,"column":55},"end":{"line":81,"column":66}}],"line":81},"3":{"loc":{"start":{"line":92,"column":15},"end":{"line":96,"column":15}},"type":"binary-expr","locations":[{"start":{"line":92,"column":15},"end":{"line":92,"column":30}},{"start":{"line":93,"column":16},"end":{"line":95,"column":20}}],"line":92}},"s":{"0":1,"1":1,"2":0,"3":0,"4":0,"5":0,"6":0,"7":0,"8":0,"9":0,"10":0,"11":1},"f":{"0":1,"1":0,"2":0,"3":0},"b":{"0":[1,0],"1":[1,0],"2":[1,0],"3":[1,0]},"_coverageSchema":"43e27e138ebf9cfc5966b082cf9a028302ed4184","hash":"ff3cbecdba697a95a88453579c842378627ffebf"}
,"/home/eric/Desktop/CMPT276/CMPT276/public/src/pages/OngoingOrder.js": {"path":"/home/eric/Desktop/CMPT276/CMPT276/public/src/pages/OngoingOrder.js","statementMap":{"0":{"start":{"line":10,"column":12},"end":{"line":10,"column":58}},"1":{"start":{"line":11,"column":10},"end":{"line":13,"column":3}},"2":{"start":{"line":17,"column":17},"end":{"line":17,"column":26}},"3":{"start":{"line":18,"column":28},"end":{"line":18,"column":32}},"4":{"start":{"line":20,"column":4},"end":{"line":28,"column":9}},"5":{"start":{"line":22,"column":8},"end":{"line":24,"column":11}},"6":{"start":{"line":27,"column":8},"end":{"line":27,"column":25}},"7":{"start":{"line":32,"column":4},"end":{"line":91,"column":6}},"8":{"start":{"line":37,"column":14},"end":{"line":82,"column":16}},"9":{"start":{"line":51,"column":32},"end":{"line":51,"column":47}},"10":{"start":{"line":57,"column":30},"end":{"line":74,"column":32}}},"fnMap":{"0":{"name":"(anonymous_0)","decl":{"start":{"line":15,"column":2},"end":{"line":15,"column":3}},"loc":{"start":{"line":15,"column":22},"end":{"line":29,"column":3}},"line":15},"1":{"name":"(anonymous_1)","decl":{"start":{"line":21,"column":12},"end":{"line":21,"column":13}},"loc":{"start":{"line":21,"column":21},"end":{"line":25,"column":7}},"line":21},"2":{"name":"(anonymous_2)","decl":{"start":{"line":26,"column":13},"end":{"line":26,"column":14}},"loc":{"start":{"line":26,"column":22},"end":{"line":28,"column":7}},"line":26},"3":{"name":"(anonymous_3)","decl":{"start":{"line":31,"column":2},"end":{"line":31,"column":3}},"loc":{"start":{"line":31,"column":11},"end":{"line":92,"column":3}},"line":31},"4":{"name":"(anonymous_4)","decl":{"start":{"line":36,"column":33},"end":{"line":36,"column":34}},"loc":{"start":{"line":36,"column":44},"end":{"line":83,"column":13}},"line":36},"5":{"name":"(anonymous_5)","decl":{"start":{"line":50,"column":48},"end":{"line":50,"column":49}},"loc":{"start":{"line":51,"column":32},"end":{"line":51,"column":47}},"line":51},"6":{"name":"(anonymous_6)","decl":{"start":{"line":56,"column":48},"end":{"line":56,"column":49}},"loc":{"start":{"line":56,"column":61},"end":{"line":75,"column":29}},"line":56}},"branchMap":{"0":{"loc":{"start":{"line":35,"column":11},"end":{"line":88,"column":11}},"type":"cond-expr","locations":[{"start":{"line":36,"column":12},"end":{"line":83,"column":14}},{"start":{"line":85,"column":12},"end":{"line":87,"column":18}}],"line":35}},"s":{"0":1,"1":1,"2":0,"3":0,"4":0,"5":0,"6":0,"7":1,"8":0,"9":0,"10":0},"f":{"0":0,"1":0,"2":0,"3":1,"4":0,"5":0,"6":0},"b":{"0":[0,1]},"_coverageSchema":"43e27e138ebf9cfc5966b082cf9a028302ed4184","hash":"1273b3399716034d7f41a84c9db282305aa6a6d9"}
,"/home/eric/Desktop/CMPT276/CMPT276/public/src/pages/PreviousOrder.js": {"path":"/home/eric/Desktop/CMPT276/CMPT276/public/src/pages/PreviousOrder.js","statementMap":{"0":{"start":{"line":11,"column":14},"end":{"line":11,"column":60}},"1":{"start":{"line":12,"column":12},"end":{"line":14,"column":5}},"2":{"start":{"line":18,"column":21},"end":{"line":18,"column":30}},"3":{"start":{"line":19,"column":32},"end":{"line":19,"column":36}},"4":{"start":{"line":20,"column":8},"end":{"line":20,"column":33}},"5":{"start":{"line":22,"column":8},"end":{"line":28,"column":11}},"6":{"start":{"line":23,"column":12},"end":{"line":25,"column":14}},"7":{"start":{"line":27,"column":12},"end":{"line":27,"column":29}},"8":{"start":{"line":32,"column":8},"end":{"line":85,"column":9}},"9":{"start":{"line":38,"column":40},"end":{"line":73,"column":41}},"10":{"start":{"line":51,"column":98},"end":{"line":51,"column":113}},"11":{"start":{"line":57,"column":76},"end":{"line":64,"column":77}}},"fnMap":{"0":{"name":"(anonymous_0)","decl":{"start":{"line":16,"column":4},"end":{"line":16,"column":5}},"loc":{"start":{"line":16,"column":24},"end":{"line":29,"column":5}},"line":16},"1":{"name":"(anonymous_1)","decl":{"start":{"line":22,"column":49},"end":{"line":22,"column":50}},"loc":{"start":{"line":22,"column":56},"end":{"line":26,"column":9}},"line":22},"2":{"name":"(anonymous_2)","decl":{"start":{"line":26,"column":17},"end":{"line":26,"column":18}},"loc":{"start":{"line":26,"column":24},"end":{"line":28,"column":9}},"line":26},"3":{"name":"(anonymous_3)","decl":{"start":{"line":31,"column":4},"end":{"line":31,"column":5}},"loc":{"start":{"line":31,"column":13},"end":{"line":86,"column":5}},"line":31},"4":{"name":"(anonymous_4)","decl":{"start":{"line":37,"column":57},"end":{"line":37,"column":58}},"loc":{"start":{"line":37,"column":66},"end":{"line":74,"column":37}},"line":37},"5":{"name":"(anonymous_5)","decl":{"start":{"line":51,"column":90},"end":{"line":51,"column":91}},"loc":{"start":{"line":51,"column":98},"end":{"line":51,"column":113}},"line":51},"6":{"name":"(anonymous_6)","decl":{"start":{"line":56,"column":91},"end":{"line":56,"column":92}},"loc":{"start":{"line":56,"column":102},"end":{"line":65,"column":73}},"line":56}},"branchMap":{"0":{"loc":{"start":{"line":36,"column":32},"end":{"line":79,"column":33}},"type":"cond-expr","locations":[{"start":{"line":37,"column":36},"end":{"line":74,"column":38}},{"start":{"line":76,"column":36},"end":{"line":78,"column":42}}],"line":36}},"s":{"0":1,"1":1,"2":0,"3":0,"4":0,"5":0,"6":0,"7":0,"8":1,"9":0,"10":0,"11":0},"f":{"0":0,"1":0,"2":0,"3":1,"4":0,"5":0,"6":0},"b":{"0":[0,1]},"_coverageSchema":"43e27e138ebf9cfc5966b082cf9a028302ed4184","hash":"fb4b7daa368946db64bd2d51b22752da51efbe9c"}
,"/home/eric/Desktop/CMPT276/CMPT276/public/src/pages/SignUp.js": {"path":"/home/eric/Desktop/CMPT276/CMPT276/public/src/pages/SignUp.js","statementMap":{"0":{"start":{"line":11,"column":52},"end":{"line":11,"column":61}},"1":{"start":{"line":13,"column":32},"end":{"line":13,"column":47}},"2":{"start":{"line":15,"column":19},"end":{"line":31,"column":3}},"3":{"start":{"line":16,"column":48},"end":{"line":16,"column":52}},"4":{"start":{"line":20,"column":4},"end":{"line":30,"column":62}},"5":{"start":{"line":27,"column":8},"end":{"line":27,"column":48}},"6":{"start":{"line":28,"column":8},"end":{"line":28,"column":26}},"7":{"start":{"line":30,"column":22},"end":{"line":30,"column":60}},"8":{"start":{"line":34,"column":20},"end":{"line":54,"column":3}},"9":{"start":{"line":35,"column":34},"end":{"line":35,"column":38}},"10":{"start":{"line":37,"column":4},"end":{"line":53,"column":9}},"11":{"start":{"line":42,"column":24},"end":{"line":42,"column":61}},"12":{"start":{"line":44,"column":8},"end":{"line":44,"column":26}},"13":{"start":{"line":46,"column":8},"end":{"line":46,"column":32}},"14":{"start":{"line":47,"column":8},"end":{"line":47,"column":47}},"15":{"start":{"line":48,"column":8},"end":{"line":48,"column":49}},"16":{"start":{"line":51,"column":24},"end":{"line":51,"column":51}},"17":{"start":{"line":52,"column":8},"end":{"line":52,"column":29}},"18":{"start":{"line":56,"column":2},"end":{"line":201,"column":4}},"19":{"start":{"line":147,"column":39},"end":{"line":147,"column":66}}},"fnMap":{"0":{"name":"SignUp","decl":{"start":{"line":10,"column":24},"end":{"line":10,"column":30}},"loc":{"start":{"line":10,"column":38},"end":{"line":202,"column":1}},"line":10},"1":{"name":"(anonymous_1)","decl":{"start":{"line":15,"column":19},"end":{"line":15,"column":20}},"loc":{"start":{"line":15,"column":29},"end":{"line":31,"column":3}},"line":15},"2":{"name":"(anonymous_2)","decl":{"start":{"line":26,"column":12},"end":{"line":26,"column":13}},"loc":{"start":{"line":26,"column":21},"end":{"line":29,"column":7}},"line":26},"3":{"name":"(anonymous_3)","decl":{"start":{"line":30,"column":13},"end":{"line":30,"column":14}},"loc":{"start":{"line":30,"column":22},"end":{"line":30,"column":60}},"line":30},"4":{"name":"(anonymous_4)","decl":{"start":{"line":34,"column":20},"end":{"line":34,"column":21}},"loc":{"start":{"line":34,"column":36},"end":{"line":54,"column":3}},"line":34},"5":{"name":"(anonymous_5)","decl":{"start":{"line":41,"column":12},"end":{"line":41,"column":13}},"loc":{"start":{"line":41,"column":21},"end":{"line":49,"column":7}},"line":41},"6":{"name":"(anonymous_6)","decl":{"start":{"line":50,"column":13},"end":{"line":50,"column":14}},"loc":{"start":{"line":50,"column":24},"end":{"line":53,"column":7}},"line":50},"7":{"name":"(anonymous_7)","decl":{"start":{"line":147,"column":28},"end":{"line":147,"column":29}},"loc":{"start":{"line":147,"column":39},"end":{"line":147,"column":66}},"line":147}},"branchMap":{"0":{"loc":{"start":{"line":64,"column":36},"end":{"line":64,"column":66}},"type":"binary-expr","locations":[{"start":{"line":64,"column":36},"end":{"line":64,"column":51}},{"start":{"line":64,"column":55},"end":{"line":64,"column":66}}],"line":64},"1":{"loc":{"start":{"line":76,"column":15},"end":{"line":80,"column":15}},"type":"binary-expr","locations":[{"start":{"line":76,"column":15},"end":{"line":76,"column":30}},{"start":{"line":77,"column":16},"end":{"line":79,"column":20}}],"line":76},"2":{"loc":{"start":{"line":92,"column":40},"end":{"line":92,"column":73}},"type":"binary-expr","locations":[{"start":{"line":92,"column":40},"end":{"line":92,"column":58}},{"start":{"line":92,"column":62},"end":{"line":92,"column":73}}],"line":92},"3":{"loc":{"start":{"line":104,"column":17},"end":{"line":108,"column":17}},"type":"binary-expr","locations":[{"start":{"line":104,"column":17},"end":{"line":104,"column":35}},{"start":{"line":105,"column":18},"end":{"line":107,"column":22}}],"line":104},"4":{"loc":{"start":{"line":117,"column":36},"end":{"line":117,"column":66}},"type":"binary-expr","locations":[{"start":{"line":117,"column":36},"end":{"line":117,"column":51}},{"start":{"line":117,"column":55},"end":{"line":117,"column":66}}],"line":117},"5":{"loc":{"start":{"line":129,"column":15},"end":{"line":133,"column":15}},"type":"binary-expr","locations":[{"start":{"line":129,"column":15},"end":{"line":129,"column":30}},{"start":{"line":130,"column":16},"end":{"line":132,"column":20}}],"line":129},"6":{"loc":{"start":{"line":141,"column":36},"end":{"line":141,"column":67}},"type":"binary-expr","locations":[{"start":{"line":141,"column":36},"end":{"line":141,"column":52}},{"start":{"line":141,"column":56},"end":{"line":141,"column":67}}],"line":141},"7":{"loc":{"start":{"line":150,"column":15},"end":{"line":154,"column":15}},"type":"binary-expr","locations":[{"start":{"line":150,"column":15},"end":{"line":150,"column":31}},{"start":{"line":151,"column":16},"end":{"line":153,"column":20}}],"line":150},"8":{"loc":{"start":{"line":171,"column":26},"end":{"line":171,"column":52}},"type":"cond-expr","locations":[{"start":{"line":171,"column":37},"end":{"line":171,"column":39}},{"start":{"line":171,"column":42},"end":{"line":171,"column":52}}],"line":171},"9":{"loc":{"start":{"line":172,"column":36},"end":{"line":172,"column":62}},"type":"binary-expr","locations":[{"start":{"line":172,"column":36},"end":{"line":172,"column":47}},{"start":{"line":172,"column":51},"end":{"line":172,"column":62}}],"line":172},"10":{"loc":{"start":{"line":183,"column":15},"end":{"line":185,"column":15}},"type":"binary-expr","locations":[{"start":{"line":183,"column":15},"end":{"line":183,"column":26}},{"start":{"line":184,"column":16},"end":{"line":184,"column":79}}],"line":183},"11":{"loc":{"start":{"line":193,"column":24},"end":{"line":193,"column":50}},"type":"cond-expr","locations":[{"start":{"line":193,"column":35},"end":{"line":193,"column":37}},{"start":{"line":193,"column":40},"end":{"line":193,"column":50}}],"line":193}},"s":{"0":1,"1":1,"2":1,"3":0,"4":0,"5":0,"6":0,"7":0,"8":1,"9":0,"10":0,"11":0,"12":0,"13":0,"14":0,"15":0,"16":0,"17":0,"18":1,"19":0},"f":{"0":1,"1":0,"2":0,"3":0,"4":0,"5":0,"6":0,"7":0},"b":{"0":[1,0],"1":[1,0],"2":[1,0],"3":[1,0],"4":[1,0],"5":[1,0],"6":[1,0],"7":[1,0],"8":[0,1],"9":[1,0],"10":[1,0],"11":[0,1]},"_coverageSchema":"43e27e138ebf9cfc5966b082cf9a028302ed4184","hash":"1ae39c50ab4d008b87c37a804067fc85b1c818e7"}
,"/home/eric/Desktop/CMPT276/CMPT276/public/src/service/service.js": {"path":"/home/eric/Desktop/CMPT276/CMPT276/public/src/service/service.js","statementMap":{"0":{"start":{"line":4,"column":2},"end":{"line":4,"column":56}},"1":{"start":{"line":8,"column":2},"end":{"line":8,"column":58}},"2":{"start":{"line":12,"column":2},"end":{"line":12,"column":42}},"3":{"start":{"line":16,"column":2},"end":{"line":16,"column":46}},"4":{"start":{"line":20,"column":2},"end":{"line":20,"column":52}},"5":{"start":{"line":24,"column":2},"end":{"line":24,"column":53}},"6":{"start":{"line":28,"column":2},"end":{"line":28,"column":49}},"7":{"start":{"line":32,"column":2},"end":{"line":32,"column":50}},"8":{"start":{"line":37,"column":2},"end":{"line":37,"column":49}},"9":{"start":{"line":41,"column":2},"end":{"line":41,"column":50}}},"fnMap":{"0":{"name":"getNotifications","decl":{"start":{"line":3,"column":16},"end":{"line":3,"column":32}},"loc":{"start":{"line":3,"column":40},"end":{"line":5,"column":1}},"line":3},"1":{"name":"createNotification","decl":{"start":{"line":7,"column":16},"end":{"line":7,"column":34}},"loc":{"start":{"line":7,"column":42},"end":{"line":9,"column":1}},"line":7},"2":{"name":"getAllUsers","decl":{"start":{"line":11,"column":16},"end":{"line":11,"column":27}},"loc":{"start":{"line":11,"column":30},"end":{"line":13,"column":1}},"line":11},"3":{"name":"login","decl":{"start":{"line":15,"column":16},"end":{"line":15,"column":21}},"loc":{"start":{"line":15,"column":29},"end":{"line":17,"column":1}},"line":15},"4":{"name":"getOngoing","decl":{"start":{"line":19,"column":16},"end":{"line":19,"column":26}},"loc":{"start":{"line":19,"column":34},"end":{"line":21,"column":1}},"line":19},"5":{"name":"getPrevious","decl":{"start":{"line":23,"column":16},"end":{"line":23,"column":27}},"loc":{"start":{"line":23,"column":35},"end":{"line":25,"column":1}},"line":23},"6":{"name":"register1","decl":{"start":{"line":27,"column":16},"end":{"line":27,"column":25}},"loc":{"start":{"line":27,"column":33},"end":{"line":29,"column":1}},"line":27},"7":{"name":"register2","decl":{"start":{"line":31,"column":16},"end":{"line":31,"column":25}},"loc":{"start":{"line":31,"column":33},"end":{"line":33,"column":1}},"line":31},"8":{"name":"forgotpw","decl":{"start":{"line":36,"column":16},"end":{"line":36,"column":24}},"loc":{"start":{"line":36,"column":32},"end":{"line":38,"column":1}},"line":36},"9":{"name":"forgotpw2","decl":{"start":{"line":40,"column":16},"end":{"line":40,"column":25}},"loc":{"start":{"line":40,"column":33},"end":{"line":42,"column":1}},"line":40}},"branchMap":{},"s":{"0":8,"1":0,"2":1,"3":1,"4":1,"5":1,"6":1,"7":1,"8":2,"9":1},"f":{"0":8,"1":0,"2":1,"3":1,"4":1,"5":1,"6":1,"7":1,"8":2,"9":1},"b":{},"_coverageSchema":"43e27e138ebf9cfc5966b082cf9a028302ed4184","hash":"bec48a2521d571dfb4c35323a8e72de4e6419655"}
,"/home/eric/Desktop/CMPT276/CMPT276/public/src/store/index.js": {"path":"/home/eric/Desktop/CMPT276/CMPT276/public/src/store/index.js","statementMap":{},"fnMap":{},"branchMap":{},"s":{},"f":{},"b":{},"_coverageSchema":"43e27e138ebf9cfc5966b082cf9a028302ed4184","hash":"310c287d60613c6f606c129aa8f3c15de954223f"}
}
