TN:
SF:/home/eric/Desktop/CMPT276/CMPT276/public/src/Layout.js
FN:4,(anonymous_0)
FNF:1
FNH:1
FNDA:6,(anonymous_0)
DA:4,6
DA:5,6
DA:6,6
LF:3
LH:3
BRF:0
BRH:0
end_of_record
TN:
SF:/home/eric/Desktop/CMPT276/CMPT276/public/src/components/Checkout.js
FN:6,(anonymous_0)
FN:10,updateAddress
FN:13,updateSelected
FN:16,updateLatLng
FN:28,(anonymous_4)
FNF:5
FNH:1
FNDA:2,(anonymous_0)
FNDA:0,updateAddress
FNDA:0,updateSelected
FNDA:0,updateLatLng
FNDA:0,(anonymous_4)
DA:6,2
DA:7,2
DA:8,2
DA:9,2
DA:11,0
DA:14,0
DA:17,0
DA:19,2
DA:29,0
LF:9
LH:5
BRDA:51,0,0,0
BRDA:51,0,1,2
BRF:2
BRH:1
end_of_record
TN:
SF:/home/eric/Desktop/CMPT276/CMPT276/public/src/components/CurrentCard.js
FN:5,(anonymous_0)
FN:16,(anonymous_1)
FN:21,(anonymous_2)
FNF:3
FNH:0
FNDA:0,(anonymous_0)
FNDA:0,(anonymous_1)
FNDA:0,(anonymous_2)
DA:6,0
DA:7,0
DA:8,0
DA:9,0
DA:10,0
DA:12,0
DA:17,0
DA:22,0
LF:8
LH:0
BRF:0
BRH:0
end_of_record
TN:
SF:/home/eric/Desktop/CMPT276/CMPT276/public/src/components/Driver.js
FN:12,(anonymous_0)
FN:34,(anonymous_1)
FN:38,(anonymous_2)
FN:43,(anonymous_3)
FN:65,(anonymous_4)
FN:89,(anonymous_5)
FN:94,(anonymous_6)
FN:99,(anonymous_7)
FN:110,(anonymous_8)
FN:113,(anonymous_9)
FN:117,(anonymous_10)
FN:136,(anonymous_11)
FN:144,(anonymous_12)
FN:151,(anonymous_13)
FN:154,(anonymous_14)
FN:164,(anonymous_15)
FN:172,(anonymous_16)
FN:180,(anonymous_17)
FN:188,(anonymous_18)
FN:194,(anonymous_19)
FNF:20
FNH:5
FNDA:1,(anonymous_0)
FNDA:0,(anonymous_1)
FNDA:1,(anonymous_2)
FNDA:0,(anonymous_3)
FNDA:0,(anonymous_4)
FNDA:0,(anonymous_5)
FNDA:0,(anonymous_6)
FNDA:0,(anonymous_7)
FNDA:1,(anonymous_8)
FNDA:0,(anonymous_9)
FNDA:0,(anonymous_10)
FNDA:0,(anonymous_11)
FNDA:0,(anonymous_12)
FNDA:0,(anonymous_13)
FNDA:1,(anonymous_14)
FNDA:0,(anonymous_15)
FNDA:0,(anonymous_16)
FNDA:0,(anonymous_17)
FNDA:2,(anonymous_18)
FNDA:0,(anonymous_19)
DA:13,1
DA:15,1
DA:16,1
DA:18,1
DA:32,1
DA:35,0
DA:36,0
DA:38,1
DA:39,1
DA:40,1
DA:42,1
DA:43,0
DA:44,0
DA:48,0
DA:51,0
DA:58,1
DA:59,0
DA:60,0
DA:61,0
DA:66,0
DA:67,0
DA:68,0
DA:69,0
DA:70,0
DA:71,0
DA:76,0
DA:77,0
DA:78,0
DA:79,0
DA:89,1
DA:90,0
DA:94,1
DA:95,0
DA:99,1
DA:100,0
DA:104,0
DA:111,1
DA:112,1
DA:113,1
DA:114,0
DA:115,0
DA:117,1
DA:118,0
DA:119,0
DA:123,0
DA:127,0
DA:128,0
DA:129,0
DA:130,0
DA:134,0
DA:136,1
DA:137,0
DA:140,0
DA:141,0
DA:144,1
DA:145,0
DA:150,1
DA:151,0
DA:155,1
DA:156,0
DA:157,0
DA:158,0
DA:159,0
DA:160,0
DA:165,0
DA:169,0
DA:170,0
DA:173,0
DA:177,0
DA:178,0
DA:181,0
DA:185,0
DA:186,0
DA:189,2
DA:195,0
LF:75
LH:22
BRDA:42,0,0,0
BRDA:42,0,1,1
BRDA:58,1,0,0
BRDA:58,1,1,1
BRDA:58,2,0,1
BRDA:58,2,1,1
BRDA:66,3,0,0
BRDA:66,3,1,0
BRDA:69,4,0,0
BRDA:69,4,1,0
BRDA:76,5,0,0
BRDA:76,5,1,0
BRDA:119,6,0,0
BRDA:119,6,1,0
BRDA:119,7,0,0
BRDA:119,7,1,0
BRDA:119,7,2,0
BRDA:129,8,0,0
BRDA:129,8,1,0
BRDA:155,9,0,0
BRDA:155,9,1,1
BRDA:157,10,0,0
BRDA:157,10,1,0
BRDA:157,11,0,0
BRDA:157,11,1,0
BRDA:191,12,0,2
BRDA:191,12,1,0
BRDA:191,13,0,2
BRDA:191,13,1,2
BRF:29
BRH:8
end_of_record
TN:
SF:/home/eric/Desktop/CMPT276/CMPT276/public/src/components/GoogleMaps.js
FN:6,(anonymous_0)
FN:15,(anonymous_1)
FN:20,(anonymous_2)
FN:36,(anonymous_3)
FN:48,(anonymous_4)
FN:62,(anonymous_5)
FN:65,(anonymous_6)
FN:69,(anonymous_7)
FNF:8
FNH:0
FNDA:0,(anonymous_0)
FNDA:0,(anonymous_1)
FNDA:0,(anonymous_2)
FNDA:0,(anonymous_3)
FNDA:0,(anonymous_4)
FNDA:0,(anonymous_5)
FNDA:0,(anonymous_6)
FNDA:0,(anonymous_7)
DA:7,0
DA:8,0
DA:16,0
DA:22,0
DA:23,0
DA:25,0
DA:26,0
DA:30,0
DA:31,0
DA:36,0
DA:37,0
DA:38,0
DA:39,0
DA:40,0
DA:43,0
DA:44,0
DA:49,0
DA:50,0
DA:54,0
DA:63,0
DA:65,0
DA:70,0
LF:22
LH:0
BRDA:22,0,0,0
BRDA:22,0,1,0
BRDA:25,1,0,0
BRDA:25,1,1,0
BRDA:30,2,0,0
BRDA:30,2,1,0
BRDA:49,3,0,0
BRDA:49,3,1,0
BRDA:72,4,0,0
BRDA:72,4,1,0
BRDA:73,5,0,0
BRDA:73,5,1,0
BRDA:73,5,2,0
BRF:13
BRH:0
end_of_record
TN:
SF:/home/eric/Desktop/CMPT276/CMPT276/public/src/components/Header.js
FN:7,(anonymous_0)
FN:9,(anonymous_1)
FN:14,(anonymous_2)
FNF:3
FNH:2
FNDA:8,(anonymous_0)
FNDA:2,(anonymous_1)
FNDA:0,(anonymous_2)
DA:7,7
DA:9,8
DA:10,2
DA:15,0
DA:16,0
DA:18,0
DA:19,0
DA:21,0
DA:22,0
DA:24,0
DA:25,0
DA:31,8
LF:12
LH:4
BRDA:15,0,0,0
BRDA:15,0,1,0
BRDA:18,1,0,0
BRDA:18,1,1,0
BRDA:21,2,0,0
BRDA:21,2,1,0
BRDA:24,3,0,0
BRDA:24,3,1,0
BRDA:38,4,0,2
BRDA:38,4,1,6
BRDA:39,5,0,1
BRDA:39,5,1,7
BRF:12
BRH:4
end_of_record
TN:
SF:/home/eric/Desktop/CMPT276/CMPT276/public/src/components/LocationSearchInput.js
FN:5,(anonymous_0)
FN:12,(anonymous_1)
FN:16,(anonymous_2)
FN:19,(anonymous_3)
FN:24,(anonymous_4)
FN:29,(anonymous_5)
FN:30,(anonymous_6)
FN:31,(anonymous_7)
FN:34,(anonymous_8)
FN:41,(anonymous_9)
FN:56,(anonymous_10)
FNF:11
FNH:3
FNDA:2,(anonymous_0)
FNDA:0,(anonymous_1)
FNDA:0,(anonymous_2)
FNDA:0,(anonymous_3)
FNDA:0,(anonymous_4)
FNDA:0,(anonymous_5)
FNDA:0,(anonymous_6)
FNDA:0,(anonymous_7)
FNDA:2,(anonymous_8)
FNDA:2,(anonymous_9)
FNDA:0,(anonymous_10)
DA:6,2
DA:7,2
DA:12,2
DA:13,0
DA:14,0
DA:16,2
DA:17,0
DA:19,2
DA:20,0
DA:21,0
DA:24,2
DA:25,0
DA:26,0
DA:27,0
DA:28,0
DA:29,0
DA:30,0
DA:31,0
DA:35,2
DA:42,2
DA:57,0
DA:61,0
DA:64,0
LF:23
LH:8
BRDA:55,0,0,2
BRDA:55,0,1,0
BRDA:57,1,0,0
BRDA:57,1,1,0
BRDA:61,2,0,0
BRDA:61,2,1,0
BRF:6
BRH:1
end_of_record
TN:
SF:/home/eric/Desktop/CMPT276/CMPT276/public/src/components/OrderCard.js
FN:29,(anonymous_0)
FN:43,(anonymous_1)
FN:49,(anonymous_2)
FN:65,(anonymous_3)
FN:72,(anonymous_4)
FN:88,(anonymous_5)
FN:94,(anonymous_6)
FN:98,(anonymous_7)
FN:105,(anonymous_8)
FN:106,(anonymous_9)
FN:109,(anonymous_10)
FN:112,(anonymous_11)
FN:134,(anonymous_12)
FNF:13
FNH:4
FNDA:1,(anonymous_0)
FNDA:0,(anonymous_1)
FNDA:0,(anonymous_2)
FNDA:0,(anonymous_3)
FNDA:0,(anonymous_4)
FNDA:0,(anonymous_5)
FNDA:0,(anonymous_6)
FNDA:0,(anonymous_7)
FNDA:1,(anonymous_8)
FNDA:4,(anonymous_9)
FNDA:0,(anonymous_10)
FNDA:1,(anonymous_11)
FNDA:0,(anonymous_12)
DA:30,1
DA:31,1
DA:32,1
DA:33,1
DA:34,1
DA:35,1
DA:37,1
DA:44,0
DA:45,0
DA:50,0
DA:51,0
DA:57,0
DA:66,0
DA:67,0
DA:68,0
DA:73,0
DA:74,0
DA:80,0
DA:88,1
DA:89,0
DA:94,1
DA:95,0
DA:96,0
DA:98,1
DA:99,0
DA:102,0
DA:103,0
DA:106,4
DA:108,1
DA:109,0
DA:113,1
DA:135,0
DA:136,0
DA:137,0
LF:34
LH:13
BRDA:44,0,0,0
BRDA:44,0,1,0
BRDA:50,1,0,0
BRDA:50,1,1,0
BRDA:67,2,0,0
BRDA:67,2,1,0
BRDA:73,3,0,0
BRDA:73,3,1,0
BRDA:106,4,0,4
BRDA:106,4,1,0
BRDA:130,5,0,1
BRDA:130,5,1,0
BRDA:131,6,0,1
BRDA:131,6,1,0
BRDA:138,7,0,0
BRDA:138,7,1,1
BRDA:138,8,0,0
BRDA:138,8,1,1
BRF:18
BRH:5
end_of_record
TN:
SF:/home/eric/Desktop/CMPT276/CMPT276/public/src/components/OrderInfo.js
FN:17,(anonymous_0)
FN:22,(anonymous_1)
FN:33,(anonymous_2)
FN:49,(anonymous_3)
FN:59,(anonymous_4)
FN:76,(anonymous_5)
FN:86,(anonymous_6)
FN:102,(anonymous_7)
FN:104,(anonymous_8)
FN:108,(anonymous_9)
FN:112,(anonymous_10)
FN:113,(anonymous_11)
FN:114,(anonymous_12)
FN:117,(anonymous_13)
FN:122,(anonymous_14)
FN:128,(anonymous_15)
FNF:16
FNH:0
FNDA:0,(anonymous_0)
FNDA:0,(anonymous_1)
FNDA:0,(anonymous_2)
FNDA:0,(anonymous_3)
FNDA:0,(anonymous_4)
FNDA:0,(anonymous_5)
FNDA:0,(anonymous_6)
FNDA:0,(anonymous_7)
FNDA:0,(anonymous_8)
FNDA:0,(anonymous_9)
FNDA:0,(anonymous_10)
FNDA:0,(anonymous_11)
FNDA:0,(anonymous_12)
FNDA:0,(anonymous_13)
FNDA:0,(anonymous_14)
FNDA:0,(anonymous_15)
DA:9,8
DA:18,0
DA:19,0
DA:23,0
DA:24,0
DA:25,0
DA:26,0
DA:27,0
DA:28,0
DA:29,0
DA:34,0
DA:35,0
DA:39,0
DA:50,0
DA:51,0
DA:52,0
DA:53,0
DA:54,0
DA:55,0
DA:60,0
DA:61,0
DA:65,0
DA:77,0
DA:87,0
DA:88,0
DA:90,0
DA:91,0
DA:92,0
DA:93,0
DA:94,0
DA:95,0
DA:97,0
DA:103,0
DA:104,0
DA:105,0
DA:106,0
DA:108,0
DA:109,0
DA:112,0
DA:113,0
DA:114,0
DA:115,0
DA:118,0
DA:119,0
DA:123,0
DA:129,0
LF:46
LH:1
BRDA:34,0,0,0
BRDA:34,0,1,0
BRDA:50,1,0,0
BRDA:50,1,1,0
BRDA:50,2,0,0
BRDA:50,2,1,0
BRDA:60,3,0,0
BRDA:60,3,1,0
BRDA:79,4,0,0
BRDA:79,4,1,0
BRDA:90,5,0,0
BRDA:90,5,1,0
BRDA:92,6,0,0
BRDA:92,6,1,0
BRDA:94,7,0,0
BRDA:94,7,1,0
BRDA:140,8,0,0
BRDA:140,8,1,0
BRF:18
BRH:0
end_of_record
TN:
SF:/home/eric/Desktop/CMPT276/CMPT276/public/src/components/OrderInfoPanel.js
FN:12,(anonymous_0)
FN:21,(anonymous_1)
FN:27,(anonymous_2)
FNF:3
FNH:1
FNDA:0,(anonymous_0)
FNDA:0,(anonymous_1)
FNDA:8,(anonymous_2)
DA:6,8
DA:12,8
DA:13,0
DA:14,0
DA:15,0
DA:21,8
DA:22,0
DA:28,8
DA:44,8
DA:45,8
DA:47,8
LF:11
LH:7
BRDA:29,0,0,0
BRDA:29,0,1,8
BRF:2
BRH:1
end_of_record
TN:
SF:/home/eric/Desktop/CMPT276/CMPT276/public/src/components/OrderItem.js
FN:4,(anonymous_0)
FNF:1
FNH:0
FNDA:0,(anonymous_0)
DA:5,0
DA:7,0
LF:2
LH:0
BRF:0
BRH:0
end_of_record
TN:
SF:/home/eric/Desktop/CMPT276/CMPT276/public/src/components/PopupPanel.js
FN:9,(anonymous_0)
FN:13,(anonymous_1)
FN:27,(anonymous_2)
FN:34,(anonymous_3)
FNF:4
FNH:2
FNDA:0,(anonymous_0)
FNDA:2,(anonymous_1)
FNDA:0,(anonymous_2)
FNDA:11,(anonymous_3)
DA:6,9
DA:13,9
DA:14,2
DA:16,2
DA:18,2
DA:19,2
DA:27,9
DA:28,0
DA:31,0
DA:35,11
DA:51,9
DA:52,9
DA:55,9
LF:13
LH:11
BRDA:36,0,0,2
BRDA:36,0,1,9
BRF:2
BRH:2
end_of_record
TN:
SF:/home/eric/Desktop/CMPT276/CMPT276/public/src/components/Product.js
FN:44,(anonymous_0)
FN:48,(anonymous_1)
FN:52,(anonymous_2)
FNF:3
FNH:1
FNDA:0,(anonymous_0)
FNDA:0,(anonymous_1)
FNDA:1,(anonymous_2)
DA:44,1
DA:45,0
DA:53,1
DA:54,1
DA:55,1
DA:57,1
LF:6
LH:5
BRF:0
BRH:0
end_of_record
TN:
SF:/home/eric/Desktop/CMPT276/CMPT276/public/src/components/ProductDetail.js
FN:4,ProductDetail
FNF:1
FNH:1
FNDA:1,ProductDetail
DA:5,1
DA:7,1
LF:2
LH:2
BRDA:17,0,0,0
BRDA:17,0,1,1
BRF:2
BRH:1
end_of_record
TN:
SF:/home/eric/Desktop/CMPT276/CMPT276/public/src/components/Products.js
FN:13,(anonymous_0)
FN:27,(anonymous_1)
FN:48,(anonymous_2)
FN:53,(anonymous_3)
FN:59,(anonymous_4)
FN:72,(anonymous_5)
FN:83,(anonymous_6)
FN:92,(anonymous_7)
FN:96,(anonymous_8)
FN:113,(anonymous_9)
FNF:10
FNH:4
FNDA:1,(anonymous_0)
FNDA:1,(anonymous_1)
FNDA:1,(anonymous_2)
FNDA:0,(anonymous_3)
FNDA:0,(anonymous_4)
FNDA:0,(anonymous_5)
FNDA:0,(anonymous_6)
FNDA:0,(anonymous_7)
FNDA:2,(anonymous_8)
FNDA:0,(anonymous_9)
DA:14,1
DA:15,1
DA:28,1
DA:29,1
DA:30,1
DA:31,0
DA:35,0
DA:37,0
DA:38,0
DA:41,0
DA:49,1
DA:53,1
DA:55,0
DA:56,0
DA:57,0
DA:59,0
DA:60,0
DA:61,0
DA:64,0
DA:72,1
DA:73,0
DA:74,0
DA:75,0
DA:83,1
DA:84,0
DA:85,0
DA:86,0
DA:88,0
DA:92,1
DA:93,0
DA:97,2
DA:102,2
DA:114,0
DA:115,0
LF:34
LH:12
BRDA:84,0,0,0
BRDA:84,0,1,0
BRDA:105,1,0,2
BRDA:105,1,1,0
BRDA:109,2,0,2
BRDA:109,2,1,0
BRDA:112,3,0,1
BRDA:112,3,1,1
BRDA:112,4,0,2
BRDA:112,4,1,2
BRDA:114,5,0,0
BRDA:114,5,1,0
BRDA:131,6,0,2
BRDA:131,6,1,0
BRDA:131,6,2,0
BRF:15
BRH:7
end_of_record
TN:
SF:/home/eric/Desktop/CMPT276/CMPT276/public/src/components/StripeCheckoutButton.js
FN:6,(anonymous_0)
FN:10,(anonymous_1)
FNF:2
FNH:1
FNDA:3,(anonymous_0)
FNDA:0,(anonymous_1)
DA:4,3
DA:6,3
DA:7,3
DA:8,3
DA:10,3
DA:11,0
DA:20,0
DA:21,0
DA:26,3
LF:9
LH:6
BRDA:20,0,0,0
BRDA:20,0,1,0
BRF:2
BRH:0
end_of_record
TN:
SF:/home/eric/Desktop/CMPT276/CMPT276/public/src/components/ToolBox.js
FN:10,(anonymous_0)
FN:18,(anonymous_1)
FNF:2
FNH:2
FNDA:1,(anonymous_0)
FNDA:4,(anonymous_1)
DA:5,2
DA:10,2
DA:11,1
DA:12,1
DA:15,1
DA:19,4
LF:6
LH:6
BRF:0
BRH:0
end_of_record
TN:
SF:/home/eric/Desktop/CMPT276/CMPT276/public/src/components/UserProfile.js
FN:11,(anonymous_0)
FN:18,(anonymous_1)
FN:20,(anonymous_2)
FN:40,(anonymous_3)
FN:48,(anonymous_4)
FN:56,(anonymous_5)
FN:62,(anonymous_6)
FN:90,(anonymous_7)
FN:130,(anonymous_8)
FN:140,(anonymous_9)
FN:145,(anonymous_10)
FN:157,(anonymous_11)
FN:159,(anonymous_12)
FN:160,(anonymous_13)
FNF:14
FNH:7
FNDA:8,(anonymous_0)
FNDA:8,(anonymous_1)
FNDA:0,(anonymous_2)
FNDA:0,(anonymous_3)
FNDA:2,(anonymous_4)
FNDA:0,(anonymous_5)
FNDA:0,(anonymous_6)
FNDA:8,(anonymous_7)
FNDA:1,(anonymous_8)
FNDA:1,(anonymous_9)
FNDA:1,(anonymous_10)
FNDA:0,(anonymous_11)
FNDA:0,(anonymous_12)
FNDA:0,(anonymous_13)
DA:12,8
DA:13,8
DA:19,8
DA:20,8
DA:21,0
DA:25,0
DA:26,0
DA:28,0
DA:29,0
DA:32,0
DA:35,0
DA:39,8
DA:40,8
DA:41,0
DA:44,0
DA:48,8
DA:49,2
DA:50,2
DA:53,2
DA:56,8
DA:57,0
DA:62,8
DA:64,0
DA:65,0
DA:67,0
DA:68,0
DA:69,0
DA:70,0
DA:72,0
DA:73,0
DA:74,0
DA:76,0
DA:77,0
DA:78,0
DA:79,0
DA:80,0
DA:81,0
DA:82,0
DA:84,0
DA:86,0
DA:87,0
DA:91,8
DA:130,1
DA:140,1
DA:145,1
DA:158,0
DA:160,0
DA:161,0
LF:48
LH:16
BRDA:21,0,0,0
BRDA:21,0,1,0
BRDA:77,1,0,0
BRDA:77,1,1,0
BRDA:79,2,0,0
BRDA:79,2,1,0
BRDA:81,3,0,0
BRDA:81,3,1,0
BRDA:116,4,0,2
BRDA:116,4,1,6
BRDA:117,5,0,3
BRDA:117,5,1,3
BRDA:127,6,0,2
BRDA:127,6,1,6
BRDA:143,7,0,6
BRDA:143,7,1,1
BRF:16
BRH:8
end_of_record
TN:
SF:/home/eric/Desktop/CMPT276/CMPT276/public/src/globalFunc/Socket.js
FN:5,(anonymous_0)
FN:8,(anonymous_1)
FN:11,(anonymous_2)
FN:18,sendLocation
FN:21,sendHere
FN:24,sendAlmost
FN:28,sendAccepted
FN:32,setUser
FN:38,logoutUser
FNF:9
FNH:2
FNDA:0,(anonymous_0)
FNDA:0,(anonymous_1)
FNDA:0,(anonymous_2)
FNDA:1,sendLocation
FNDA:0,sendHere
FNDA:0,sendAlmost
FNDA:0,sendAccepted
FNDA:0,setUser
FNDA:2,logoutUser
DA:3,10
DA:5,10
DA:6,0
DA:8,10
DA:9,0
DA:11,10
DA:12,0
DA:19,1
DA:22,0
DA:25,0
DA:29,0
DA:33,0
DA:34,0
DA:39,2
DA:40,0
LF:15
LH:6
BRDA:33,0,0,0
BRDA:33,0,1,0
BRDA:39,1,0,0
BRDA:39,1,1,2
BRF:4
BRH:1
end_of_record
TN:
SF:/home/eric/Desktop/CMPT276/CMPT276/public/src/globalFunc/auth.js
FN:4,(anonymous_0)
FN:9,(anonymous_1)
FN:14,(anonymous_2)
FN:26,(anonymous_3)
FN:36,(anonymous_4)
FN:47,(anonymous_5)
FNF:6
FNH:6
FNDA:3,(anonymous_0)
FNDA:25,(anonymous_1)
FNDA:1,(anonymous_2)
FNDA:24,(anonymous_3)
FNDA:24,(anonymous_4)
FNDA:3,(anonymous_5)
DA:4,10
DA:5,3
DA:9,10
DA:10,25
DA:14,10
DA:15,1
DA:16,1
DA:17,1
DA:18,0
DA:19,1
DA:21,0
DA:26,10
DA:27,24
DA:28,24
DA:29,24
DA:30,1
DA:32,24
DA:36,10
DA:37,24
DA:38,1
DA:39,1
DA:40,1
DA:42,23
DA:47,10
DA:48,3
LF:25
LH:23
BRDA:17,0,0,0
BRDA:17,0,1,1
BRDA:29,1,0,1
BRDA:29,1,1,23
BRDA:30,2,0,1
BRDA:30,2,1,0
BRDA:37,3,0,1
BRDA:37,3,1,23
BRF:8
BRH:6
end_of_record
TN:
SF:/home/eric/Desktop/CMPT276/CMPT276/public/src/pages/AllUsers.js
FN:11,(anonymous_0)
FN:12,(anonymous_1)
FN:19,(anonymous_2)
FN:26,(anonymous_3)
FN:32,(anonymous_4)
FNF:5
FNH:2
FNDA:0,(anonymous_0)
FNDA:0,(anonymous_1)
FNDA:1,(anonymous_2)
FNDA:4,(anonymous_3)
FNDA:0,(anonymous_4)
DA:6,1
DA:7,1
DA:12,0
DA:13,0
DA:20,1
DA:27,4
DA:33,0
LF:7
LH:4
BRDA:38,0,0,0
BRDA:38,0,1,0
BRDA:40,1,0,0
BRDA:40,1,1,0
BRF:4
BRH:0
end_of_record
TN:
SF:/home/eric/Desktop/CMPT276/CMPT276/public/src/pages/ForgotPw.js
FN:8,ForgotPw
FN:12,(anonymous_1)
FN:18,(anonymous_2)
FN:22,(anonymous_3)
FN:29,(anonymous_4)
FN:38,(anonymous_5)
FN:42,(anonymous_6)
FN:149,(anonymous_7)
FNF:8
FNH:3
FNDA:5,ForgotPw
FNDA:1,(anonymous_1)
FNDA:1,(anonymous_2)
FNDA:0,(anonymous_3)
FNDA:0,(anonymous_4)
FNDA:0,(anonymous_5)
FNDA:0,(anonymous_6)
FNDA:0,(anonymous_7)
DA:9,5
DA:10,5
DA:12,5
DA:13,1
DA:17,1
DA:19,1
DA:20,1
DA:23,0
DA:24,0
DA:29,5
DA:30,0
DA:33,0
DA:39,0
DA:40,0
DA:43,0
DA:44,0
DA:48,5
DA:149,0
LF:18
LH:9
BRDA:60,0,0,5
BRDA:60,0,1,0
BRDA:71,1,0,5
BRDA:71,1,1,0
BRDA:95,2,0,2
BRDA:95,2,1,3
BRDA:96,3,0,5
BRDA:96,3,1,0
BRDA:107,4,0,5
BRDA:107,4,1,0
BRDA:117,5,0,2
BRDA:117,5,1,3
BRDA:118,6,0,5
BRDA:118,6,1,0
BRDA:130,7,0,5
BRDA:130,7,1,0
BRDA:142,8,0,2
BRDA:142,8,1,3
BRDA:143,9,0,5
BRDA:143,9,1,0
BRDA:152,10,0,5
BRDA:152,10,1,0
BRDA:164,11,0,2
BRDA:164,11,1,3
BRF:24
BRH:16
end_of_record
TN:
SF:/home/eric/Desktop/CMPT276/CMPT276/public/src/pages/Login.js
FN:11,Login
FN:14,(anonymous_1)
FN:21,(anonymous_2)
FN:31,(anonymous_3)
FNF:4
FNH:1
FNDA:1,Login
FNDA:0,(anonymous_1)
FNDA:0,(anonymous_2)
FNDA:0,(anonymous_3)
DA:12,1
DA:14,1
DA:16,0
DA:20,0
DA:22,0
DA:24,0
DA:26,0
DA:27,0
DA:29,0
DA:32,0
DA:33,0
DA:39,1
LF:12
LH:3
BRDA:55,0,0,1
BRDA:55,0,1,0
BRDA:67,1,0,1
BRDA:67,1,1,0
BRDA:81,2,0,1
BRDA:81,2,1,0
BRDA:92,3,0,1
BRDA:92,3,1,0
BRF:8
BRH:4
end_of_record
TN:
SF:/home/eric/Desktop/CMPT276/CMPT276/public/src/pages/OngoingOrder.js
FN:15,(anonymous_0)
FN:21,(anonymous_1)
FN:26,(anonymous_2)
FN:31,(anonymous_3)
FN:36,(anonymous_4)
FN:50,(anonymous_5)
FN:56,(anonymous_6)
FNF:7
FNH:1
FNDA:0,(anonymous_0)
FNDA:0,(anonymous_1)
FNDA:0,(anonymous_2)
FNDA:1,(anonymous_3)
FNDA:0,(anonymous_4)
FNDA:0,(anonymous_5)
FNDA:0,(anonymous_6)
DA:10,1
DA:11,1
DA:17,0
DA:18,0
DA:20,0
DA:22,0
DA:27,0
DA:32,1
DA:37,0
DA:51,0
DA:57,0
LF:11
LH:3
BRDA:35,0,0,0
BRDA:35,0,1,1
BRF:2
BRH:1
end_of_record
TN:
SF:/home/eric/Desktop/CMPT276/CMPT276/public/src/pages/PreviousOrder.js
FN:16,(anonymous_0)
FN:22,(anonymous_1)
FN:26,(anonymous_2)
FN:31,(anonymous_3)
FN:37,(anonymous_4)
FN:51,(anonymous_5)
FN:56,(anonymous_6)
FNF:7
FNH:1
FNDA:0,(anonymous_0)
FNDA:0,(anonymous_1)
FNDA:0,(anonymous_2)
FNDA:1,(anonymous_3)
FNDA:0,(anonymous_4)
FNDA:0,(anonymous_5)
FNDA:0,(anonymous_6)
DA:11,1
DA:12,1
DA:18,0
DA:19,0
DA:20,0
DA:22,0
DA:23,0
DA:27,0
DA:32,1
DA:38,0
DA:51,0
DA:57,0
LF:12
LH:3
BRDA:36,0,0,0
BRDA:36,0,1,1
BRF:2
BRH:1
end_of_record
TN:
SF:/home/eric/Desktop/CMPT276/CMPT276/public/src/pages/SignUp.js
FN:10,SignUp
FN:15,(anonymous_1)
FN:26,(anonymous_2)
FN:30,(anonymous_3)
FN:34,(anonymous_4)
FN:41,(anonymous_5)
FN:50,(anonymous_6)
FN:147,(anonymous_7)
FNF:8
FNH:1
FNDA:1,SignUp
FNDA:0,(anonymous_1)
FNDA:0,(anonymous_2)
FNDA:0,(anonymous_3)
FNDA:0,(anonymous_4)
FNDA:0,(anonymous_5)
FNDA:0,(anonymous_6)
FNDA:0,(anonymous_7)
DA:11,1
DA:13,1
DA:15,1
DA:16,0
DA:20,0
DA:27,0
DA:28,0
DA:30,0
DA:34,1
DA:35,0
DA:37,0
DA:42,0
DA:44,0
DA:46,0
DA:47,0
DA:48,0
DA:51,0
DA:52,0
DA:56,1
DA:147,0
LF:20
LH:5
BRDA:64,0,0,1
BRDA:64,0,1,0
BRDA:76,1,0,1
BRDA:76,1,1,0
BRDA:92,2,0,1
BRDA:92,2,1,0
BRDA:104,3,0,1
BRDA:104,3,1,0
BRDA:117,4,0,1
BRDA:117,4,1,0
BRDA:129,5,0,1
BRDA:129,5,1,0
BRDA:141,6,0,1
BRDA:141,6,1,0
BRDA:150,7,0,1
BRDA:150,7,1,0
BRDA:171,8,0,0
BRDA:171,8,1,1
BRDA:172,9,0,1
BRDA:172,9,1,0
BRDA:183,10,0,1
BRDA:183,10,1,0
BRDA:193,11,0,0
BRDA:193,11,1,1
BRF:24
BRH:12
end_of_record
TN:
SF:/home/eric/Desktop/CMPT276/CMPT276/public/src/service/service.js
FN:3,getNotifications
FN:7,createNotification
FN:11,getAllUsers
FN:15,login
FN:19,getOngoing
FN:23,getPrevious
FN:27,register1
FN:31,register2
FN:36,forgotpw
FN:40,forgotpw2
FNF:10
FNH:9
FNDA:8,getNotifications
FNDA:0,createNotification
FNDA:1,getAllUsers
FNDA:1,login
FNDA:1,getOngoing
FNDA:1,getPrevious
FNDA:1,register1
FNDA:1,register2
FNDA:2,forgotpw
FNDA:1,forgotpw2
DA:4,8
DA:8,0
DA:12,1
DA:16,1
DA:20,1
DA:24,1
DA:28,1
DA:32,1
DA:37,2
DA:41,1
LF:10
LH:9
BRF:0
BRH:0
end_of_record
TN:
SF:/home/eric/Desktop/CMPT276/CMPT276/public/src/store/index.js
FNF:0
FNH:0
LF:0
LH:0
BRF:0
BRH:0
end_of_record
