TN:
SF:C:\Users\HASEE\Desktop\z-1111\CMPT276\public\src\Layout.js
FN:5,(anonymous_0)
FNF:1
FNH:1
FNDA:8,(anonymous_0)
DA:5,7
DA:6,8
DA:7,8
LF:3
LH:3
BRF:0
BRH:0
end_of_record
TN:
SF:C:\Users\HASEE\Desktop\z-1111\CMPT276\public\src\Router.js
FN:12,(anonymous_0)
FNF:1
FNH:1
FNDA:1,(anonymous_0)
DA:12,1
DA:13,1
LF:2
LH:2
BRF:0
BRH:0
end_of_record
TN:
SF:C:\Users\HASEE\Desktop\z-1111\CMPT276\public\src\components\Checkout.js
FN:6,(anonymous_0)
FN:10,updateAddress
FN:13,updateSelected
FN:16,updateLatLng
FN:28,(anonymous_4)
FNF:5
FNH:1
FNDA:2,(anonymous_0)
FNDA:0,updateAddress
FNDA:0,updateSelected
FNDA:0,updateLatLng
FNDA:0,(anonymous_4)
DA:6,3
DA:7,2
DA:8,2
DA:9,2
DA:11,0
DA:14,0
DA:17,0
DA:19,2
DA:29,0
LF:9
LH:5
BRDA:51,0,0,0
BRDA:51,0,1,2
BRF:2
BRH:1
end_of_record
TN:
SF:C:\Users\HASEE\Desktop\z-1111\CMPT276\public\src\components\Driver.js
FN:11,(anonymous_0)
FN:26,(anonymous_1)
FN:28,(anonymous_2)
FN:39,(anonymous_3)
FN:44,(anonymous_4)
FN:49,(anonymous_5)
FN:54,(anonymous_6)
FN:59,(anonymous_7)
FN:60,(anonymous_8)
FN:69,(anonymous_9)
FN:74,(anonymous_10)
FNF:11
FNH:4
FNDA:1,(anonymous_0)
FNDA:1,(anonymous_1)
FNDA:0,(anonymous_2)
FNDA:0,(anonymous_3)
FNDA:0,(anonymous_4)
FNDA:0,(anonymous_5)
FNDA:0,(anonymous_6)
FNDA:1,(anonymous_7)
FNDA:0,(anonymous_8)
FNDA:1,(anonymous_9)
FNDA:0,(anonymous_10)
DA:12,1
DA:13,1
DA:24,1
DA:26,1
DA:27,1
DA:28,0
DA:29,0
DA:33,0
DA:39,1
DA:40,0
DA:44,1
DA:45,0
DA:49,1
DA:50,0
DA:54,1
DA:55,0
DA:60,1
DA:61,0
DA:64,0
DA:65,0
DA:70,1
DA:75,0
LF:22
LH:11
BRDA:27,0,0,0
BRDA:27,0,1,1
BRF:2
BRH:1
end_of_record
TN:
SF:C:\Users\HASEE\Desktop\z-1111\CMPT276\public\src\components\GoogleMaps.js
FN:7,(anonymous_0)
FN:16,(anonymous_1)
FN:21,(anonymous_2)
FN:38,(anonymous_3)
FN:50,(anonymous_4)
FN:64,(anonymous_5)
FN:67,(anonymous_6)
FN:72,(anonymous_7)
FNF:8
FNH:0
FNDA:0,(anonymous_0)
FNDA:0,(anonymous_1)
FNDA:0,(anonymous_2)
FNDA:0,(anonymous_3)
FNDA:0,(anonymous_4)
FNDA:0,(anonymous_5)
FNDA:0,(anonymous_6)
FNDA:0,(anonymous_7)
DA:8,0
DA:9,0
DA:17,0
DA:23,0
DA:24,0
DA:26,0
DA:27,0
DA:31,0
DA:32,0
DA:33,0
DA:38,0
DA:39,0
DA:40,0
DA:41,0
DA:42,0
DA:45,0
DA:46,0
DA:51,0
DA:52,0
DA:56,0
DA:65,0
DA:67,0
DA:73,0
DA:81,3
LF:24
LH:1
BRDA:23,0,0,0
BRDA:23,0,1,0
BRDA:26,1,0,0
BRDA:26,1,1,0
BRDA:31,2,0,0
BRDA:31,2,1,0
BRDA:51,3,0,0
BRDA:51,3,1,0
BRDA:75,4,0,0
BRDA:75,4,1,0
BRDA:76,5,0,0
BRDA:76,5,1,0
BRF:12
BRH:0
end_of_record
TN:
SF:C:\Users\HASEE\Desktop\z-1111\CMPT276\public\src\components\Header.js
FN:7,(anonymous_0)
FN:9,(anonymous_1)
FN:14,(anonymous_2)
FNF:3
FNH:2
FNDA:10,(anonymous_0)
FNDA:2,(anonymous_1)
FNDA:0,(anonymous_2)
DA:7,8
DA:9,10
DA:10,2
DA:15,0
DA:16,0
DA:18,0
DA:19,0
DA:21,0
DA:22,0
DA:24,0
DA:25,0
DA:31,10
LF:12
LH:4
BRDA:15,0,0,0
BRDA:15,0,1,0
BRDA:18,1,0,0
BRDA:18,1,1,0
BRDA:21,2,0,0
BRDA:21,2,1,0
BRDA:24,3,0,0
BRDA:24,3,1,0
BRDA:38,4,0,2
BRDA:38,4,1,8
BRDA:39,5,0,1
BRDA:39,5,1,9
BRF:12
BRH:4
end_of_record
TN:
SF:C:\Users\HASEE\Desktop\z-1111\CMPT276\public\src\components\LocationSearchInput.js
FN:5,(anonymous_0)
FN:12,(anonymous_1)
FN:16,(anonymous_2)
FN:19,(anonymous_3)
FN:24,(anonymous_4)
FN:29,(anonymous_5)
FN:30,(anonymous_6)
FN:31,(anonymous_7)
FN:34,(anonymous_8)
FN:41,(anonymous_9)
FN:56,(anonymous_10)
FNF:11
FNH:3
FNDA:2,(anonymous_0)
FNDA:0,(anonymous_1)
FNDA:0,(anonymous_2)
FNDA:0,(anonymous_3)
FNDA:0,(anonymous_4)
FNDA:0,(anonymous_5)
FNDA:0,(anonymous_6)
FNDA:0,(anonymous_7)
FNDA:2,(anonymous_8)
FNDA:2,(anonymous_9)
FNDA:0,(anonymous_10)
DA:6,2
DA:7,2
DA:12,2
DA:13,0
DA:14,0
DA:16,2
DA:17,0
DA:19,2
DA:20,0
DA:21,0
DA:24,2
DA:25,0
DA:26,0
DA:27,0
DA:28,0
DA:29,0
DA:30,0
DA:31,0
DA:35,2
DA:42,2
DA:57,0
DA:61,0
DA:64,0
LF:23
LH:8
BRDA:55,0,0,2
BRDA:55,0,1,0
BRDA:57,1,0,0
BRDA:57,1,1,0
BRDA:61,2,0,0
BRDA:61,2,1,0
BRF:6
BRH:1
end_of_record
TN:
SF:C:\Users\HASEE\Desktop\z-1111\CMPT276\public\src\components\OrderCard.js
FN:29,(anonymous_0)
FN:44,(anonymous_1)
FN:50,(anonymous_2)
FN:66,(anonymous_3)
FN:72,(anonymous_4)
FN:93,(anonymous_5)
FN:95,(anonymous_6)
FN:99,(anonymous_7)
FN:104,(anonymous_8)
FN:110,(anonymous_9)
FN:111,(anonymous_10)
FN:114,(anonymous_11)
FN:117,(anonymous_12)
FN:139,(anonymous_13)
FNF:14
FNH:4
FNDA:1,(anonymous_0)
FNDA:0,(anonymous_1)
FNDA:0,(anonymous_2)
FNDA:0,(anonymous_3)
FNDA:0,(anonymous_4)
FNDA:0,(anonymous_5)
FNDA:0,(anonymous_6)
FNDA:0,(anonymous_7)
FNDA:0,(anonymous_8)
FNDA:1,(anonymous_9)
FNDA:4,(anonymous_10)
FNDA:0,(anonymous_11)
FNDA:1,(anonymous_12)
FNDA:0,(anonymous_13)
DA:30,1
DA:32,1
DA:33,1
DA:34,1
DA:35,1
DA:37,1
DA:45,0
DA:46,0
DA:51,0
DA:52,0
DA:58,0
DA:67,0
DA:68,0
DA:73,0
DA:74,0
DA:80,0
DA:87,0
DA:88,0
DA:93,1
DA:94,0
DA:99,1
DA:100,0
DA:101,0
DA:102,0
DA:104,1
DA:105,0
DA:108,0
DA:111,4
DA:113,1
DA:114,0
DA:118,1
DA:140,0
DA:141,0
DA:142,0
LF:34
LH:12
BRDA:45,0,0,0
BRDA:45,0,1,0
BRDA:51,1,0,0
BRDA:51,1,1,0
BRDA:67,2,0,0
BRDA:67,2,1,0
BRDA:73,3,0,0
BRDA:73,3,1,0
BRDA:87,4,0,0
BRDA:87,4,1,0
BRDA:111,5,0,4
BRDA:111,5,1,0
BRDA:114,6,0,0
BRDA:114,6,1,0
BRDA:135,7,0,1
BRDA:135,7,1,0
BRDA:136,8,0,1
BRDA:136,8,1,0
BRDA:143,9,0,0
BRDA:143,9,1,1
BRDA:143,10,0,0
BRDA:143,10,1,1
BRF:22
BRH:5
end_of_record
TN:
SF:C:\Users\HASEE\Desktop\z-1111\CMPT276\public\src\components\PopupPanel.js
FN:9,(anonymous_0)
FN:13,(anonymous_1)
FN:27,(anonymous_2)
FN:34,(anonymous_3)
FNF:4
FNH:2
FNDA:0,(anonymous_0)
FNDA:2,(anonymous_1)
FNDA:0,(anonymous_2)
FNDA:12,(anonymous_3)
DA:6,10
DA:13,10
DA:14,2
DA:16,2
DA:18,2
DA:19,2
DA:27,10
DA:28,0
DA:31,0
DA:35,12
DA:51,10
DA:52,10
DA:55,10
LF:13
LH:11
BRDA:36,0,0,2
BRDA:36,0,1,10
BRF:2
BRH:2
end_of_record
TN:
SF:C:\Users\HASEE\Desktop\z-1111\CMPT276\public\src\components\Product.js
FN:44,(anonymous_0)
FN:48,(anonymous_1)
FN:52,(anonymous_2)
FNF:3
FNH:1
FNDA:0,(anonymous_0)
FNDA:0,(anonymous_1)
FNDA:1,(anonymous_2)
DA:44,1
DA:45,0
DA:53,1
DA:54,1
DA:55,1
DA:57,1
LF:6
LH:5
BRF:0
BRH:0
end_of_record
TN:
SF:C:\Users\HASEE\Desktop\z-1111\CMPT276\public\src\components\ProductDetail.js
FN:4,ProductDetail
FNF:1
FNH:1
FNDA:1,ProductDetail
DA:5,1
DA:7,1
LF:2
LH:2
BRDA:17,0,0,0
BRDA:17,0,1,1
BRF:2
BRH:1
end_of_record
TN:
SF:C:\Users\HASEE\Desktop\z-1111\CMPT276\public\src\components\Products.js
FN:13,(anonymous_0)
FN:27,(anonymous_1)
FN:48,(anonymous_2)
FN:53,(anonymous_3)
FN:59,(anonymous_4)
FN:71,(anonymous_5)
FN:77,(anonymous_6)
FN:82,(anonymous_7)
FN:91,(anonymous_8)
FN:95,(anonymous_9)
FN:112,(anonymous_10)
FNF:11
FNH:4
FNDA:1,(anonymous_0)
FNDA:1,(anonymous_1)
FNDA:1,(anonymous_2)
FNDA:0,(anonymous_3)
FNDA:0,(anonymous_4)
FNDA:0,(anonymous_5)
FNDA:0,(anonymous_6)
FNDA:0,(anonymous_7)
FNDA:0,(anonymous_8)
FNDA:2,(anonymous_9)
FNDA:0,(anonymous_10)
DA:14,1
DA:15,1
DA:28,1
DA:29,1
DA:30,1
DA:31,0
DA:35,0
DA:37,0
DA:38,0
DA:41,0
DA:49,1
DA:53,1
DA:55,0
DA:56,0
DA:57,0
DA:59,0
DA:60,0
DA:61,0
DA:64,0
DA:71,1
DA:72,0
DA:73,0
DA:74,0
DA:78,0
DA:82,1
DA:83,0
DA:84,0
DA:85,0
DA:87,0
DA:91,1
DA:92,0
DA:96,2
DA:101,2
DA:113,0
DA:114,0
LF:35
LH:12
BRDA:83,0,0,0
BRDA:83,0,1,0
BRDA:104,1,0,2
BRDA:104,1,1,0
BRDA:108,2,0,2
BRDA:108,2,1,0
BRDA:111,3,0,1
BRDA:111,3,1,1
BRDA:111,4,0,2
BRDA:111,4,1,2
BRDA:113,5,0,0
BRDA:113,5,1,0
BRDA:130,6,0,2
BRDA:130,6,1,0
BRDA:130,6,2,0
BRF:15
BRH:7
end_of_record
TN:
SF:C:\Users\HASEE\Desktop\z-1111\CMPT276\public\src\components\StripeCheckoutButton.js
FN:6,(anonymous_0)
FN:10,(anonymous_1)
FNF:2
FNH:1
FNDA:3,(anonymous_0)
FNDA:0,(anonymous_1)
DA:4,4
DA:6,4
DA:7,3
DA:8,3
DA:10,3
DA:11,0
DA:20,0
DA:21,0
DA:26,3
LF:9
LH:6
BRDA:20,0,0,0
BRDA:20,0,1,0
BRF:2
BRH:0
end_of_record
TN:
SF:C:\Users\HASEE\Desktop\z-1111\CMPT276\public\src\components\ToolBox.js
FN:10,(anonymous_0)
FN:18,(anonymous_1)
FNF:2
FNH:2
FNDA:1,(anonymous_0)
FNDA:4,(anonymous_1)
DA:5,2
DA:10,2
DA:11,1
DA:12,1
DA:15,1
DA:19,4
LF:6
LH:6
BRF:0
BRH:0
end_of_record
TN:
SF:C:\Users\HASEE\Desktop\z-1111\CMPT276\public\src\components\UserProfile.js
FN:5,UserProfile
FN:7,(anonymous_1)
FN:52,(anonymous_2)
FN:62,(anonymous_3)
FN:67,(anonymous_4)
FNF:5
FNH:5
FNDA:8,UserProfile
FNDA:2,(anonymous_1)
FNDA:1,(anonymous_2)
FNDA:1,(anonymous_3)
FNDA:1,(anonymous_4)
DA:7,8
DA:8,2
DA:10,2
DA:13,8
DA:52,1
DA:62,1
DA:67,1
LF:7
LH:7
BRDA:38,0,0,2
BRDA:38,0,1,6
BRDA:39,1,0,3
BRDA:39,1,1,3
BRDA:49,2,0,2
BRDA:49,2,1,6
BRDA:65,3,0,6
BRDA:65,3,1,1
BRF:8
BRH:8
end_of_record
TN:
SF:C:\Users\HASEE\Desktop\z-1111\CMPT276\public\src\globalFunc\auth.js
FN:4,(anonymous_0)
FN:9,(anonymous_1)
FN:14,(anonymous_2)
FN:26,(anonymous_3)
FN:36,(anonymous_4)
FN:47,(anonymous_5)
FNF:6
FNH:6
FNDA:3,(anonymous_0)
FNDA:11,(anonymous_1)
FNDA:1,(anonymous_2)
FNDA:10,(anonymous_3)
FNDA:10,(anonymous_4)
FNDA:3,(anonymous_5)
DA:4,10
DA:5,3
DA:9,10
DA:10,11
DA:14,10
DA:15,1
DA:16,1
DA:17,1
DA:18,0
DA:19,1
DA:21,0
DA:26,10
DA:27,10
DA:28,10
DA:29,10
DA:30,1
DA:32,10
DA:36,10
DA:37,10
DA:38,1
DA:39,1
DA:40,1
DA:42,9
DA:47,10
DA:48,3
LF:25
LH:23
BRDA:17,0,0,0
BRDA:17,0,1,1
BRDA:29,1,0,1
BRDA:29,1,1,9
BRDA:30,2,0,1
BRDA:30,2,1,0
BRDA:37,3,0,1
BRDA:37,3,1,9
BRF:8
BRH:6
end_of_record
TN:
SF:C:\Users\HASEE\Desktop\z-1111\CMPT276\public\src\pages\AllUsers.js
FN:11,(anonymous_0)
FN:12,(anonymous_1)
FN:19,(anonymous_2)
FN:26,(anonymous_3)
FN:32,(anonymous_4)
FNF:5
FNH:2
FNDA:0,(anonymous_0)
FNDA:0,(anonymous_1)
FNDA:1,(anonymous_2)
FNDA:4,(anonymous_3)
FNDA:0,(anonymous_4)
DA:6,1
DA:7,1
DA:12,0
DA:13,0
DA:20,1
DA:27,4
DA:33,0
LF:7
LH:4
BRDA:38,0,0,0
BRDA:38,0,1,0
BRDA:40,1,0,0
BRDA:40,1,1,0
BRF:4
BRH:0
end_of_record
TN:
SF:C:\Users\HASEE\Desktop\z-1111\CMPT276\public\src\pages\App.js
FN:8,(anonymous_0)
FN:11,(anonymous_1)
FNF:2
FNH:2
FNDA:1,(anonymous_0)
FNDA:1,(anonymous_1)
DA:8,1
DA:9,1
DA:11,1
DA:12,1
DA:13,1
DA:14,0
DA:15,0
DA:17,0
DA:21,1
LF:9
LH:6
BRDA:12,0,0,1
BRDA:12,0,1,0
BRDA:14,1,0,0
BRDA:14,1,1,0
BRF:4
BRH:1
end_of_record
TN:
SF:C:\Users\HASEE\Desktop\z-1111\CMPT276\public\src\pages\ForgotPw.js
FN:8,ForgotPw
FN:12,(anonymous_1)
FN:18,(anonymous_2)
FN:22,(anonymous_3)
FN:29,(anonymous_4)
FN:38,(anonymous_5)
FN:42,(anonymous_6)
FN:149,(anonymous_7)
FNF:8
FNH:3
FNDA:5,ForgotPw
FNDA:1,(anonymous_1)
FNDA:1,(anonymous_2)
FNDA:0,(anonymous_3)
FNDA:0,(anonymous_4)
FNDA:0,(anonymous_5)
FNDA:0,(anonymous_6)
FNDA:0,(anonymous_7)
DA:9,5
DA:10,5
DA:12,5
DA:13,1
DA:17,1
DA:19,1
DA:20,1
DA:23,0
DA:24,0
DA:29,5
DA:30,0
DA:33,0
DA:39,0
DA:40,0
DA:43,0
DA:44,0
DA:48,5
DA:149,0
LF:18
LH:9
BRDA:60,0,0,5
BRDA:60,0,1,0
BRDA:71,1,0,5
BRDA:71,1,1,0
BRDA:95,2,0,2
BRDA:95,2,1,3
BRDA:96,3,0,5
BRDA:96,3,1,0
BRDA:107,4,0,5
BRDA:107,4,1,0
BRDA:117,5,0,2
BRDA:117,5,1,3
BRDA:118,6,0,5
BRDA:118,6,1,0
BRDA:130,7,0,5
BRDA:130,7,1,0
BRDA:142,8,0,2
BRDA:142,8,1,3
BRDA:143,9,0,5
BRDA:143,9,1,0
BRDA:152,10,0,5
BRDA:152,10,1,0
BRDA:164,11,0,2
BRDA:164,11,1,3
BRF:24
BRH:16
end_of_record
TN:
SF:C:\Users\HASEE\Desktop\z-1111\CMPT276\public\src\pages\Login.js
FN:10,Login
FN:13,(anonymous_1)
FN:20,(anonymous_2)
FN:28,(anonymous_3)
FNF:4
FNH:1
FNDA:2,Login
FNDA:0,(anonymous_1)
FNDA:0,(anonymous_2)
FNDA:0,(anonymous_3)
DA:11,2
DA:13,2
DA:15,0
DA:19,0
DA:21,0
DA:23,0
DA:25,0
DA:26,0
DA:29,0
DA:30,0
DA:36,2
LF:11
LH:3
BRDA:52,0,0,2
BRDA:52,0,1,0
BRDA:64,1,0,2
BRDA:64,1,1,0
BRDA:78,2,0,2
BRDA:78,2,1,0
BRDA:89,3,0,2
BRDA:89,3,1,0
BRF:8
BRH:4
end_of_record
TN:
SF:C:\Users\HASEE\Desktop\z-1111\CMPT276\public\src\pages\OngoingOrder.js
FN:15,(anonymous_0)
FN:21,(anonymous_1)
FN:26,(anonymous_2)
FN:31,(anonymous_3)
FN:36,(anonymous_4)
FN:50,(anonymous_5)
FN:56,(anonymous_6)
FNF:7
FNH:1
FNDA:0,(anonymous_0)
FNDA:0,(anonymous_1)
FNDA:0,(anonymous_2)
FNDA:1,(anonymous_3)
FNDA:0,(anonymous_4)
FNDA:0,(anonymous_5)
FNDA:0,(anonymous_6)
DA:10,1
DA:11,1
DA:17,0
DA:18,0
DA:20,0
DA:22,0
DA:27,0
DA:32,1
DA:37,0
DA:51,0
DA:57,0
LF:11
LH:3
BRDA:35,0,0,0
BRDA:35,0,1,1
BRF:2
BRH:1
end_of_record
TN:
SF:C:\Users\HASEE\Desktop\z-1111\CMPT276\public\src\pages\PreviousOrder.js
FN:16,(anonymous_0)
FN:22,(anonymous_1)
FN:26,(anonymous_2)
FN:31,(anonymous_3)
FN:37,(anonymous_4)
FN:51,(anonymous_5)
FN:56,(anonymous_6)
FNF:7
FNH:1
FNDA:0,(anonymous_0)
FNDA:0,(anonymous_1)
FNDA:0,(anonymous_2)
FNDA:1,(anonymous_3)
FNDA:0,(anonymous_4)
FNDA:0,(anonymous_5)
FNDA:0,(anonymous_6)
DA:11,1
DA:12,1
DA:18,0
DA:19,0
DA:20,0
DA:22,0
DA:23,0
DA:27,0
DA:32,1
DA:38,0
DA:51,0
DA:57,0
LF:12
LH:3
BRDA:36,0,0,0
BRDA:36,0,1,1
BRF:2
BRH:1
end_of_record
TN:
SF:C:\Users\HASEE\Desktop\z-1111\CMPT276\public\src\pages\SignUp.js
FN:9,SignUp
FN:14,(anonymous_1)
FN:25,(anonymous_2)
FN:29,(anonymous_3)
FN:33,(anonymous_4)
FN:40,(anonymous_5)
FN:48,(anonymous_6)
FN:145,(anonymous_7)
FNF:8
FNH:1
FNDA:1,SignUp
FNDA:0,(anonymous_1)
FNDA:0,(anonymous_2)
FNDA:0,(anonymous_3)
FNDA:0,(anonymous_4)
FNDA:0,(anonymous_5)
FNDA:0,(anonymous_6)
FNDA:0,(anonymous_7)
DA:10,1
DA:12,1
DA:14,1
DA:15,0
DA:19,0
DA:26,0
DA:27,0
DA:29,0
DA:33,1
DA:34,0
DA:36,0
DA:41,0
DA:43,0
DA:45,0
DA:46,0
DA:49,0
DA:50,0
DA:54,1
DA:145,0
LF:19
LH:5
BRDA:62,0,0,1
BRDA:62,0,1,0
BRDA:74,1,0,1
BRDA:74,1,1,0
BRDA:90,2,0,1
BRDA:90,2,1,0
BRDA:102,3,0,1
BRDA:102,3,1,0
BRDA:115,4,0,1
BRDA:115,4,1,0
BRDA:127,5,0,1
BRDA:127,5,1,0
BRDA:139,6,0,1
BRDA:139,6,1,0
BRDA:148,7,0,1
BRDA:148,7,1,0
BRDA:169,8,0,0
BRDA:169,8,1,1
BRDA:170,9,0,1
BRDA:170,9,1,0
BRDA:181,10,0,1
BRDA:181,10,1,0
BRDA:191,11,0,0
BRDA:191,11,1,1
BRF:24
BRH:12
end_of_record
TN:
SF:C:\Users\HASEE\Desktop\z-1111\CMPT276\public\src\pages\ThankYou.js
FN:5,(anonymous_0)
FNF:1
FNH:0
FNDA:0,(anonymous_0)
DA:5,1
DA:6,0
LF:2
LH:1
BRF:0
BRH:0
end_of_record
TN:
SF:C:\Users\HASEE\Desktop\z-1111\CMPT276\public\src\service\service.js
FN:3,getAllUsers
FN:7,login
FN:11,getOngoing
FN:15,getPrevious
FN:19,register
FN:23,register2
FN:28,forgotpw
FN:32,forgotpw2
FNF:8
FNH:8
FNDA:1,getAllUsers
FNDA:1,login
FNDA:1,getOngoing
FNDA:1,getPrevious
FNDA:1,register
FNDA:1,register2
FNDA:2,forgotpw
FNDA:1,forgotpw2
DA:4,1
DA:8,1
DA:12,1
DA:16,1
DA:20,1
DA:24,1
DA:29,2
DA:33,1
LF:8
LH:8
BRF:0
BRH:0
end_of_record
TN:
SF:C:\Users\HASEE\Desktop\z-1111\CMPT276\public\src\store\index.js
FNF:0
FNH:0
LF:0
LH:0
BRF:0
BRH:0
end_of_record
